#
# This is a logfile produced by the HiPERCAM pipeline command 'reduce'. It consists
# of one line per reduced CCD per exposure. Each line contains all the information
# from all apertures defined for the CCD. The column names are defined just before
# the data below. The logfile was produced using version number:
#
#  1.1.6
#
# of the HiPERCAM reduction software, and was generated using the following
# command-line inputs to 'reduce':
#
# source = hl
# run    = run0008
# first  = 1
# last   = 0
# twait  = 0.0
# tmax   = 10.0
# trim   = True
# ncol   = 0
# nrow   = 0
# rfile  = run0008_010
# log    = run0008
# tkeep  = 0.0
# lplot  = True
# implot = True
# ccd    = 0
# nx     = 2
# msub   = True
# iset   = p
# plo    = 1.0
# phi    = 98.0
# xlo    = 1350.0
# xhi    = 1950.0
# ylo    = 600.0
# yhi    = 850.0
#
# and here is a minimal version of the reduce file used ['rfile' above] with
# all between-line comments removed for compactness:
#
#
#   [general]
#   version = 20210602 # must be compatible with the version in reduce
#   instrument = hipercam-gtc # instrument
#   scale = 0.081 # pixel scale, arcsec/pixel
#   ldevice = 1/xs # PGPLOT plot device for light curve plots
#   lwidth = 0.0 # light curve plot width, inches, 0 to let program choose
#   lheight = 0.0 # light curve plot height, inches
#   idevice = 2/xs # PGPLOT plot device for image plots [if implot True]
#   iwidth = 0.0 # image curve plot width, inches, 0 to let program choose
#   iheight = 0.0 # image curve plot height, inches
#   toffset = 0 # integer offset to subtract from the MJD
#   skipbadt = yes
#   warn = 1 50000 64000
#   warn = 2 50000 64000
#   warn = 3 50000 64000
#   warn = 4 50000 64000
#   warn = 5 50000 64000
#   ncpu = 1
#   ngroup = 1
#
#   [apertures]
#   aperfile = run0008_010.ape # file of software apertures for each CCD
#   location = variable # aperture locations: 'fixed' or 'variable'
#   search_half_width = 21.0 # for initial search for objects around previous position, unbinned pixels
#   search_smooth_fwhm = 8.6 # smoothing FWHM, binned pixels
#   search_smooth_fft = no # use FFTs for smoothing, 'yes' or 'no'.
#   fit_method = moffat # gaussian or moffat
#   fit_beta = 5.0 # Moffat exponent
#   fit_beta_max = 20.0 # max Moffat expt
#   fit_fwhm = 8.6 # FWHM, unbinned pixels
#   fit_fwhm_min = 1.5 # Minimum FWHM, unbinned pixels [MUST be < fit_fwhm!]
#   fit_fwhm_max = 63.0 # Maximum FWHM, unbinned pixels
#   fit_ndiv = 0 # sub-pixellation factor
#   fit_fwhm_fixed = no # Might want to set = 'yes' for defocussed images
#   fit_half_width = 42.0 # for fit, unbinned pixels
#   fit_thresh = 8.00 # RMS rejection threshold for fits
#   fit_height_min_ref = 40.0 # minimum height to accept a fit, reference aperture
#   fit_height_min_nrf = 10.0 # minimum height to accept a fit, non-reference aperture
#   fit_max_shift = 5.2 # max. non-ref. shift, unbinned pixels.
#   fit_alpha = 0.10 # Fraction of non-reference aperture shift to apply
#   fit_diff = 3.50 # Maximum differential shift of multiple reference apertures, unbinned
#
#   [extraction]
#   1 = variable normal 1.80 3.0 37.8 2.5 37.8 37.8 3.0 56.7 56.7
#   2 = variable normal 1.80 3.0 37.8 2.5 37.8 37.8 3.0 56.7 56.7
#   3 = variable normal 1.80 3.0 37.8 2.5 37.8 37.8 3.0 56.7 56.7
#   4 = variable normal 1.80 3.0 37.8 2.5 37.8 37.8 3.0 56.7 56.7
#   5 = variable normal 1.80 3.0 37.8 2.5 37.8 37.8 3.0 56.7 56.7
#
#   [psf_photom]
#   gfac = 3.0  # multiple of the FWHM to use in grouping objects
#   fit_half_width = 15.0  # size of window used to collect the data to do the fitting
#   positions = fixed   # 'fixed' or 'variable'
#
#   [sky]
#   method = clipped # 'clipped' | 'median'
#   error  = variance # 'variance' | 'photon': first uses actual variance of sky
#   thresh = 3.0 # threshold in terms of RMS for 'clipped'
#
#   [calibration]
#   crop = yes # Crop calibrations to match the data
#   bias = masterBiasFlats.hcm # Bias frame, blank to ignore
#   flat = masterFlat.hcm # Flat field frame, blank to ignore
#   dark =  # Dark frame, blank to ignore
#   fmap = hipercam_fmap_2018_05_19.hcm # Fringe map frame, blank to ignore
#   fpair = hipercam_fpair_2018_04_15.frng # File of fringe pairs, ignored if fmap blank
#   nhalf = 3 # Half-size of region used for fringe ratios, binned pix, ignored if fmap blank=""
#   rmin = -1.0 # Mininum acceptable individual fmap ratio, ignored if fmap blank
#   rmax = 2.0 # Maximum acceptable individual fmap ratio, ignored if fmap blank
#   readout = 4.2 # RMS ADU. Float or string name of a file or "!" to estimate on the fly
#   gain = 1.1 # Gain, electrons/ADU. Float or string name of a file
#
#   [position]
#   height = 0.5 # height relative to light curve plot
#   x_fixed = no # keep X-position vertical range fixed
#   x_min = -5.0 # lower limit for X-position
#   x_max = 5.0 # upper limit for X-position
#   y_fixed = no # keep Y-position vertical range fixed
#   y_min = -5.0 # lower limit for Y-position
#   y_max = 5.0 # upper limit for Y-position
#   extend_y = 0.2 # Vertical extension fraction if limits exceeded
#   plot = 2 2 darkred ! # ccd, targ, dcol, ecol
#
#   [focal_mask]
#   demask = no
#   dthresh = 3.0
#
#   [monitor]
#   1 = NO_EXTRACTION TARGET_SATURATED TARGET_AT_EDGE TARGET_NONLINEAR NO_SKY NO_FWHM NO_DATA SKY_AT_EDGE
#   2 = NO_EXTRACTION TARGET_SATURATED TARGET_AT_EDGE TARGET_NONLINEAR NO_SKY NO_FWHM NO_DATA SKY_AT_EDGE
#
# Next here is the aperture file used in JSON-style format that (without
# the initial comment hashes) is readable by setaper and reduce:
#
#   [
#     "hipercam.MccdAper",
#     [
#       "1",
#       [
#         "hipercam.CcdAper",
#         [
#           "1",
#           {
#             "Comment": "hipercam.Aperture",
#             "x": 1450.8535182157832,
#             "y": 740.7616096177763,
#             "rtarg": 60.0,
#             "rsky1": 85.0,
#             "rsky2": 110.0,
#             "ref": false,
#             "mask": [
#               [
#                 -77.96412968910272,
#                 -203.63078669053243,
#                 41.314149270292845
#               ]
#             ],
#             "extra": [],
#             "link": ""
#           }
#         ],
#         [
#           "2",
#           {
#             "Comment": "hipercam.Aperture",
#             "x": 1855.9604316979287,
#             "y": 672.694386196066,
#             "rtarg": 32,
#             "rsky1": 45.0,
#             "rsky2": 58.0,
#             "ref": false,
#             "mask": [],
#             "extra": [],
#             "link": ""
#           }
#         ]
#       ]
#     ],
#     [
#       "2",
#       [
#         "hipercam.CcdAper",
#         [
#           "1",
#           {
#             "Comment": "hipercam.Aperture",
#             "x": 1445.687489865558,
#             "y": 749.4609039519029,
#             "rtarg": 70.0,
#             "rsky1": 95.0,
#             "rsky2": 120.0,
#             "ref": false,
#             "mask": [
#               [
#                 -77.96412968910272,
#                 -203.63078669053243,
#                 41.314149270292845
#               ]
#             ],
#             "extra": [],
#             "link": ""
#           }
#         ],
#         [
#           "2",
#           {
#             "Comment": "hipercam.Aperture",
#             "x": 1850.5263342044775,
#             "y": 679.1610014348007,
#             "rtarg": 32,
#             "rsky1": 45.0,
#             "rsky2": 58.0,
#             "ref": false,
#             "mask": [],
#             "extra": [],
#             "link": ""
#           }
#         ]
#       ]
#     ],
#     [
#       "3",
#       [
#         "hipercam.CcdAper",
#         [
#           "1",
#           {
#             "Comment": "hipercam.Aperture",
#             "x": 1437.2241306146482,
#             "y": 748.8545359694242,
#             "rtarg": 70.0,
#             "rsky1": 95.0,
#             "rsky2": 120.0,
#             "ref": false,
#             "mask": [
#               [
#                 -77.96412968910272,
#                 -203.63078669053243,
#                 41.314149270292845
#               ]
#             ],
#             "extra": [],
#             "link": ""
#           }
#         ],
#         [
#           "2",
#           {
#             "Comment": "hipercam.Aperture",
#             "x": 1842.3396351517615,
#             "y": 680.742213231047,
#             "rtarg": 32,
#             "rsky1": 45.0,
#             "rsky2": 58.0,
#             "ref": false,
#             "mask": [],
#             "extra": [],
#             "link": ""
#           }
#         ]
#       ]
#     ],
#     [
#       "4",
#       [
#         "hipercam.CcdAper",
#         [
#           "1",
#           {
#             "Comment": "hipercam.Aperture",
#             "x": 1436.728770012948,
#             "y": 742.3087628542327,
#             "rtarg": 70.0,
#             "rsky1": 95.0,
#             "rsky2": 120.0,
#             "ref": false,
#             "mask": [
#               [
#                 -77.96412968910272,
#                 -203.63078669053243,
#                 41.314149270292845
#               ]
#             ],
#             "extra": [],
#             "link": ""
#           }
#         ],
#         [
#           "2",
#           {
#             "Comment": "hipercam.Aperture",
#             "x": 1841.9326220605592,
#             "y": 674.0334534680986,
#             "rtarg": 32,
#             "rsky1": 45.0,
#             "rsky2": 58.0,
#             "ref": false,
#             "mask": [],
#             "extra": [],
#             "link": ""
#           }
#         ]
#       ]
#     ],
#     [
#       "5",
#       [
#         "hipercam.CcdAper",
#         [
#           "1",
#           {
#             "Comment": "hipercam.Aperture",
#             "x": 1432.1291612879088,
#             "y": 748.867173467352,
#             "rtarg": 70.0,
#             "rsky1": 95.0,
#             "rsky2": 120.0,
#             "ref": false,
#             "mask": [
#               [
#                 -77.96412968910272,
#                 -203.63078669053243,
#                 41.314149270292845
#               ]
#             ],
#             "extra": [],
#             "link": ""
#           }
#         ],
#         [
#           "2",
#           {
#             "Comment": "hipercam.Aperture",
#             "x": 1836.0160001234874,
#             "y": 680.1971064307717,
#             "rtarg": 32,
#             "rsky1": 45.0,
#             "rsky2": 58.0,
#             "ref": false,
#             "mask": [],
#             "extra": [],
#             "link": ""
#           }
#         ]
#       ]
#     ]
#   ]
#
# Now follow column name definitions for each CCD. These include all apertures
# of the CCD. Since there are 15 items stored per aperture and each column name
# is built from the item name followed by an underscore and finally the aperture
# name, thus these definition can be very long and won't be very readable. Each
# line starts with the '<CCD label> = '. The various items have the following
# meanings. First the generic ones at the start of the line:
#
#    CCD    : CCD label
#    nframe : integer frame number
#    MJD    : MJD at the centre of the exposure
#    MJDok  : flag to say whether the MJD is thought reliable
#    Exptim : exposure time, seconds
#    mfwhm  : the mean FWHM used to determine the aperture scale (-1 if none)
#    mbeta  : the mean Moffat beta exponent (-1 if none)
#
# Then a set of 16 items that is repeated for each aperture and will
# have '_<apnam>' added to them. The 'errors' are RMS uncertainties, and
# may often be set to -1 if no direct measurement is made. This can happen
# through problems that occur or because an aperture is linked for instance.
#
#    x       : X-position
#    xe      : X-position error
#    y       : Y-position
#    ye      : Y-position error
#    fwhm    : FWHM
#    fwhme   : FWHM error
#    beta    : Moffat exponent
#    betae   : Moffat exponent error
#    counts   : sky-subtracted counts in aperture
#    countse  : error in       "          "
#    sky     : sky level, counts per pixel
#    skye    : sky level error, counts per pixel
#    nsky    : number of contributing sky pixels (those not rejected)
#    nrej    : number of sky pixels rejected
#    cmax    : maximum raw counts in aperture
#    flag    : status flag, 0 = all OK.
#
# Start of column name definitions:
#
# 1 = CCD nframe MJD MJDok Exptim mfwhm mbeta x_1 xe_1 y_1 ye_1 fwhm_1 fwhme_1 beta_1 betae_1 counts_1 countse_1 sky_1 skye_1 nsky_1 nrej_1 cmax_1 flag_1 x_2 xe_2 y_2 ye_2 fwhm_2 fwhme_2 beta_2 betae_2 counts_2 countse_2 sky_2 skye_2 nsky_2 nrej_2 cmax_2 flag_2 
# 2 = CCD nframe MJD MJDok Exptim mfwhm mbeta x_1 xe_1 y_1 ye_1 fwhm_1 fwhme_1 beta_1 betae_1 counts_1 countse_1 sky_1 skye_1 nsky_1 nrej_1 cmax_1 flag_1 x_2 xe_2 y_2 ye_2 fwhm_2 fwhme_2 beta_2 betae_2 counts_2 countse_2 sky_2 skye_2 nsky_2 nrej_2 cmax_2 flag_2 
# 3 = CCD nframe MJD MJDok Exptim mfwhm mbeta x_1 xe_1 y_1 ye_1 fwhm_1 fwhme_1 beta_1 betae_1 counts_1 countse_1 sky_1 skye_1 nsky_1 nrej_1 cmax_1 flag_1 x_2 xe_2 y_2 ye_2 fwhm_2 fwhme_2 beta_2 betae_2 counts_2 countse_2 sky_2 skye_2 nsky_2 nrej_2 cmax_2 flag_2 
# 4 = CCD nframe MJD MJDok Exptim mfwhm mbeta x_1 xe_1 y_1 ye_1 fwhm_1 fwhme_1 beta_1 betae_1 counts_1 countse_1 sky_1 skye_1 nsky_1 nrej_1 cmax_1 flag_1 x_2 xe_2 y_2 ye_2 fwhm_2 fwhme_2 beta_2 betae_2 counts_2 countse_2 sky_2 skye_2 nsky_2 nrej_2 cmax_2 flag_2 
# 5 = CCD nframe MJD MJDok Exptim mfwhm mbeta x_1 xe_1 y_1 ye_1 fwhm_1 fwhme_1 beta_1 betae_1 counts_1 countse_1 sky_1 skye_1 nsky_1 nrej_1 cmax_1 flag_1 x_2 xe_2 y_2 ye_2 fwhm_2 fwhme_2 beta_2 betae_2 counts_2 countse_2 sky_2 skye_2 nsky_2 nrej_2 cmax_2 flag_2 
#
# End of column name definitions
#
# Now follow a similar series of datatypes which are designed to be used to
# build a numpy.dtype for each CCD to allow them to read into numpy structured
# arrays.
#
# Start of data type definitions:
#
# 1 = s i4 f8 ? f4 f4 f4 f4 f4 f4 f4 f4 f4 f4 f4 f4 f4 f4 f4 i4 i4 i4 u4 f4 f4 f4 f4 f4 f4 f4 f4 f4 f4 f4 f4 i4 i4 i4 u4 
# 2 = s i4 f8 ? f4 f4 f4 f4 f4 f4 f4 f4 f4 f4 f4 f4 f4 f4 f4 i4 i4 i4 u4 f4 f4 f4 f4 f4 f4 f4 f4 f4 f4 f4 f4 i4 i4 i4 u4 
# 3 = s i4 f8 ? f4 f4 f4 f4 f4 f4 f4 f4 f4 f4 f4 f4 f4 f4 f4 i4 i4 i4 u4 f4 f4 f4 f4 f4 f4 f4 f4 f4 f4 f4 f4 i4 i4 i4 u4 
# 4 = s i4 f8 ? f4 f4 f4 f4 f4 f4 f4 f4 f4 f4 f4 f4 f4 f4 f4 i4 i4 i4 u4 f4 f4 f4 f4 f4 f4 f4 f4 f4 f4 f4 f4 i4 i4 i4 u4 
# 5 = s i4 f8 ? f4 f4 f4 f4 f4 f4 f4 f4 f4 f4 f4 f4 f4 f4 f4 i4 i4 i4 u4 f4 f4 f4 f4 f4 f4 f4 f4 f4 f4 f4 f4 i4 i4 i4 u4 
#
# End of data type definitions
#
#
1 1 59463.86039809212525 1 2e-05 nan nan 1450.8535 nan 740.7616 nan nan nan nan nan nan nan nan nan 0 0 0 1 1855.9604 nan 672.6944 nan nan nan nan nan nan nan nan nan 0 0 0 1 
#
2 1 59463.86039809212525 1 2e-05 14.10 18.90 1445.3923 0.1442 749.1928 0.1426 14.098 0.406 18.902 23.052 7213.3 227.3 -1.10 0.05 5598 0 1381 0 1850.5263 nan 679.1610 nan nan nan nan nan 145.4 214.8 -1.14 0.05 5590 0 1358 0 
#
3 1 59463.86039809212525 1 2e-05 12.06 9.86 1436.6790 0.1042 748.7179 0.1043 12.062 0.294 9.856 4.854 8800.9 207.0 -0.33 0.06 5585 0 1188 0 1842.3396 nan 680.7422 nan nan nan nan nan 292.9 192.9 -0.52 0.06 5593 0 1135 0 
#
4 1 59463.86039809212525 1 2e-05 11.12 11.28 1436.6324 0.0946 741.8947 0.0943 11.116 0.268 11.282 6.164 7650.4 181.4 -1.14 0.05 5604 0 1035 0 1841.9326 nan 674.0335 nan nan nan nan nan 32.7 161.9 -1.34 0.05 5597 0 983 0 
#
5 1 59463.86039809212525 1 2e-05 11.41 nan 1432.1879 0.1249 748.5726 0.1255 11.411 0.206 20.000 -1.000 6082.2 191.8 -1.69 0.06 5600 0 1485 0 1836.0160 nan 680.1971 nan nan nan nan nan -86.1 173.4 -1.78 0.06 5583 0 1450 0 
#
1 2 59463.86041478611151 1 2.868992 12.13 3.06 1450.7069 0.0179 740.8025 0.0175 12.129 0.051 3.065 0.052 166285.0 429.9 0.75 0.06 5598 0 1696 0 1856.0502 0.1604 673.0090 0.1576 11.874 0.466 2.864 0.635 5860.6 192.0 0.14 0.05 5596 0 965 0 
#
2 2 59463.86041478611151 1 2.868992 12.88 3.74 1445.5553 0.0122 749.6481 0.0117 12.848 0.032 3.722 0.040 2089384.9 1398.3 18.99 0.09 5577 0 10217 0 1850.2863 0.0352 679.2439 0.0340 13.141 0.100 4.455 0.250 62220.7 333.2 11.48 0.07 5596 0 1639 0 
#
3 2 59463.86041478611151 1 2.868992 11.12 3.54 1437.0956 0.0095 748.9477 0.0093 11.096 0.025 3.529 0.029 2428128.0 1526.0 28.81 0.10 5579 0 14324 0 1841.9341 0.0327 680.9213 0.0323 11.397 0.093 4.433 0.257 58262.9 337.1 20.26 0.08 5594 0 1468 0 
#
4 2 59463.86041478611151 1 2.868992 10.19 3.42 1436.6212 0.0090 742.4015 0.0088 10.162 0.023 3.408 0.027 2210157.7 1423.1 34.80 0.10 5589 0 15869 0 1841.5570 0.0334 674.0709 0.0327 10.675 0.094 4.422 0.281 47854.6 302.5 29.49 0.08 5595 0 1327 0 
#
5 2 59463.86041478611151 1 2.868992 10.26 3.70 1431.9933 0.0094 748.9695 0.0092 10.244 0.025 3.691 0.036 1790497.0 1345.5 67.89 0.12 5584 0 12519 0 1835.7033 0.0466 680.3358 0.0456 10.737 0.131 4.750 0.502 35036.0 350.4 61.02 0.11 5594 0 1740 0 
#
1 3 59463.86044808294537 1 2.868992 11.65 3.37 1449.2287 0.0164 741.8873 0.0159 11.658 0.046 3.372 0.057 167238.2 426.8 0.64 0.06 5603 0 1807 0 1854.8010 0.1316 674.1759 0.1300 11.379 0.381 3.274 0.683 6126.9 186.8 0.02 0.05 5605 0 961 0 
#
2 3 59463.86044808294537 1 2.868992 13.04 4.56 1444.0069 0.0113 750.7111 0.0108 12.973 0.029 4.542 0.054 2122953.8 1407.6 17.77 0.09 5592 0 10271 0 1848.9535 0.0355 680.3515 0.0339 13.850 0.099 7.701 0.739 63443.1 333.5 11.35 0.07 5597 0 1629 0 
#
3 3 59463.86044808294537 1 2.868992 11.17 4.15 1435.5548 0.0097 750.0199 0.0097 11.117 0.025 4.142 0.041 2467026.2 1536.8 27.57 0.10 5591 0 14543 0 1840.7352 0.0321 681.9562 0.0315 11.886 0.090 8.426 0.923 59621.4 338.8 20.32 0.08 5594 0 1467 0 
#
4 3 59463.86044808294537 1 2.868992 10.25 3.96 1435.0763 0.0096 743.4731 0.0096 10.199 0.025 3.948 0.039 2243957.9 1433.7 34.31 0.10 5586 0 16193 0 1840.3482 0.0327 675.1621 0.0319 10.923 0.091 6.740 0.650 48141.5 305.9 29.56 0.08 5605 0 1318 0 
#
5 3 59463.86044808294537 1 2.868992 10.56 4.45 1430.4485 0.0110 750.0354 0.0110 10.409 0.029 4.453 0.063 1819661.9 1357.1 66.69 0.12 5595 0 12637 0 1834.4871 0.0461 681.3127 0.0453 11.563 0.074 20.000 -1.000 35380.2 356.4 60.86 0.11 5590 0 1745 0 
#
1 4 59463.86048137977923 1 2.868992 11.99 2.44 1449.7110 0.0184 743.6656 0.0183 11.989 0.055 2.440 0.036 162480.3 425.0 0.79 0.06 5582 0 1638 0 1855.5289 0.1614 675.9146 0.1597 12.357 0.465 3.389 0.875 5826.2 192.4 -0.07 0.05 5593 0 960 0 
#
2 4 59463.86048137977923 1 2.868992 12.65 2.95 1444.5757 0.0112 752.4396 0.0110 12.607 0.031 2.943 0.024 2055594.8 1390.9 19.99 0.10 5589 0 10046 0 1849.4970 0.0377 681.9858 0.0365 13.213 0.109 3.392 0.158 61468.9 326.7 11.45 0.07 5598 0 1637 0 
#
3 4 59463.86048137977923 1 2.868992 10.84 2.83 1436.1217 0.0097 751.6928 0.0099 10.807 0.026 2.822 0.020 2374984.2 1511.6 30.08 0.11 5593 0 14066 0 1841.3045 0.0342 683.5792 0.0341 11.277 0.099 3.337 0.153 57175.8 332.1 20.16 0.08 5589 0 1450 0 
#
4 4 59463.86048137977923 1 2.868992 9.96 2.77 1435.6521 0.0093 745.1195 0.0095 9.917 0.025 2.761 0.019 2159737.7 1406.7 35.87 0.10 5585 0 15218 0 1840.9007 0.0345 676.7723 0.0342 10.582 0.099 3.404 0.172 46947.3 296.4 29.59 0.08 5602 0 1351 0 
#
5 4 59463.86048137977923 1 2.868992 9.89 2.89 1431.0418 0.0097 751.6532 0.0100 9.865 0.026 2.884 0.023 1750094.3 1328.8 67.43 0.13 5597 0 12395 0 1835.0788 0.0470 682.8854 0.0465 10.593 0.133 4.095 0.378 34150.2 333.4 60.51 0.11 5590 0 1723 0 
#
1 5 59463.86051467662037 1 2.868992 13.78 2.57 1449.8037 0.0212 741.8025 0.0208 13.778 0.064 2.572 0.046 162092.1 439.9 0.94 0.06 5600 0 1504 0 1855.7402 0.2052 673.8459 0.2035 13.568 0.602 2.865 0.796 5549.2 221.1 0.00 0.05 5599 0 949 0 
#
2 5 59463.86051467662037 1 2.868992 13.93 2.92 1444.6323 0.0101 750.6268 0.0097 13.898 0.029 2.909 0.021 2041399.7 1405.6 21.68 0.10 5565 0 8457 0 1849.7052 0.0428 680.2212 0.0413 14.528 0.126 3.346 0.175 60410.8 347.0 11.42 0.07 5581 0 1573 0 
#
3 5 59463.86051467662037 1 2.868992 12.02 2.81 1436.1782 0.0077 749.9565 0.0076 12.004 0.021 2.803 0.015 2361745.1 1521.5 31.91 0.12 5589 0 11750 0 1841.5395 0.0378 681.8450 0.0372 12.328 0.110 3.250 0.157 57461.6 353.4 20.25 0.08 5598 0 1402 0 
#
4 5 59463.86051467662037 1 2.868992 10.99 2.75 1435.6874 0.0077 743.4216 0.0076 10.974 0.021 2.749 0.015 2147824.9 1413.1 37.28 0.11 5579 0 12912 0 1841.1138 0.0396 675.0693 0.0387 11.517 0.113 3.327 0.183 45238.8 313.3 29.69 0.08 5591 0 1264 0 
#
5 5 59463.86051467662037 1 2.868992 10.89 2.86 1431.0916 0.0087 749.9774 0.0086 10.879 0.024 2.862 0.020 1739965.8 1337.7 68.51 0.13 5593 0 10689 0 1835.3436 0.0543 681.1715 0.0533 11.403 0.155 3.511 0.308 34536.2 364.8 60.22 0.11 5591 0 1695 0 
#
1 6 59463.86054797345423 1 2.868992 16.64 2.05 1449.4509 0.0295 741.4010 0.0286 16.636 0.098 2.049 0.049 158956.5 469.6 1.52 0.06 5595 0 1319 0 1855.7402 nan 673.8459 nan nan nan nan nan 6033.5 275.7 -0.08 0.05 5578 0 942 0 
#
2 6 59463.86054797345423 1 2.868992 17.03 2.56 1444.3188 0.0169 750.2648 0.0159 16.998 0.053 2.551 0.032 2003025.6 1505.9 27.98 0.14 5572 0 6091 0 1849.3424 0.0582 679.8221 0.0557 17.381 0.180 2.741 0.177 60177.1 403.2 11.47 0.07 5593 0 1516 0 
#
3 6 59463.86054797345423 1 2.868992 14.93 2.52 1435.8746 0.0146 749.6026 0.0137 14.916 0.044 2.514 0.025 2322616.2 1588.5 37.77 0.15 5587 0 7938 0 1841.1428 0.0561 681.3647 0.0541 15.211 0.170 2.662 0.162 56095.7 414.5 20.33 0.08 5597 0 1321 0 
#
4 6 59463.86054797345423 1 2.868992 13.86 2.56 1435.3847 0.0148 743.0779 0.0139 13.820 0.043 2.549 0.026 2119927.9 1454.0 42.05 0.13 5602 0 8646 0 1840.8927 0.0593 674.7681 0.0570 14.545 0.175 2.956 0.213 45285.8 381.0 29.62 0.08 5593 0 1165 0 
#
5 6 59463.86054797345423 1 2.868992 13.75 2.73 1430.7943 0.0165 749.6252 0.0154 13.727 0.047 2.730 0.035 1718880.4 1380.8 71.92 0.14 5593 0 7480 0 1834.8821 0.0828 680.9149 0.0806 14.335 0.241 3.230 0.377 34279.2 449.9 60.42 0.11 5580 0 1633 0 
#
1 7 59463.86058127028809 1 2.868992 11.54 1.42 1449.1655 0.0249 741.0504 0.0247 11.540 0.085 1.423 0.021 140777.4 399.5 1.36 0.06 5594 0 1527 0 1854.8815 0.2044 673.5247 0.2032 11.681 0.648 1.571 0.291 5278.2 184.3 -0.08 0.06 5592 0 950 0 
#
2 7 59463.86058127028809 1 2.868992 13.02 1.85 1444.1384 0.0165 749.6860 0.0163 12.974 0.052 1.841 0.017 1877114.7 1383.0 27.54 0.14 5561 0 8231 0 1849.1909 0.0473 679.6460 0.0464 13.446 0.150 1.937 0.077 55870.3 328.0 11.54 0.07 5599 0 1593 0 
#
3 7 59463.86058127028809 1 2.868992 10.96 1.78 1435.6713 0.0146 749.0188 0.0148 10.947 0.045 1.780 0.014 2136697.0 1463.2 37.44 0.15 5566 0 11947 0 1840.9832 0.0428 681.2681 0.0428 11.061 0.133 1.860 0.067 50996.8 322.4 20.16 0.08 5590 0 1414 0 
#
4 7 59463.86058127028809 1 2.868992 10.01 1.79 1435.1923 0.0136 742.4661 0.0138 9.980 0.041 1.787 0.013 1938373.4 1348.0 41.65 0.13 5544 0 13372 0 1840.5136 0.0427 674.4800 0.0427 10.314 0.132 1.828 0.068 41981.6 289.8 29.44 0.08 5601 0 1274 0 
#
5 7 59463.86058127028809 1 2.868992 10.12 1.91 1430.5958 0.0134 749.0024 0.0137 10.111 0.040 1.908 0.015 1593653.0 1281.0 71.69 0.14 5593 0 10744 0 1834.5912 0.0589 680.6840 0.0590 10.322 0.177 2.015 0.122 31401.0 337.7 60.39 0.11 5589 0 1694 0 
#
1 8 59463.86061456712196 1 2.868992 10.02 3.20 1449.2262 0.0148 741.3110 0.0141 10.018 0.040 3.202 0.048 166451.1 416.3 0.29 0.06 5595 0 2086 0 1854.8393 0.1103 673.3306 0.1080 9.854 0.315 3.085 0.540 6047.9 159.8 -0.24 0.05 5592 0 970 0 
#
2 8 59463.86061456712196 1 2.868992 11.42 4.24 1444.1182 0.0123 750.0592 0.0116 11.327 0.031 4.219 0.052 2114502.3 1394.9 16.63 0.08 5587 0 12922 0 1849.1926 0.0306 679.7656 0.0292 12.151 0.084 7.590 0.657 63173.6 309.5 11.15 0.07 5593 0 1708 0 
#
3 8 59463.86061456712196 1 2.868992 9.68 3.91 1435.6591 0.0085 749.3926 0.0084 9.642 0.021 3.894 0.034 2455779.5 1524.8 26.62 0.10 5574 0 18454 0 1840.9519 0.0267 681.2895 0.0262 10.151 0.074 6.234 0.449 59100.0 311.2 19.94 0.08 5589 0 1557 0 
#
4 8 59463.86061456712196 1 2.868992 8.75 3.55 1435.1810 0.0083 742.8593 0.0082 8.707 0.021 3.543 0.029 2230723.7 1421.7 32.96 0.10 5592 0 20958 0 1840.6317 0.0276 674.5364 0.0268 9.316 0.076 5.018 0.322 48350.3 279.9 29.26 0.08 5598 0 1439 0 
#
5 8 59463.86061456712196 1 2.868992 8.97 3.86 1430.5886 0.0098 749.4130 0.0098 8.925 0.025 3.861 0.044 1804070.1 1339.2 64.19 0.12 5599 0 16468 0 1834.7312 0.0381 680.7080 0.0375 9.817 0.106 8.863 1.587 36037.4 310.8 59.86 0.11 5588 0 1813 0 
#
1 9 59463.86064786395582 1 2.868992 10.15 2.97 1449.3581 0.0161 740.9808 0.0155 10.150 0.044 2.965 0.045 166074.3 415.7 0.38 0.06 5594 0 1991 0 1855.0160 0.1223 673.1235 0.1198 10.302 0.345 3.311 0.676 5843.5 160.5 -0.22 0.05 5587 0 969 0 
#
2 9 59463.86064786395582 1 2.868992 11.79 4.09 1444.2519 0.0144 749.7591 0.0135 11.681 0.036 4.065 0.056 2107008.9 1393.7 16.86 0.08 5588 0 11575 0 1849.1081 0.0319 679.5013 0.0305 12.451 0.088 6.737 0.531 62588.5 315.0 11.06 0.07 5596 0 1665 0 
#
3 9 59463.86064786395582 1 2.868992 9.96 3.70 1435.7580 0.0110 749.0957 0.0108 9.895 0.028 3.682 0.038 2441896.7 1522.7 27.27 0.10 5593 0 16832 0 1840.8770 0.0276 681.1264 0.0274 10.423 0.077 5.555 0.361 59425.3 316.3 19.99 0.08 5599 0 1516 0 
#
4 9 59463.86064786395582 1 2.868992 9.04 3.43 1435.2819 0.0099 742.5570 0.0096 8.975 0.024 3.415 0.031 2219690.8 1418.9 33.20 0.10 5568 0 18817 0 1840.4052 0.0283 674.3324 0.0277 9.759 0.078 5.910 0.458 47424.3 280.0 29.24 0.08 5594 0 1388 0 
#
5 9 59463.86064786395582 1 2.868992 9.28 3.73 1430.6776 0.0106 749.1119 0.0105 9.241 0.027 3.726 0.043 1799046.2 1339.8 65.37 0.12 5598 0 14105 0 1834.5934 0.0402 680.5550 0.0398 10.002 0.112 6.312 0.820 35262.8 319.7 60.42 0.11 5611 0 1763 0 
#
1 10 59463.86068116078968 1 2.868992 14.04 3.12 1450.8621 0.0213 740.7584 0.0207 14.054 0.062 3.127 0.064 167561.6 446.0 0.67 0.05 5600 0 1526 0 1855.9753 0.1872 672.7277 0.1857 13.129 0.558 2.538 0.585 5955.2 224.8 -0.04 0.05 5587 0 957 0 
#
2 10 59463.86068116078968 1 2.868992 14.46 3.67 1445.7263 0.0118 749.5199 0.0113 14.440 0.032 3.654 0.037 2092593.8 1418.2 19.60 0.10 5579 0 8165 0 1850.4958 0.0410 679.1688 0.0397 14.765 0.118 4.522 0.294 62130.0 354.9 11.10 0.07 5576 0 1579 0 
#
3 10 59463.86068116078968 1 2.868992 12.50 3.44 1437.2496 0.0095 748.8583 0.0093 12.487 0.026 3.434 0.027 2419450.6 1537.8 30.13 0.11 5587 0 11136 0 1842.2882 0.0368 680.8009 0.0366 12.735 0.106 4.679 0.312 57902.2 361.4 20.13 0.08 5597 0 1415 0 
#
4 10 59463.86068116078968 1 2.868992 11.44 3.35 1436.7532 0.0090 742.3077 0.0088 11.416 0.024 3.341 0.025 2200044.8 1430.3 35.78 0.11 5576 0 12597 0 1841.8758 0.0377 674.0318 0.0372 11.843 0.108 4.442 0.308 47693.4 328.1 29.18 0.08 5593 0 1259 0 
#
5 10 59463.86068116078968 1 2.868992 11.46 3.66 1432.1350 0.0092 748.8701 0.0090 11.444 0.025 3.661 0.034 1778084.5 1352.9 67.28 0.12 5595 0 10283 0 1835.9346 0.0521 680.2204 0.0513 11.874 0.146 6.234 0.932 35378.4 384.1 60.32 0.11 5593 0 1710 0 
#
1 11 59463.86071445762354 1 2.868992 12.98 3.19 1451.2196 0.0191 740.6089 0.0186 12.976 0.055 3.190 0.060 167239.4 437.1 0.70 0.06 5595 0 1627 0 1857.0818 0.1739 672.7088 0.1721 13.154 0.491 5.302 2.231 5714.1 207.6 -0.02 0.05 5594 0 955 0 
#
2 11 59463.86071445762354 1 2.868992 13.68 3.77 1445.9966 0.0110 749.3675 0.0105 13.628 0.029 3.756 0.036 2098461.8 1408.8 18.82 0.09 5588 0 9179 0 1850.9927 0.0382 679.0208 0.0367 14.331 0.109 4.839 0.313 63160.6 341.1 11.11 0.06 5586 0 1596 0 
#
3 11 59463.86071445762354 1 2.868992 11.70 3.47 1437.5305 0.0084 748.7179 0.0082 11.678 0.022 3.462 0.025 2428139.0 1530.0 29.27 0.10 5569 0 13064 0 1842.8521 0.0348 680.7412 0.0340 12.068 0.099 4.042 0.221 58825.7 342.7 19.89 0.08 5590 0 1442 0 
#
4 11 59463.86071445762354 1 2.868992 10.71 3.37 1437.0297 0.0080 742.1746 0.0078 10.678 0.021 3.363 0.023 2208181.8 1426.9 35.09 0.10 5580 0 14617 0 1842.3135 0.0368 673.9364 0.0357 11.392 0.103 4.935 0.376 46862.1 310.8 29.34 0.08 5600 0 1296 0 
#
5 11 59463.86071445762354 1 2.868992 10.79 3.65 1432.4079 0.0085 748.7489 0.0084 10.767 0.023 3.649 0.031 1788354.9 1350.5 67.15 0.13 5593 0 11501 0 1836.4530 0.0505 680.0649 0.0497 11.794 0.142 6.071 0.855 35177.2 359.3 60.67 0.11 5594 0 1695 0 
#
1 12 59463.86074775446468 1 2.868992 12.75 2.91 1451.4240 0.0191 740.5780 0.0188 12.762 0.056 2.918 0.051 165394.2 434.8 0.71 0.06 5598 0 1621 0 1856.9004 0.1690 672.9793 0.1671 12.109 0.500 2.340 0.458 6019.3 206.8 0.02 0.06 5597 0 957 0 
#
2 12 59463.86074775446468 1 2.868992 13.80 3.74 1446.1919 0.0108 749.3220 0.0106 13.744 0.029 3.726 0.036 2091001.1 1409.2 19.28 0.09 5587 0 9059 0 1851.2487 0.0388 679.0610 0.0376 14.600 0.110 6.008 0.485 62195.4 348.4 11.01 0.07 5603 0 1600 0 
#
3 12 59463.86074775446468 1 2.868992 11.82 3.52 1437.7181 0.0090 748.6624 0.0090 11.797 0.024 3.510 0.027 2417248.0 1531.5 29.63 0.11 5572 0 12260 0 1842.9710 0.0355 680.6680 0.0355 12.270 0.102 4.564 0.289 66499.3 357.2 20.15 0.08 5601 0 4913 0 
#
4 12 59463.86074775446468 1 2.868992 10.82 3.38 1437.2242 0.0082 742.1197 0.0082 10.770 0.021 3.377 0.024 2201720.6 1425.1 35.22 0.10 5588 0 13700 0 1842.5459 0.0367 673.8240 0.0359 11.861 0.103 6.106 0.570 47249.6 313.3 29.17 0.08 5586 0 1265 0 
#
5 12 59463.86074775446468 1 2.868992 10.94 3.76 1432.6030 0.0086 748.6900 0.0087 10.904 0.023 3.759 0.034 1784234.0 1349.0 66.19 0.12 5573 0 11130 0 1836.7052 0.0519 680.0707 0.0513 12.216 0.146 10.432 2.625 34876.7 367.7 60.32 0.11 5587 0 1692 0 
#
1 13 59463.86078105129855 1 2.868992 10.01 2.91 1450.1296 0.0167 739.8698 0.0160 9.997 0.045 2.904 0.044 164894.4 413.8 0.44 0.06 5596 0 2015 0 1855.5468 0.1178 671.9451 0.1144 10.439 0.333 3.693 0.803 6090.8 160.7 -0.11 0.05 5601 0 971 0 
#
2 13 59463.86078105129855 1 2.868992 11.48 3.88 1444.9621 0.0150 748.6617 0.0140 11.354 0.038 3.849 0.052 2101663.7 1390.7 17.04 0.08 5594 0 12432 0 1849.8675 0.0331 678.3563 0.0312 12.202 0.091 5.679 0.388 62665.9 312.1 10.88 0.07 5603 0 1697 0 
#
3 13 59463.86078105129855 1 2.868992 9.76 3.69 1436.4884 0.0110 748.0062 0.0107 9.694 0.027 3.666 0.038 2438043.7 1520.2 27.20 0.10 5578 0 17460 0 1841.6707 0.0281 679.9757 0.0273 10.314 0.078 5.675 0.383 58687.2 309.7 19.92 0.08 5593 0 1526 0 
#
4 13 59463.86078105129855 1 2.868992 8.82 3.43 1436.0034 0.0105 741.4804 0.0102 8.747 0.026 3.418 0.033 2217125.8 1416.7 33.58 0.10 5593 0 20225 0 1841.2275 0.0297 673.2601 0.0285 9.549 0.082 5.124 0.356 47492.8 279.3 29.17 0.08 5592 0 1404 0 
#
5 13 59463.86078105129855 1 2.868992 9.07 3.80 1431.3846 0.0107 748.0294 0.0104 9.003 0.027 3.797 0.046 1795637.8 1336.1 65.96 0.12 5603 0 15618 0 1835.3407 0.0396 679.4847 0.0384 10.101 0.109 9.349 1.793 35617.1 313.3 60.26 0.11 5589 0 1786 0 
#
1 14 59463.86081434813241 1 2.868992 10.10 3.17 1450.4668 0.0152 740.8699 0.0148 10.099 0.041 3.164 0.048 166736.3 415.3 0.34 0.05 5592 0 2013 0 1855.8831 0.1110 673.0900 0.1095 10.151 0.315 4.106 0.967 6045.2 161.2 -0.19 0.05 5597 0 973 0 
#
2 14 59463.86081434813241 1 2.868992 11.46 4.20 1445.3231 0.0123 749.6604 0.0118 11.357 0.031 4.175 0.051 2115077.2 1394.3 16.52 0.08 5576 0 12650 0 1850.3343 0.0314 679.4012 0.0301 12.309 0.087 7.044 0.576 62877.2 313.9 11.08 0.07 5594 0 1692 0 
#
3 14 59463.86081434813241 1 2.868992 9.77 3.91 1436.8275 0.0095 748.9880 0.0095 9.701 0.024 3.901 0.038 2453144.5 1524.4 26.79 0.10 5567 0 18105 0 1841.9704 0.0273 681.0507 0.0270 10.513 0.076 7.166 0.606 59390.0 312.9 20.08 0.08 5601 0 1521 0 
#
4 14 59463.86081434813241 1 2.868992 8.89 3.67 1436.3248 0.0092 742.4409 0.0093 8.813 0.023 3.661 0.034 2233876.1 1422.9 33.04 0.10 5587 0 20454 0 1841.5993 0.0287 674.2435 0.0279 9.753 0.079 6.208 0.510 48569.2 281.4 28.97 0.08 5590 0 1414 0 
#
5 14 59463.86081434813241 1 2.868992 9.11 4.09 1431.7065 0.0097 749.0047 0.0098 9.053 0.025 4.084 0.049 1807396.8 1341.8 66.14 0.12 5596 0 15835 0 1835.7152 0.0388 680.4215 0.0382 10.149 0.108 13.117 3.555 35350.2 312.8 60.48 0.11 5585 0 1770 0 
#
1 15 59463.86084764496627 1 2.868992 9.70 3.24 1450.4412 0.0176 741.0424 0.0162 9.711 0.046 3.243 0.057 166796.3 414.0 0.32 0.06 5598 0 2143 0 1855.7624 0.1055 673.4157 0.1022 9.457 0.297 3.361 0.624 6027.2 157.3 -0.20 0.05 5584 0 971 0 
#
2 15 59463.86084764496627 1 2.868992 11.24 4.47 1445.2979 0.0169 749.8245 0.0152 11.177 0.041 4.422 0.077 2118598.6 1393.8 16.28 0.08 5581 0 12668 0 1850.0705 0.0324 679.6613 0.0298 11.551 0.087 6.175 0.458 62671.5 307.7 10.98 0.07 5589 0 1700 0 
#
3 15 59463.86084764496627 1 2.868992 9.68 4.22 1436.8002 0.0120 749.1626 0.0111 9.641 0.029 4.188 0.054 2467065.2 1528.0 26.41 0.10 5594 0 18195 0 1841.7282 0.0281 681.2632 0.0264 9.917 0.076 5.711 0.390 59341.3 312.5 20.10 0.08 5589 0 1575 0 
#
4 15 59463.86084764496627 1 2.868992 8.84 3.89 1436.3192 0.0114 742.6146 0.0105 8.794 0.027 3.869 0.046 2247684.0 1425.8 32.65 0.10 5554 0 21142 0 1841.3213 0.0292 674.4741 0.0274 9.213 0.079 5.494 0.409 47980.1 279.7 28.89 0.08 5593 0 1436 0 
#
5 15 59463.86084764496627 1 2.868992 9.11 4.31 1431.7018 0.0117 749.1763 0.0108 9.069 0.029 4.298 0.063 1816024.4 1343.2 64.73 0.12 5591 0 15959 0 1835.4737 0.0384 680.6082 0.0365 9.650 0.105 8.508 1.462 35866.9 315.0 60.47 0.11 5598 0 1805 0 
#
1 16 59463.86088094180013 1 2.868992 9.90 3.08 1451.9411 0.0164 741.4406 0.0156 9.889 0.044 3.073 0.049 165998.1 414.8 0.34 0.06 5597 0 2106 0 1857.5527 0.1106 673.7271 0.1074 10.320 0.313 3.946 0.870 6015.5 159.0 -0.18 0.05 5593 0 971 0 
#
2 16 59463.86088094180013 1 2.868992 11.30 4.05 1446.7188 0.0143 750.2212 0.0135 11.154 0.036 4.024 0.055 2111338.9 1392.5 16.32 0.08 5584 0 13234 0 1851.7006 0.0321 680.0223 0.0305 12.216 0.088 7.080 0.596 62326.3 307.6 10.98 0.07 5590 0 1694 0 
#
3 16 59463.86088094180013 1 2.868992 9.53 3.66 1438.2429 0.0109 749.5481 0.0108 9.436 0.027 3.643 0.038 2451950.5 1522.6 26.45 0.10 5578 0 19442 0 1843.4882 0.0283 681.6706 0.0279 10.324 0.079 5.852 0.414 58820.5 308.7 19.73 0.08 5590 0 1564 0 
#
4 16 59463.86088094180013 1 2.868992 8.61 3.41 1437.7539 0.0097 743.0059 0.0096 8.531 0.024 3.401 0.031 2227383.1 1419.2 32.71 0.10 5574 0 21883 0 1843.0492 0.0289 674.8784 0.0281 9.444 0.080 5.297 0.376 47876.4 275.2 28.93 0.08 5588 0 1433 0 
#
5 16 59463.86088094180013 1 2.868992 8.81 3.72 1433.1114 0.0101 749.5586 0.0100 8.743 0.026 3.717 0.042 1799310.6 1335.2 65.48 0.12 5585 0 16449 0 1837.1507 0.0390 681.0470 0.0381 9.978 0.108 10.406 2.236 34909.5 308.3 60.46 0.11 5590 0 1780 0 
#
1 17 59463.86091423863400 1 2.868992 10.72 3.02 1450.4184 0.0164 741.5571 0.0159 10.719 0.045 3.017 0.046 166953.7 419.7 0.20 0.05 5597 0 1931 0 1855.5761 0.1229 673.6389 0.1224 10.737 0.347 4.502 1.260 5689.4 168.8 -0.23 0.05 5585 0 964 0 
#
2 17 59463.86091423863400 1 2.868992 11.67 3.77 1445.2176 0.0122 750.3312 0.0116 11.626 0.031 3.746 0.040 2103242.4 1392.9 16.72 0.08 5579 0 11918 0 1850.0067 0.0313 679.9600 0.0299 12.023 0.087 4.598 0.242 63263.8 316.0 10.80 0.07 5591 0 1695 0 
#
3 17 59463.86091423863400 1 2.868992 9.91 3.47 1436.7420 0.0087 749.6552 0.0086 9.887 0.022 3.452 0.026 2437582.9 1520.5 27.23 0.10 5574 0 17137 0 1841.8039 0.0271 681.6027 0.0268 10.151 0.076 4.508 0.232 58938.4 316.2 20.06 0.08 5595 0 1575 0 
#
4 17 59463.86091423863400 1 2.868992 8.96 3.25 1436.2553 0.0083 743.1075 0.0083 8.926 0.021 3.235 0.023 2210604.8 1415.9 33.24 0.10 5578 0 20338 0 1841.3904 0.0287 674.7985 0.0281 9.381 0.080 4.099 0.219 47107.3 280.0 28.98 0.08 5587 0 1400 0 
#
5 17 59463.86091423863400 1 2.868992 9.10 3.52 1431.6334 0.0084 749.6721 0.0083 9.078 0.022 3.519 0.031 1791222.6 1335.0 64.16 0.12 5590 0 15337 0 1835.5357 0.0391 680.9724 0.0385 9.660 0.109 5.847 0.692 35252.5 315.6 59.45 0.11 5607 0 1762 0 
#
1 18 59463.86094753547513 1 2.868992 10.50 3.63 1449.5183 0.0157 741.7045 0.0151 10.490 0.042 3.629 0.064 168628.4 420.6 0.16 0.06 5587 0 1976 0 1855.1085 0.1168 674.1204 0.1149 10.918 0.329 6.574 2.578 5972.6 166.6 -0.27 0.05 5595 0 969 0 
#
2 18 59463.86094753547513 1 2.868992 12.33 5.55 1444.3415 0.0145 750.4452 0.0138 12.204 0.037 5.540 0.106 2137079.3 1405.6 16.10 0.08 5589 0 11868 0 1849.2137 0.0331 680.2502 0.0316 13.139 0.091 14.736 2.654 63652.2 324.1 10.78 0.07 5588 0 1684 0 
#
3 18 59463.86094753547513 1 2.868992 10.66 5.35 1435.8290 0.0116 749.7465 0.0116 10.567 0.029 5.344 0.088 2487560.2 1538.1 26.63 0.10 5574 0 16776 0 1840.9519 0.0284 681.8071 0.0281 11.356 0.080 17.790 3.919 59887.1 329.5 19.94 0.08 5594 0 1517 0 
#
4 18 59463.86094753547513 1 2.868992 9.73 4.85 1435.3395 0.0119 743.2042 0.0118 9.616 0.030 4.847 0.078 2264267.2 1435.2 32.59 0.10 5581 0 19645 0 1840.5135 0.0310 675.0336 0.0300 10.651 0.086 19.307 5.450 48594.3 295.0 28.74 0.08 5605 0 1396 0 
#
5 18 59463.86094753547513 1 2.868992 10.13 5.97 1430.7134 0.0131 749.7622 0.0131 9.954 0.034 5.973 0.144 1833809.3 1357.9 64.81 0.12 5587 0 15276 0 1834.6280 0.0426 681.1832 0.0418 10.793 0.067 20.000 -1.000 35965.3 346.9 60.05 0.11 5594 0 1788 0 
#
1 19 59463.86098083230900 1 2.868992 10.04 3.28 1449.1562 0.0151 742.4000 0.0145 10.036 0.041 3.276 0.051 166765.6 415.8 0.34 0.06 5592 0 2052 0 1854.4054 0.1132 674.6778 0.1113 10.165 0.320 4.624 1.263 5709.4 156.4 -0.21 0.05 5581 0 971 0 
#
2 19 59463.86098083230900 1 2.868992 11.43 4.38 1443.9692 0.0128 751.1583 0.0122 11.332 0.032 4.355 0.058 2120651.2 1396.6 16.02 0.08 5577 0 12887 0 1848.7306 0.0317 680.7745 0.0299 12.110 0.087 7.806 0.718 62695.5 310.2 10.69 0.07 5573 0 1705 0 
#
3 19 59463.86098083230900 1 2.868992 9.72 4.05 1435.4682 0.0093 750.4458 0.0092 9.661 0.023 4.036 0.040 2465117.1 1526.6 26.47 0.10 5587 0 18550 0 1840.4947 0.0275 682.4283 0.0268 10.320 0.076 7.088 0.596 59018.2 311.6 19.77 0.08 5609 0 1572 0 
#
4 19 59463.86098083230900 1 2.868992 8.78 3.72 1434.9826 0.0092 743.8962 0.0092 8.711 0.023 3.712 0.035 2236159.3 1422.7 32.55 0.10 5574 0 20923 0 1840.0184 0.0283 675.6938 0.0272 9.589 0.078 6.662 0.586 48434.3 276.6 28.79 0.08 5596 0 1440 0 
#
5 19 59463.86098083230900 1 2.868992 8.98 4.16 1430.3676 0.0097 750.4488 0.0097 8.936 0.025 4.156 0.051 1806639.5 1339.7 64.22 0.12 5588 0 16073 0 1834.2218 0.0384 681.8089 0.0373 9.864 0.107 9.433 1.801 35935.2 310.6 59.77 0.11 5592 0 1807 0 
#
1 20 59463.86101412914286 1 2.868992 10.92 1.31 1450.0343 0.0245 741.6689 0.0242 10.915 0.085 1.305 0.018 131748.5 384.3 1.50 0.06 5596 0 1519 0 1855.2525 0.2084 673.4864 0.2076 11.360 0.659 1.558 0.293 4868.4 166.9 -0.25 0.05 5578 0 949 0 
#
2 20 59463.86101412914286 1 2.868992 13.02 1.72 1444.9115 0.0151 750.6467 0.0150 12.932 0.049 1.713 0.015 1822902.7 1383.6 29.42 0.15 5581 0 7656 0 1849.7976 0.0483 680.0874 0.0475 13.809 0.152 2.062 0.088 54159.6 322.7 11.11 0.07 5604 0 1547 0 
#
3 20 59463.86101412914286 1 2.868992 10.91 1.66 1436.4799 0.0140 749.9253 0.0142 10.857 0.044 1.654 0.012 2074770.1 1451.8 39.44 0.16 5571 0 10790 0 1841.6333 0.0447 681.7041 0.0447 11.443 0.140 1.834 0.069 49967.4 315.2 20.23 0.08 5580 0 1366 0 
#
4 20 59463.86101412914286 1 2.868992 9.95 1.66 1436.0137 0.0132 743.3846 0.0133 9.900 0.040 1.651 0.011 1882655.9 1333.6 42.59 0.13 5578 0 12285 0 1841.1534 0.0439 674.9448 0.0435 10.480 0.135 1.823 0.069 40171.9 284.2 29.02 0.08 5584 0 1234 0 
#
5 20 59463.86101412914286 1 2.868992 10.22 1.77 1431.4155 0.0140 749.9572 0.0142 10.177 0.042 1.768 0.014 1559376.2 1271.3 72.43 0.14 5588 0 9772 0 1835.3177 0.0632 681.0867 0.0628 11.083 0.187 2.274 0.160 30111.0 335.6 60.55 0.11 5584 0 1681 0 
#
1 21 59463.86104742597672 1 2.868992 21.84 2.01 1451.7373 0.0406 740.8939 0.0408 21.837 0.144 2.011 0.085 149652.3 545.7 2.58 0.06 5589 0 1158 0 1855.2525 nan 673.4864 nan nan nan nan nan 5321.4 377.7 -0.12 0.05 5575 0 939 0 
#
2 21 59463.86104742597672 1 2.868992 20.85 2.35 1446.5954 0.0186 749.5149 0.0187 20.817 0.066 2.344 0.040 1911718.8 1866.0 38.34 0.20 5570 0 4530 0 1851.2754 0.0767 679.4255 0.0763 21.261 0.245 2.782 0.277 57139.5 505.8 11.22 0.07 5580 0 1469 0 
#
3 21 59463.86104742597672 1 2.868992 18.01 2.26 1438.1471 0.0175 748.8545 0.0178 18.022 0.060 2.259 0.031 2228202.5 1806.8 48.15 0.20 5571 0 5719 0 1842.9637 0.0730 681.0241 0.0728 17.747 0.233 2.258 0.176 54648.7 499.2 20.17 0.08 5604 0 1274 0 
#
4 21 59463.86104742597672 1 2.868992 16.56 2.30 1437.6465 0.0171 742.3228 0.0175 16.557 0.057 2.298 0.029 2038753.5 1565.9 49.21 0.17 5553 0 6268 0 1842.5370 0.0753 674.2704 0.0751 16.604 0.233 2.552 0.221 43351.1 448.4 29.15 0.08 5577 0 1134 0 
#
5 21 59463.86104742597672 1 2.868992 16.09 2.46 1432.9641 0.0167 748.8831 0.0170 16.076 0.054 2.454 0.033 1659154.7 1457.0 76.94 0.16 5590 0 5687 0 1836.5785 0.1078 680.3270 0.1081 16.539 0.322 3.077 0.459 32351.4 547.8 60.36 0.11 5582 0 1601 0 
#
1 22 59463.86108072281058 1 2.868992 10.47 2.37 1450.8030 0.0195 742.0213 0.0191 10.476 0.056 2.368 0.036 154037.6 404.7 0.75 0.06 5594 0 1814 0 1856.4037 0.1370 674.1585 0.1360 10.357 0.402 2.560 0.464 5561.6 165.4 -0.19 0.05 5600 0 964 0 
#
2 22 59463.86108072281058 1 2.868992 11.80 2.90 1445.5759 0.0188 750.7585 0.0184 11.699 0.051 2.860 0.038 1987063.3 1370.7 20.41 0.11 5495 0 10609 0 1850.6176 0.0357 680.5333 0.0350 12.194 0.102 3.666 0.179 58912.4 309.8 10.67 0.07 5598 0 1656 0 
#
3 22 59463.86108072281058 1 2.868992 9.97 2.71 1437.0838 0.0165 750.0913 0.0167 9.919 0.044 2.688 0.031 2288357.8 1484.5 30.57 0.12 5521 0 15141 0 1842.4444 0.0324 682.1559 0.0329 10.198 0.094 3.063 0.128 55311.7 311.7 19.71 0.08 5592 0 1510 0 
#
4 22 59463.86108072281058 1 2.868992 9.06 2.59 1436.5809 0.0157 743.5292 0.0159 8.993 0.041 2.572 0.028 2075858.9 1378.7 35.92 0.11 5568 0 17594 0 1841.9518 0.0319 675.3615 0.0318 9.391 0.091 3.057 0.135 44723.7 278.7 28.81 0.08 5600 0 1384 0 
#
5 22 59463.86108072281058 1 2.868992 9.25 2.73 1431.9576 0.0156 750.0983 0.0159 9.197 0.042 2.721 0.034 1686913.2 1302.1 67.25 0.13 5584 0 13515 0 1836.1113 0.0441 681.4764 0.0444 9.764 0.125 4.011 0.359 32876.8 314.0 59.88 0.11 5582 0 1755 0 
#
1 23 59463.86111401964445 1 2.868992 10.95 2.85 1451.1026 0.0187 742.6051 0.0177 10.956 0.052 2.849 0.047 162830.8 417.2 0.43 0.06 5592 0 1839 0 1856.7154 0.1298 674.6416 0.1262 10.466 0.372 2.684 0.470 5919.8 175.6 -0.26 0.05 5593 0 960 0 
#
2 23 59463.86111401964445 1 2.868992 12.28 3.65 1445.8764 0.0158 751.3532 0.0146 12.287 0.040 3.617 0.048 2074486.5 1390.1 18.06 0.09 5591 0 10318 0 1850.8617 0.0341 680.9792 0.0325 12.268 0.095 4.260 0.224 62009.2 319.5 10.57 0.07 5585 0 1667 0 
#
3 23 59463.86111401964445 1 2.868992 10.58 3.43 1437.3476 0.0119 750.6654 0.0114 10.614 0.030 3.409 0.034 2410471.2 1518.0 28.38 0.10 5578 0 14561 0 1842.5877 0.0290 682.5535 0.0287 10.331 0.082 3.914 0.185 57743.5 324.4 19.78 0.08 5604 0 1505 0 
#
4 23 59463.86111401964445 1 2.868992 9.70 3.26 1436.8301 0.0116 744.1251 0.0111 9.693 0.029 3.244 0.031 2192657.1 1415.1 33.93 0.10 5591 0 16131 0 1842.1110 0.0303 675.7562 0.0297 9.804 0.085 4.225 0.242 47369.5 292.7 28.57 0.08 5597 0 1372 0 
#
5 23 59463.86111401964445 1 2.868992 9.90 3.55 1432.2078 0.0119 750.6805 0.0114 9.900 0.030 3.543 0.042 1776080.2 1335.2 65.59 0.12 5592 0 12483 0 1836.2758 0.0404 681.9267 0.0400 9.858 0.113 4.947 0.500 35058.6 335.2 59.71 0.11 5596 0 1765 0 
#
1 24 59463.86114731647831 1 2.868992 15.08 2.68 1453.5517 0.0228 740.6691 0.0225 15.086 0.071 2.681 0.054 162959.3 454.8 0.80 0.06 5591 0 1416 0 1858.6875 0.2315 672.7240 0.2315 14.851 0.676 3.329 1.169 5913.3 246.0 -0.23 0.05 5587 0 951 0 
#
2 24 59463.86114731647831 1 2.868992 15.34 3.21 1448.1729 0.0094 749.4563 0.0091 15.322 0.027 3.199 0.024 2053823.7 1429.3 22.08 0.11 5572 0 7530 0 1853.2949 0.0446 679.0127 0.0434 15.734 0.132 3.986 0.253 60854.6 372.7 10.58 0.07 5592 0 1543 0 
#
3 24 59463.86114731647831 1 2.868992 13.32 3.09 1439.6442 0.0071 748.7934 0.0070 13.317 0.020 3.083 0.017 2380996.4 1542.0 32.09 0.12 5582 0 10246 0 1844.9819 0.0425 680.6202 0.0420 13.544 0.125 3.487 0.199 57702.4 378.0 19.74 0.08 5606 0 1376 0 
#
4 24 59463.86114731647831 1 2.868992 12.19 3.01 1439.0961 0.0072 742.2535 0.0071 12.179 0.020 3.009 0.016 2164375.4 1429.2 37.21 0.11 5587 0 11443 0 1844.5255 0.0439 673.9482 0.0433 12.658 0.127 3.563 0.227 46361.3 339.8 28.70 0.08 5592 0 1249 0 
#
5 24 59463.86114731647831 1 2.868992 12.04 3.19 1434.4499 0.0079 748.8313 0.0079 12.038 0.022 3.186 0.022 1753332.3 1353.6 68.65 0.13 5591 0 9605 0 1838.6848 0.0612 680.0331 0.0602 12.396 0.175 3.689 0.371 34458.8 394.2 60.15 0.11 5585 0 1674 0 
#
1 25 59463.86118061331945 1 2.868992 16.94 2.79 1452.9504 0.0254 740.5413 0.0255 16.938 0.082 2.788 0.069 164711.7 482.5 0.74 0.06 5599 0 1336 0 1858.6875 nan 672.7240 nan nan nan nan nan 5856.4 288.8 -0.23 0.06 5588 0 943 0 
#
2 25 59463.86118061331945 1 2.868992 16.80 3.16 1447.6420 0.0078 749.2667 0.0078 16.780 0.024 3.152 0.021 2047743.1 1473.3 23.82 0.12 5584 0 6466 0 1852.4107 0.0499 678.9727 0.0498 17.425 0.152 3.747 0.261 60793.7 398.6 10.65 0.07 5588 0 1524 0 
#
3 25 59463.86118061331945 1 2.868992 14.44 2.96 1439.1356 0.0079 748.6258 0.0080 14.420 0.023 2.957 0.018 2367918.9 1568.1 34.32 0.13 5582 0 8597 0 1844.0880 0.0484 680.6170 0.0485 15.078 0.144 3.665 0.250 56996.3 402.5 19.73 0.08 5601 0 1324 0 
#
4 25 59463.86118061331945 1 2.868992 13.11 2.89 1438.6068 0.0076 742.0907 0.0077 13.095 0.022 2.886 0.017 2150174.4 1442.4 38.96 0.12 5595 0 9537 0 1843.6107 0.0502 673.9189 0.0504 13.852 0.147 3.719 0.280 45609.0 359.2 28.65 0.08 5599 0 1190 0 
#
5 25 59463.86118061331945 1 2.868992 12.88 3.09 1433.9759 0.0081 748.6462 0.0082 12.865 0.023 3.091 0.022 1740636.2 1363.7 69.93 0.13 5599 0 8288 0 1837.8527 0.0689 679.9859 0.0689 13.657 0.198 4.698 0.659 33603.6 430.4 60.23 0.11 5586 0 1654 0 
#
1 26 59463.86121391015331 1 2.868992 16.49 2.62 1452.3468 0.0273 739.1194 0.0272 16.491 0.087 2.618 0.066 162148.8 470.3 0.99 0.06 5598 0 1346 0 1858.6875 nan 672.7240 nan nan nan nan nan 5997.8 271.9 -0.24 0.05 5585 0 949 0 
#
2 26 59463.86121391015331 1 2.868992 16.84 3.18 1447.1214 0.0148 747.7866 0.0147 16.786 0.045 3.165 0.040 2041213.8 1479.1 24.37 0.12 5579 0 6574 0 1851.5594 0.0532 677.6799 0.0521 17.565 0.158 4.223 0.341 60863.9 407.1 10.79 0.07 5585 0 1516 0 
#
3 26 59463.86121391015331 1 2.868992 14.53 3.03 1438.6073 0.0135 747.1415 0.0136 14.490 0.039 3.014 0.032 2357697.0 1574.5 34.89 0.14 5576 0 8572 0 1843.1794 0.0498 679.3270 0.0492 15.131 0.146 3.955 0.294 57200.2 408.0 19.68 0.08 5601 0 1333 0 
#
4 26 59463.86121391015331 1 2.868992 13.28 2.98 1438.0715 0.0126 740.5743 0.0127 13.232 0.036 2.976 0.029 2142534.6 1443.4 39.12 0.12 5579 0 9509 0 1842.7521 0.0498 672.5454 0.0490 14.106 0.142 4.940 0.474 45165.3 365.4 28.82 0.08 5583 0 1185 0 
#
5 26 59463.86121391015331 1 2.868992 13.19 3.28 1433.4192 0.0129 747.1327 0.0130 13.162 0.037 3.275 0.038 1739209.9 1372.3 69.90 0.13 5602 0 7964 0 1836.8338 0.0709 678.7952 0.0703 13.916 0.201 5.252 0.834 33598.9 429.4 60.19 0.11 5600 0 1643 0 
#
1 27 59463.86124720698717 1 2.868992 13.23 2.42 1450.9834 0.0227 740.1628 0.0220 13.221 0.068 2.421 0.044 160188.3 433.9 0.73 0.06 5598 0 1540 0 1856.0988 0.2033 672.6897 0.1999 13.819 0.598 2.808 0.753 6036.3 211.7 -0.34 0.05 5597 0 951 0 
#
2 27 59463.86124720698717 1 2.868992 14.10 3.03 1445.6985 0.0150 748.9166 0.0142 14.027 0.042 3.011 0.034 2037041.9 1409.7 21.20 0.11 5589 0 8452 0 1850.5654 0.0438 678.8171 0.0417 14.718 0.126 4.039 0.252 60584.9 348.6 10.83 0.07 5595 0 1576 0 
#
3 27 59463.86124720698717 1 2.868992 11.90 2.76 1437.2161 0.0125 748.2376 0.0121 11.859 0.034 2.752 0.024 2347857.9 1517.4 31.56 0.12 5565 0 11883 0 1842.1713 0.0403 680.3608 0.0390 12.331 0.116 3.132 0.155 55995.7 344.3 19.84 0.08 5593 0 1397 0 
#
4 27 59463.86124720698717 1 2.868992 10.84 2.69 1436.7178 0.0112 741.6886 0.0108 10.787 0.030 2.685 0.021 2132648.1 1407.2 36.51 0.11 5576 0 13241 0 1841.8015 0.0409 673.5886 0.0394 11.656 0.116 3.422 0.197 46033.3 313.7 28.46 0.08 5586 0 1267 0 
#
5 27 59463.86124720698717 1 2.868992 10.89 2.92 1432.0798 0.0115 748.2697 0.0112 10.855 0.031 2.916 0.027 1733277.1 1334.2 70.63 0.13 5596 0 10616 0 1835.8886 0.0556 679.8893 0.0540 11.788 0.156 4.832 0.590 33883.6 358.8 61.19 0.11 5593 0 1682 0 
#
1 28 59463.86128050382104 1 2.868992 21.14 1.62 1451.7899 0.0420 740.7833 0.0416 21.136 0.155 1.615 0.063 152548.5 554.7 2.24 0.06 5600 0 1183 0 1856.0988 nan 672.6897 nan nan nan nan nan 5391.6 374.8 -0.17 0.05 5595 0 939 0 
#
2 28 59463.86128050382104 1 2.868992 21.03 2.10 1446.5155 0.0229 749.6279 0.0224 21.094 0.083 2.102 0.041 1942743.5 1886.3 36.71 0.20 5560 0 4749 0 1850.8721 0.0779 679.2919 0.0766 20.424 0.257 2.069 0.174 57052.0 506.5 11.12 0.07 5591 0 1473 0 
#
3 28 59463.86128050382104 1 2.868992 18.05 2.00 1438.0614 0.0216 748.9250 0.0213 18.100 0.076 2.026 0.032 2255049.5 1812.5 46.66 0.20 5572 0 6118 0 1842.8056 0.0750 680.8263 0.0742 17.549 0.252 1.696 0.117 54989.2 495.8 19.97 0.08 5597 0 1274 0 
#
4 28 59463.86128050382104 1 2.868992 16.57 2.08 1437.5647 0.0205 742.3588 0.0202 16.629 0.069 2.099 0.030 2055030.2 1569.0 48.12 0.17 5569 0 6470 0 1842.3130 0.0761 674.0376 0.0751 15.829 0.249 1.762 0.123 43617.6 450.1 28.74 0.08 5590 0 1130 0 
#
5 28 59463.86128050382104 1 2.868992 16.19 2.22 1432.8960 0.0209 748.9268 0.0206 16.219 0.068 2.231 0.035 1665282.4 1461.1 77.17 0.16 5585 0 5804 0 1836.3150 0.1075 680.1451 0.1064 15.546 0.340 1.806 0.189 33379.2 553.4 60.41 0.11 5587 0 1598 0 
#
1 29 59463.86131380065490 1 2.868992 19.28 2.30 1447.5027 0.0316 741.6948 0.0317 19.284 0.108 2.302 0.070 158479.4 519.5 1.54 0.06 5588 0 1216 0 1856.0988 nan 672.6897 nan nan nan nan nan 6272.8 334.7 -0.33 0.05 5597 0 941 0 
#
2 29 59463.86131380065490 1 2.868992 18.19 2.52 1442.1566 0.0079 750.6001 0.0079 18.183 0.027 2.519 0.016 1975485.8 1573.6 30.61 0.15 5592 0 5491 0 1847.2196 0.0596 680.3438 0.0594 18.510 0.189 2.831 0.201 58497.1 429.9 10.95 0.07 5586 0 1499 0 
#
3 29 59463.86131380065490 1 2.868992 15.73 2.43 1433.7526 0.0078 749.8601 0.0079 15.727 0.025 2.425 0.014 2285638.6 1619.1 40.63 0.16 5586 0 7205 0 1839.1017 0.0564 681.7204 0.0567 15.994 0.173 2.976 0.205 54825.3 434.9 19.85 0.08 5592 0 1291 0 
#
4 29 59463.86131380065490 1 2.868992 14.40 2.45 1433.2652 0.0080 743.2950 0.0082 14.398 0.025 2.447 0.014 2082779.8 1467.8 43.31 0.14 5598 0 7772 0 1838.6805 0.0577 674.9522 0.0583 14.402 0.178 2.558 0.165 44230.1 390.9 28.67 0.08 5601 0 1163 0 
#
5 29 59463.86131380065490 1 2.868992 13.84 2.52 1428.6379 0.0089 749.8775 0.0092 13.837 0.028 2.516 0.017 1683134.6 1373.4 71.48 0.14 5586 0 6960 0 1832.8775 0.0815 681.1482 0.0821 14.152 0.245 2.663 0.267 33425.4 460.4 59.34 0.11 5603 0 1642 0 
#
1 30 59463.86134709748876 1 2.868992 14.64 2.57 1451.0070 0.0225 740.6792 0.0226 14.640 0.070 2.566 0.050 163709.2 448.4 0.66 0.06 5591 0 1447 0 1856.9935 0.2190 673.1923 0.2190 15.007 0.643 3.465 1.190 5786.7 235.8 -0.25 0.05 5577 0 953 0 
#
2 30 59463.86134709748876 1 2.868992 14.68 2.91 1445.7566 0.0112 749.4066 0.0111 14.651 0.033 2.902 0.024 2039956.6 1419.0 21.76 0.11 5576 0 7975 0 1850.8748 0.0451 679.1475 0.0447 15.091 0.136 3.323 0.185 60200.3 360.1 10.67 0.07 5598 0 1563 0 
#
3 30 59463.86134709748876 1 2.868992 12.66 2.78 1437.2519 0.0102 748.7164 0.0104 12.640 0.029 2.771 0.020 2358062.2 1529.8 32.27 0.12 5580 0 10814 0 1842.4824 0.0414 680.7536 0.0415 12.975 0.123 3.059 0.154 56742.0 363.7 19.61 0.08 5572 0 1385 0 
#
4 30 59463.86134709748876 1 2.868992 11.57 2.72 1436.7283 0.0102 742.1667 0.0105 11.534 0.029 2.710 0.020 2143908.3 1417.5 36.85 0.11 5571 0 12087 0 1842.0976 0.0431 673.9412 0.0434 12.266 0.127 3.201 0.185 46126.2 324.5 28.35 0.08 5597 0 1236 0 
#
5 30 59463.86134709748876 1 2.868992 11.41 2.84 1432.1109 0.0108 748.7148 0.0111 11.390 0.031 2.840 0.025 1736375.4 1342.7 67.51 0.13 5593 0 10176 0 1836.2773 0.0591 680.1259 0.0592 12.033 0.171 3.634 0.356 34067.3 377.9 59.53 0.11 5591 0 1682 0 
#
1 31 59463.86138039432990 1 2.868992 16.19 2.35 1450.7382 0.0265 741.1089 0.0259 16.192 0.086 2.351 0.053 160642.8 467.3 1.05 0.06 5590 0 1352 0 1856.9935 nan 673.1923 nan nan nan nan nan 5809.1 267.8 -0.25 0.05 5585 0 943 0 
#
2 31 59463.86138039432990 1 2.868992 15.81 2.61 1445.5017 0.0126 749.8285 0.0121 15.775 0.039 2.609 0.024 2013581.1 1450.0 24.73 0.12 5547 0 7077 0 1850.9943 0.0539 679.3616 0.0523 16.492 0.166 2.899 0.177 58907.1 382.3 10.67 0.07 5597 0 1541 0 
#
3 31 59463.86138039432990 1 2.868992 13.74 2.58 1436.9702 0.0103 749.1713 0.0100 13.731 0.030 2.579 0.018 2325401.7 1548.3 35.17 0.13 5570 0 9441 0 1842.6256 0.0480 681.0304 0.0470 14.059 0.145 2.677 0.139 56025.4 385.1 19.67 0.08 5606 0 1347 0 
#
4 31 59463.86138039432990 1 2.868992 12.52 2.56 1436.4309 0.0102 742.6405 0.0099 12.507 0.029 2.564 0.018 2115021.3 1425.4 38.90 0.12 5583 0 10389 0 1842.1956 0.0499 674.1541 0.0487 12.901 0.149 2.581 0.141 45139.0 344.5 28.44 0.08 5598 0 1208 0 
#
5 31 59463.86138039432990 1 2.868992 12.23 2.65 1431.8409 0.0110 749.1928 0.0108 12.220 0.032 2.645 0.022 1714443.7 1346.0 68.87 0.13 5596 0 9031 0 1836.4149 0.0694 680.2241 0.0683 12.844 0.204 2.901 0.265 33569.0 406.2 59.44 0.11 5583 0 1663 0 
#
1 32 59463.86141369116376 1 2.868992 15.20 2.45 1449.1571 0.0238 741.4772 0.0236 15.201 0.075 2.452 0.050 159966.8 453.8 0.94 0.06 5591 0 1407 0 1855.1379 0.2387 673.0717 0.2380 15.465 0.715 2.873 0.926 6144.0 246.1 -0.34 0.05 5596 0 949 0 
#
2 32 59463.86141369116376 1 2.868992 15.07 2.72 1443.8928 0.0097 750.3501 0.0095 15.045 0.029 2.719 0.019 2013917.2 1429.4 23.84 0.12 5589 0 7395 0 1849.0263 0.0465 679.9231 0.0457 15.570 0.141 3.039 0.163 60298.1 365.5 10.45 0.07 5596 0 1541 0 
#
3 32 59463.86141369116376 1 2.868992 13.08 2.67 1435.4269 0.0078 749.6327 0.0078 13.066 0.023 2.670 0.015 2333794.0 1532.3 33.70 0.12 5571 0 10027 0 1840.7981 0.0435 681.3692 0.0433 13.501 0.130 3.060 0.161 56405.5 369.7 19.78 0.08 5592 0 1353 0 
#
4 32 59463.86141369116376 1 2.868992 11.93 2.62 1434.8988 0.0080 743.0799 0.0080 11.915 0.023 2.619 0.015 2122627.3 1416.6 37.94 0.11 5586 0 10979 0 1840.4194 0.0442 674.6065 0.0439 12.416 0.131 2.939 0.160 45450.4 332.1 28.53 0.08 5587 0 1239 0 
#
5 32 59463.86141369116376 1 2.868992 11.71 2.74 1430.2845 0.0084 749.6407 0.0084 11.701 0.024 2.737 0.018 1720673.9 1339.2 69.25 0.13 5573 0 9434 0 1834.5195 0.0611 680.7961 0.0609 12.311 0.179 2.977 0.247 34263.8 386.4 60.11 0.11 5589 0 1682 0 
#
1 33 59463.86144698799762 1 2.868992 13.41 2.48 1449.3335 0.0212 740.5705 0.0207 13.420 0.064 2.490 0.043 162387.8 435.0 0.65 0.05 5582 0 1524 0 1855.1569 0.1973 672.3883 0.1951 12.328 0.605 1.955 0.396 5839.2 212.4 -0.27 0.05 5595 0 951 0 
#
2 33 59463.86144698799762 1 2.868992 13.84 2.96 1444.0316 0.0105 749.3395 0.0101 13.819 0.030 2.956 0.023 2040348.9 1403.2 20.76 0.10 5598 0 8606 0 1848.9496 0.0405 678.9833 0.0393 14.100 0.120 3.179 0.151 61061.6 344.7 10.41 0.07 5575 0 1578 0 
#
3 33 59463.86144698799762 1 2.868992 11.87 2.80 1435.5571 0.0074 748.6325 0.0072 11.857 0.020 2.795 0.015 2358035.7 1517.3 31.00 0.11 5578 0 11801 0 1840.7574 0.0374 680.5319 0.0368 12.094 0.108 3.136 0.145 57070.8 346.4 19.74 0.08 5585 0 1398 0 
#
4 33 59463.86144698799762 1 2.868992 10.85 2.76 1435.0482 0.0069 742.0926 0.0067 10.836 0.019 2.754 0.013 2147394.7 1411.1 36.02 0.11 5583 0 13222 0 1840.2792 0.0385 673.7508 0.0377 11.441 0.110 3.321 0.176 46669.6 314.6 28.21 0.08 5589 0 1266 0 
#
5 33 59463.86144698799762 1 2.868992 10.81 2.91 1430.4370 0.0070 748.6613 0.0069 10.806 0.019 2.909 0.017 1742189.5 1334.9 66.07 0.13 5588 0 10835 0 1834.4682 0.0539 680.0076 0.0530 11.195 0.155 3.186 0.254 34189.1 364.5 59.12 0.11 5609 0 1719 0 
#
1 34 59463.86148028483149 1 2.868992 19.71 1.66 1451.3729 0.0422 740.4378 0.0414 19.705 0.153 1.659 0.060 150273.6 519.9 2.24 0.06 5585 0 1205 0 1855.1569 nan 672.3883 nan nan nan nan nan 5544.2 347.9 -0.14 0.05 5596 0 939 0 
#
2 34 59463.86148028483149 1 2.868992 20.15 2.19 1446.2885 0.0289 749.0724 0.0278 20.269 0.100 2.205 0.051 1922297.1 1800.0 35.64 0.20 5468 0 4962 0 1850.4291 0.0776 678.9612 0.0752 19.413 0.254 2.059 0.163 56331.3 476.7 10.86 0.07 5593 0 1485 0 
#
3 34 59463.86148028483149 1 2.868992 17.68 2.23 1437.8611 0.0270 748.4096 0.0262 17.834 0.090 2.267 0.045 2242093.6 1789.8 46.13 0.20 5520 0 6414 0 1842.1650 0.0733 680.6811 0.0719 16.594 0.238 1.922 0.133 53847.2 492.1 20.19 0.08 5601 0 1282 0 
#
4 34 59463.86148028483149 1 2.868992 16.63 2.38 1437.4023 0.0262 741.8247 0.0253 16.687 0.084 2.386 0.045 2054664.2 1581.4 47.62 0.17 5537 0 6921 0 1841.7707 0.0768 673.8674 0.0753 16.123 0.240 2.253 0.180 43854.4 453.2 28.64 0.08 5602 0 1135 0 
#
5 34 59463.86148028483149 1 2.868992 16.46 2.59 1432.7445 0.0260 748.4136 0.0250 16.506 0.081 2.610 0.055 1675207.2 1478.8 75.97 0.16 5562 0 6155 0 1835.5416 0.1078 679.9284 0.1060 15.706 0.330 2.212 0.259 33205.8 557.6 60.10 0.11 5589 0 1612 0 
#
1 35 59463.86151358166535 1 2.868992 13.93 2.37 1449.1347 0.0246 740.6430 0.0240 13.946 0.076 2.367 0.046 161133.1 439.7 0.79 0.06 5600 0 1489 0 1854.7331 0.2077 672.7637 0.2046 13.026 0.623 2.262 0.532 5705.5 223.8 -0.22 0.05 5588 0 952 0 
#
2 35 59463.86151358166535 1 2.868992 14.21 2.72 1443.9345 0.0167 749.4515 0.0162 14.178 0.049 2.704 0.032 2023768.6 1410.2 21.56 0.11 5552 0 8177 0 1848.5419 0.0444 679.0786 0.0431 14.443 0.132 3.070 0.156 60335.6 351.3 10.50 0.07 5593 0 1583 0 
#
3 35 59463.86151358166535 1 2.868992 12.08 2.54 1435.4572 0.0145 748.7340 0.0143 12.063 0.041 2.531 0.024 2327787.8 1514.9 32.36 0.12 5564 0 11464 0 1840.3942 0.0406 680.7757 0.0400 12.242 0.120 2.784 0.126 56229.7 351.0 19.67 0.08 5598 0 1416 0 
#
4 35 59463.86151358166535 1 2.868992 11.01 2.50 1434.9634 0.0133 742.1586 0.0131 10.995 0.037 2.489 0.022 2112898.2 1405.8 37.02 0.12 5577 0 12902 0 1839.9248 0.0417 674.0078 0.0410 11.217 0.121 2.866 0.146 44592.5 310.5 28.51 0.08 5589 0 1256 0 
#
5 35 59463.86151358166535 1 2.868992 11.00 2.66 1430.3538 0.0131 748.7271 0.0129 10.982 0.036 2.652 0.026 1714712.0 1330.2 68.71 0.13 5587 0 10499 0 1833.9530 0.0568 680.1443 0.0564 11.353 0.165 3.037 0.245 33926.3 362.7 60.22 0.11 5578 0 1700 0 
#
1 36 59463.86154687849921 1 2.868992 13.31 3.10 1448.9181 0.0204 741.1372 0.0200 13.307 0.059 3.103 0.061 166220.0 438.1 0.39 0.05 5596 0 1560 0 1854.4358 0.1777 673.5170 0.1759 13.287 0.508 3.732 1.130 5963.7 213.3 -0.28 0.05 5603 0 954 0 
#
2 36 59463.86154687849921 1 2.868992 14.20 4.02 1443.6860 0.0129 749.8155 0.0126 14.164 0.035 4.002 0.048 2098507.1 1414.2 18.27 0.09 5581 0 8621 0 1848.5462 0.0393 679.6218 0.0387 14.521 0.113 5.138 0.363 62868.2 349.2 10.29 0.06 5589 0 1590 0 
#
3 36 59463.86154687849921 1 2.868992 12.20 3.73 1435.2351 0.0118 749.1293 0.0119 12.193 0.032 3.713 0.040 2428805.2 1536.0 28.99 0.11 5580 0 11667 0 1840.2754 0.0358 681.1437 0.0360 12.315 0.102 4.624 0.299 58805.6 357.5 19.44 0.08 5594 0 1423 0 
#
4 36 59463.86154687849921 1 2.868992 11.16 3.62 1434.7244 0.0113 742.5695 0.0113 11.149 0.030 3.608 0.037 2208445.0 1429.2 34.44 0.10 5576 0 12828 0 1839.8132 0.0366 674.4384 0.0366 11.338 0.104 4.469 0.309 47836.8 321.0 28.25 0.08 5593 0 1312 0 
#
5 36 59463.86154687849921 1 2.868992 11.29 4.14 1430.1140 0.0120 749.1224 0.0120 11.277 0.032 4.133 0.057 1790714.8 1355.8 66.74 0.12 5593 0 10211 0 1834.0379 0.0494 680.6131 0.0496 11.571 0.140 6.835 1.093 35396.3 377.4 60.20 0.11 5603 0 1698 0 
#
1 37 59463.86158017534035 1 2.868992 13.20 1.30 1449.6651 0.0370 741.5631 0.0360 13.202 0.133 1.295 0.030 122791.1 401.3 2.73 0.06 5579 0 1331 0 1854.4358 nan 673.5170 nan nan nan nan nan 4601.0 208.3 -0.24 0.05 5599 0 941 0 
#
2 37 59463.86158017534035 1 2.868992 14.84 1.60 1444.9107 0.0334 750.3430 0.0317 14.908 0.113 1.589 0.030 1675558.5 1590.2 41.27 0.25 5475 0 6088 0 1848.9043 0.0661 679.9932 0.0633 14.594 0.214 1.708 0.092 49458.1 349.8 11.00 0.07 5599 0 1516 0 
#
3 37 59463.86158017534035 1 2.868992 12.56 1.59 1436.3797 0.0314 749.6448 0.0301 12.751 0.102 1.584 0.027 1903428.0 1572.9 52.11 0.25 5473 0 8483 0 1840.3988 0.0582 681.4465 0.0567 11.923 0.185 1.656 0.077 45419.7 347.6 20.23 0.08 5588 0 1324 0 
#
4 37 59463.86158017534035 1 2.868992 11.63 1.59 1435.9072 0.0305 743.0894 0.0291 11.723 0.096 1.593 0.026 1738199.9 1400.5 52.52 0.21 5460 0 9258 0 1839.9266 0.0615 674.5499 0.0596 11.272 0.193 1.600 0.079 37126.9 315.4 28.80 0.08 5587 0 1188 0 
#
5 37 59463.86158017534035 1 2.868992 11.86 1.71 1431.2840 0.0299 749.6632 0.0285 11.919 0.092 1.713 0.030 1444985.9 1315.9 79.45 0.19 5532 0 7666 0 1834.0214 0.0816 680.9807 0.0797 11.403 0.251 1.708 0.126 28266.4 387.0 60.23 0.11 5594 0 1637 0 
#
1 38 59463.86161347217421 1 2.868992 22.17 1.78 1450.1962 0.0446 739.4022 0.0441 22.166 0.160 1.780 0.081 144112.6 548.2 2.84 0.06 5589 0 1160 0 1854.4358 nan 673.5170 nan nan nan nan nan 5026.5 381.0 -0.11 0.05 5606 0 940 0 
#
2 38 59463.86161347217421 1 2.868992 21.63 2.21 1445.1155 0.0224 748.0254 0.0219 21.649 0.080 2.200 0.045 1842714.6 2019.0 42.88 0.23 5560 0 4141 0 1849.6390 0.0827 678.1370 0.0813 21.386 0.261 2.739 0.292 54775.4 504.7 10.95 0.07 5597 0 1455 0 
#
3 38 59463.86161347217421 1 2.868992 18.82 2.17 1436.6754 0.0203 747.3590 0.0201 18.830 0.070 2.168 0.035 2172771.6 1943.9 52.65 0.23 5537 0 5234 0 1841.4241 0.0792 679.7772 0.0783 18.685 0.254 2.184 0.186 53090.1 523.9 20.07 0.08 5586 0 1254 0 
#
4 38 59463.86161347217421 1 2.868992 17.29 2.23 1436.1707 0.0195 740.7745 0.0192 17.286 0.065 2.223 0.033 1987996.7 1666.7 52.89 0.20 5562 0 5514 0 1840.9816 0.0826 672.8616 0.0813 17.357 0.255 2.550 0.244 42635.6 478.1 28.70 0.08 5595 0 1115 0 
#
5 38 59463.86161347217421 1 2.868992 16.87 2.47 1431.5196 0.0192 747.3714 0.0189 16.892 0.062 2.464 0.039 1619946.8 1508.9 81.70 0.17 5582 0 5075 0 1835.1399 0.1148 679.3834 0.1135 16.158 0.341 2.864 0.430 30657.1 585.4 61.39 0.11 5603 0 1597 0 
#
1 39 59463.86164676900808 1 2.868992 15.46 2.26 1447.7518 0.0251 741.6094 0.0248 15.458 0.081 2.261 0.047 155588.1 453.5 1.14 0.06 5584 0 1355 0 1854.4358 nan 673.5170 nan nan nan nan nan 5873.4 256.9 -0.31 0.05 5608 0 951 0 
#
2 39 59463.86164676900808 1 2.868992 15.87 2.77 1442.4284 0.0091 750.4849 0.0090 15.865 0.028 2.771 0.019 1987461.6 1445.5 25.91 0.12 5588 0 6650 0 1847.4840 0.0485 680.2385 0.0475 16.015 0.148 3.085 0.176 59248.0 378.1 10.54 0.07 5582 0 1530 0 
#
3 39 59463.86164676900808 1 2.868992 13.76 2.68 1433.9690 0.0087 749.7793 0.0087 13.752 0.026 2.674 0.017 2307377.1 1543.5 36.05 0.13 5577 0 8907 0 1839.3224 0.0458 681.7973 0.0457 13.885 0.137 3.023 0.167 56076.6 387.1 19.76 0.08 5597 0 1347 0 
#
4 39 59463.86164676900808 1 2.868992 12.70 2.69 1433.4459 0.0084 743.2099 0.0085 12.687 0.024 2.689 0.016 2111168.9 1426.9 39.53 0.12 5574 0 9711 0 1838.8404 0.0484 674.9712 0.0481 13.302 0.142 3.554 0.249 44947.5 349.5 28.41 0.08 5593 0 1208 0 
#
5 39 59463.86164676900808 1 2.868992 12.58 2.87 1428.8169 0.0098 749.8019 0.0099 12.574 0.028 2.872 0.023 1715170.9 1353.8 70.55 0.13 5600 0 8268 0 1833.0369 0.0668 681.1358 0.0666 12.895 0.194 3.343 0.334 34369.7 418.1 60.28 0.11 5589 0 1652 0 
#
1 40 59463.86168006584194 1 2.868992 15.59 2.61 1447.7895 0.0273 742.4044 0.0259 15.587 0.084 2.611 0.062 159585.4 459.0 1.02 0.06 5592 0 1366 0 1854.4358 nan 673.5170 nan nan nan nan nan 6134.2 253.1 -0.24 0.05 5591 0 944 0 
#
2 40 59463.86168006584194 1 2.868992 16.04 3.23 1442.5254 0.0188 751.2376 0.0171 15.990 0.054 3.209 0.048 2024347.0 1446.1 23.87 0.12 5575 0 6780 0 1847.1216 0.0524 681.0162 0.0492 16.485 0.152 4.038 0.301 60791.9 385.4 10.44 0.07 5587 0 1527 0 
#
3 40 59463.86168006584194 1 2.868992 14.02 3.17 1434.0350 0.0156 750.5124 0.0143 13.978 0.043 3.154 0.038 2359896.6 1552.9 34.17 0.12 5594 0 8904 0 1838.9868 0.0477 682.5633 0.0454 14.451 0.138 3.684 0.243 57629.0 392.0 19.78 0.08 5594 0 1347 0 
#
4 40 59463.86168006584194 1 2.868992 12.88 3.12 1433.5527 0.0155 743.9613 0.0141 12.827 0.041 3.106 0.036 2154583.4 1433.7 37.80 0.11 5596 0 9790 0 1838.5367 0.0495 675.7166 0.0470 13.443 0.140 4.204 0.341 45956.7 357.3 28.33 0.08 5590 0 1206 0 
#
5 40 59463.86168006584194 1 2.868992 12.82 3.38 1428.9342 0.0165 750.5218 0.0150 12.777 0.044 3.372 0.049 1751010.8 1366.4 69.80 0.13 5601 0 8326 0 1832.7465 0.0685 681.9624 0.0657 13.600 0.193 4.579 0.607 35354.1 419.6 60.44 0.11 5593 0 1645 0 
#
1 41 59463.86171336267580 1 2.868992 14.81 2.56 1449.6647 0.0239 743.2216 0.0234 14.810 0.074 2.563 0.053 162164.5 451.2 0.91 0.06 5592 0 2548 0 1855.5035 0.2300 675.2813 0.2289 14.802 0.669 3.769 1.465 5716.7 246.1 -0.29 0.06 5589 0 948 0 
#
2 41 59463.86171336267580 1 2.868992 14.79 3.00 1444.3481 0.0120 751.9766 0.0115 14.754 0.035 2.992 0.027 2019008.7 1418.2 22.61 0.11 5569 0 7557 0 1849.3851 0.0458 681.6713 0.0447 15.394 0.135 3.812 0.240 58852.3 358.7 10.48 0.07 5587 0 1564 0 
#
3 41 59463.86171336267580 1 2.868992 12.70 2.86 1435.8900 0.0088 751.2636 0.0087 12.691 0.025 2.858 0.018 2343151.6 1528.4 32.90 0.12 5576 0 10489 0 1841.1492 0.0422 683.2514 0.0416 13.004 0.125 3.048 0.155 56485.3 363.4 19.59 0.08 5594 0 1387 0 
#
4 41 59463.86171336267580 1 2.868992 11.57 2.80 1435.3918 0.0088 744.6925 0.0086 11.541 0.024 2.794 0.018 2138833.6 1416.5 37.09 0.11 5578 0 11607 0 1840.6168 0.0423 676.4118 0.0412 12.223 0.122 3.508 0.213 46009.3 323.1 28.16 0.08 5585 0 1236 0 
#
5 41 59463.86171336267580 1 2.868992 11.42 2.96 1430.7809 0.0088 751.2473 0.0086 11.403 0.024 2.953 0.021 1733444.5 1341.6 68.30 0.13 5596 0 9893 0 1834.8868 0.0578 682.6574 0.0572 12.152 0.165 4.238 0.468 33921.5 381.8 59.97 0.11 5596 0 1681 0 
#
1 42 59463.86174665950966 1 2.868992 19.87 2.23 1451.3769 0.0345 742.1161 0.0341 19.868 0.119 2.232 0.075 157043.6 526.0 1.74 0.06 5596 0 1221 0 1855.5035 nan 675.2813 nan nan nan nan nan 5320.6 344.5 -0.19 0.05 5576 0 941 0 
#
2 42 59463.86174665950966 1 2.868992 18.94 2.58 1446.1364 0.0144 750.8682 0.0140 18.935 0.048 2.579 0.031 1964468.0 1624.7 31.56 0.16 5573 0 5172 0 1850.8371 0.0633 680.5966 0.0622 19.069 0.200 2.751 0.206 58919.3 449.3 10.53 0.07 5590 0 1489 0 
#
3 42 59463.86174665950966 1 2.868992 16.50 2.52 1437.6434 0.0118 750.1802 0.0116 16.495 0.038 2.514 0.022 2283688.9 1650.8 41.50 0.16 5577 0 6726 0 1842.7437 0.0625 682.1477 0.0616 16.549 0.193 2.709 0.193 54908.4 456.2 19.84 0.08 5595 0 1301 0 
#
4 42 59463.86174665950966 1 2.868992 15.12 2.53 1437.1394 0.0115 743.6036 0.0112 15.125 0.035 2.536 0.021 2084254.8 1487.2 43.88 0.14 5571 0 7336 0 1842.2215 0.0632 675.3667 0.0623 15.114 0.194 2.478 0.170 44134.7 411.3 28.56 0.08 5591 0 1155 0 
#
5 42 59463.86174665950966 1 2.868992 14.67 2.62 1432.4968 0.0113 750.1793 0.0110 14.671 0.034 2.620 0.023 1691657.9 1400.6 73.66 0.14 5581 0 6560 0 1836.3242 0.0859 681.4645 0.0851 14.694 0.258 2.627 0.273 33990.6 490.5 60.59 0.11 5587 0 1619 0 
#
1 43 59463.86177995635080 1 2.868992 27.52 1.93 1453.2411 0.0578 740.7116 0.0568 27.525 0.201 1.931 0.151 132719.9 557.7 3.67 0.06 5583 0 1087 0 1855.5035 nan 675.2813 nan nan nan nan nan 5255.0 381.1 -0.26 0.05 5578 0 937 0 
#
2 43 59463.86177995635080 1 2.868992 26.01 2.01 1447.9348 0.0320 749.2705 0.0310 26.094 0.118 2.013 0.070 1724294.3 2301.7 50.52 0.29 5443 0 3470 0 1851.9545 0.1088 679.5666 0.1074 25.203 0.358 1.906 0.269 50176.1 505.6 11.21 0.07 5589 0 1436 0 
#
3 43 59463.86177995635080 1 2.868992 22.68 2.08 1439.5155 0.0311 748.5987 0.0303 22.726 0.113 2.088 0.061 2101006.5 2350.1 59.78 0.28 5419 0 4191 0 1843.5508 0.1081 680.8022 0.1069 22.231 0.350 2.025 0.261 50716.7 598.3 20.43 0.08 5589 0 1228 0 
#
4 43 59463.86177995635080 1 2.868992 20.85 2.21 1439.0292 0.0311 741.9873 0.0302 20.889 0.110 2.219 0.061 1962744.4 2030.6 58.19 0.23 5412 0 4333 0 1843.0384 0.1073 674.2640 0.1063 20.429 0.343 2.051 0.250 42062.6 591.3 28.84 0.08 5594 0 1103 0 
#
5 43 59463.86177995635080 1 2.868992 20.17 2.33 1434.2546 0.0316 748.6306 0.0307 20.149 0.108 2.324 0.067 1601282.9 1779.7 84.32 0.20 5462 0 4306 0 1837.1387 0.1618 680.1292 0.1607 20.665 0.477 3.739 1.018 31548.1 740.4 60.58 0.11 5602 0 1575 0 
#
1 44 59463.86181325318466 1 2.868992 19.73 2.65 1450.8756 0.0316 741.5833 0.0317 19.730 0.106 2.652 0.089 159410.9 524.1 1.46 0.06 5596 0 1224 0 1855.5035 nan 675.2813 nan nan nan nan nan 6226.4 345.3 -0.20 0.05 5572 0 942 0 
#
2 44 59463.86181325318466 1 2.868992 19.34 3.09 1445.5639 0.0086 750.3348 0.0086 19.330 0.028 3.082 0.025 2005569.3 1602.8 29.03 0.15 5579 0 5202 0 1850.3632 0.0618 680.0360 0.0617 19.803 0.191 3.945 0.375 58959.8 464.5 10.55 0.07 5594 0 1477 0 
#
3 44 59463.86181325318466 1 2.868992 16.89 2.94 1437.0537 0.0081 749.6012 0.0082 16.887 0.026 2.936 0.020 2336457.7 1644.3 39.04 0.15 5582 0 6642 0 1842.1346 0.0602 681.4993 0.0606 17.241 0.183 3.651 0.316 56503.7 466.9 19.66 0.08 5590 0 1285 0 
#
4 44 59463.86181325318466 1 2.868992 15.51 2.91 1436.5330 0.0079 743.0391 0.0080 15.497 0.024 2.906 0.019 2133086.0 1489.9 41.89 0.13 5586 0 7223 0 1841.6222 0.0615 674.7524 0.0621 16.185 0.185 3.695 0.338 45645.2 419.0 28.40 0.08 5583 0 1151 0 
#
5 44 59463.86181325318466 1 2.868992 15.22 3.08 1431.8845 0.0088 749.5987 0.0090 15.213 0.027 3.084 0.024 1730879.3 1415.5 72.58 0.14 5600 0 6438 0 1835.6599 0.0861 680.9755 0.0863 15.451 0.254 3.369 0.426 35047.6 512.9 60.27 0.11 5594 0 1615 0 
#
1 45 59463.86184655001853 1 2.868992 17.54 2.64 1450.5641 0.0274 743.1468 0.0271 17.542 0.089 2.644 0.069 162064.4 487.3 1.15 0.06 5593 0 1302 0 1855.5035 nan 675.2813 nan nan nan nan nan 6284.6 305.0 -0.34 0.06 5588 0 949 0 
#
2 45 59463.86184655001853 1 2.868992 16.69 2.86 1445.2425 0.0079 751.8734 0.0079 16.682 0.025 2.862 0.018 2025665.0 1475.3 24.55 0.13 5594 0 6452 0 1850.3476 0.0510 681.5418 0.0505 16.925 0.158 3.111 0.192 59983.4 398.6 10.30 0.07 5590 0 1523 0 
#
3 45 59463.86184655001853 1 2.868992 14.43 2.74 1436.7371 0.0079 751.1718 0.0080 14.422 0.024 2.735 0.016 2343379.3 1563.9 35.33 0.13 5570 0 8596 0 1841.8502 0.0490 683.1080 0.0491 14.584 0.150 2.886 0.165 56416.3 405.5 19.82 0.08 5598 0 1341 0 
#
4 45 59463.86184655001853 1 2.868992 13.17 2.71 1436.2107 0.0079 744.5937 0.0079 13.158 0.023 2.711 0.015 2130385.3 1440.2 39.30 0.12 5577 0 9358 0 1841.4952 0.0493 676.3030 0.0493 13.556 0.147 3.041 0.189 45776.7 359.3 28.33 0.08 5584 0 1189 0 
#
5 45 59463.86184655001853 1 2.868992 12.71 2.78 1431.5647 0.0088 751.1468 0.0089 12.700 0.026 2.777 0.019 1719122.2 1357.5 69.78 0.13 5596 0 8243 0 1835.5892 0.0699 682.3963 0.0699 13.075 0.206 3.063 0.297 33825.0 423.4 60.12 0.11 5590 0 1659 0 
#
1 46 59463.86187984685239 1 2.868992 15.56 2.52 1450.2093 0.0237 741.6619 0.0235 15.556 0.075 2.517 0.052 161928.2 459.3 0.89 0.06 5597 0 1393 0 1855.5035 nan 675.2813 nan nan nan nan nan 5460.3 253.5 -0.20 0.05 5581 0 945 0 
#
2 46 59463.86187984685239 1 2.868992 15.01 2.81 1444.8549 0.0091 750.4012 0.0089 14.995 0.027 2.804 0.019 2021041.7 1421.1 22.73 0.11 5581 0 7537 0 1849.8468 0.0453 680.0574 0.0446 15.362 0.137 3.345 0.188 59608.1 363.6 10.24 0.07 5589 0 1563 0 
#
3 46 59463.86187984685239 1 2.868992 12.93 2.68 1436.3949 0.0066 749.6917 0.0066 12.926 0.019 2.681 0.012 2343138.6 1530.9 33.36 0.12 5569 0 10136 0 1841.6325 0.0422 681.6733 0.0423 13.215 0.127 2.901 0.143 56785.3 367.8 19.64 0.08 5583 0 1375 0 
#
4 46 59463.86187984685239 1 2.868992 11.77 2.63 1435.8859 0.0065 743.1280 0.0065 11.764 0.018 2.633 0.012 2129998.9 1416.8 37.67 0.11 5580 0 11448 0 1841.2236 0.0428 674.8360 0.0427 12.276 0.126 3.020 0.163 45679.6 330.4 28.37 0.08 5596 0 1227 0 
#
5 46 59463.86187984685239 1 2.868992 11.45 2.71 1431.2510 0.0070 749.6876 0.0071 11.448 0.020 2.709 0.015 1723070.0 1337.3 68.52 0.13 5582 0 9699 0 1835.3739 0.0596 680.9579 0.0593 11.907 0.172 3.355 0.307 33116.9 385.1 60.21 0.11 5601 0 1673 0 
#
1 47 59463.86191314368625 1 2.868992 14.66 2.55 1451.1033 0.0221 741.9043 0.0220 14.664 0.069 2.546 0.048 163129.0 449.8 0.77 0.06 5588 0 1434 0 1856.7303 0.2188 674.0349 0.2188 14.091 0.658 2.369 0.607 5920.2 236.3 -0.27 0.05 5590 0 949 0 
#
2 47 59463.86191314368625 1 2.868992 14.96 3.10 1445.8181 0.0084 750.5560 0.0083 14.942 0.025 3.099 0.020 2054465.9 1423.3 20.98 0.11 5580 0 7665 0 1850.6825 0.0430 680.3731 0.0425 15.473 0.129 3.594 0.203 61414.3 367.2 10.18 0.07 5579 0 1556 0 
#
3 47 59463.86191314368625 1 2.868992 12.86 2.93 1437.3005 0.0079 749.8534 0.0081 12.845 0.023 2.926 0.017 2375383.5 1536.3 31.80 0.12 5588 0 10678 0 1842.3358 0.0403 681.8061 0.0403 13.221 0.119 3.466 0.189 56661.7 368.3 19.53 0.08 5596 0 1381 0 
#
4 47 59463.86191314368625 1 2.868992 11.74 2.85 1436.7655 0.0076 743.2872 0.0078 11.729 0.021 2.843 0.016 2161534.1 1424.0 36.47 0.11 5586 0 11931 0 1841.8539 0.0411 675.0459 0.0411 12.163 0.121 3.158 0.170 46717.1 332.8 28.17 0.08 5587 0 1244 0 
#
5 47 59463.86191314368625 1 2.868992 11.61 2.98 1432.1337 0.0081 749.8419 0.0083 11.603 0.023 2.980 0.020 1749501.6 1347.3 67.48 0.13 5582 0 9834 0 1836.0108 0.0565 681.2170 0.0565 11.882 0.164 3.293 0.281 34832.8 386.0 60.08 0.11 5596 0 1690 0 
#
1 48 59463.86194644052011 1 2.868992 15.64 2.03 1451.7806 0.0266 741.8810 0.0265 15.637 0.089 2.026 0.042 156457.7 458.2 1.18 0.06 5601 0 1349 0 1856.7303 nan 674.0349 nan nan nan nan nan 5727.3 256.6 -0.18 0.05 5589 0 945 0 
#
2 48 59463.86194644052011 1 2.868992 16.13 2.57 1446.5174 0.0096 750.6341 0.0095 16.126 0.030 2.569 0.018 1988260.2 1464.8 26.08 0.13 5587 0 6426 0 1851.1287 0.0512 680.3037 0.0504 16.323 0.160 2.657 0.146 59586.3 386.8 10.33 0.07 5591 0 1529 0 
#
3 48 59463.86194644052011 1 2.868992 13.92 2.49 1438.0021 0.0083 749.9525 0.0084 13.922 0.025 2.491 0.014 2300691.9 1551.1 36.29 0.14 5588 0 8595 0 1842.9680 0.0476 681.8637 0.0473 13.777 0.145 2.555 0.129 55485.1 389.6 19.63 0.08 5597 0 1345 0 
#
4 48 59463.86194644052011 1 2.868992 12.72 2.47 1437.4742 0.0080 743.3938 0.0080 12.716 0.023 2.473 0.013 2090675.6 1424.5 39.74 0.12 5587 0 9553 0 1842.4433 0.0494 675.1398 0.0489 12.983 0.149 2.548 0.137 45231.0 350.6 28.30 0.08 5604 0 1201 0 
#
5 48 59463.86194644052011 1 2.868992 12.61 2.66 1432.8436 0.0079 749.9548 0.0080 12.611 0.023 2.656 0.016 1703789.5 1352.8 71.50 0.14 5591 0 8191 0 1836.5797 0.0706 681.3027 0.0701 12.891 0.208 2.725 0.241 33418.4 425.1 60.76 0.11 5589 0 1644 0 
#
1 49 59463.86197973736125 1 2.868992 13.13 2.59 1450.2451 0.0206 741.2620 0.0203 13.130 0.062 2.594 0.045 161831.5 432.4 0.67 0.06 5589 0 1559 0 1855.5163 0.1948 673.5039 0.1958 13.101 0.577 2.620 0.650 5631.7 209.4 -0.27 0.05 5610 0 954 0 
#
2 49 59463.86197973736125 1 2.868992 13.24 2.96 1444.9511 0.0118 750.0604 0.0115 13.185 0.033 2.945 0.025 2040631.3 1391.8 19.67 0.10 5576 0 9253 0 1849.8977 0.0391 679.6530 0.0383 13.939 0.114 3.762 0.199 60313.5 332.8 10.06 0.07 5596 0 1603 0 
#
3 49 59463.86197973736125 1 2.868992 11.31 2.82 1436.4412 0.0094 749.3447 0.0095 11.284 0.026 2.815 0.019 2356883.2 1509.2 30.53 0.11 5576 0 13396 0 1841.6178 0.0352 681.2645 0.0353 11.768 0.102 3.378 0.161 56974.8 335.2 19.52 0.08 5587 0 1431 0 
#
4 49 59463.86197973736125 1 2.868992 10.29 2.76 1435.9380 0.0091 742.8075 0.0091 10.259 0.024 2.756 0.018 2146993.9 1405.6 35.25 0.11 5584 0 14572 0 1841.2075 0.0363 674.5509 0.0363 10.820 0.105 3.259 0.165 46067.3 299.7 28.35 0.08 5585 0 1303 0 
#
5 49 59463.86197973736125 1 2.868992 10.17 2.88 1431.2958 0.0092 749.3692 0.0093 10.156 0.025 2.878 0.022 1740557.5 1326.6 66.99 0.12 5573 0 12041 0 1835.2469 0.0478 680.6356 0.0478 10.592 0.138 3.394 0.264 34264.5 343.7 60.13 0.11 5591 0 1733 0 
#
1 50 59463.86201303419512 1 2.868992 14.45 2.72 1450.7729 0.0216 740.6687 0.0214 14.445 0.066 2.720 0.052 163814.7 445.5 0.59 0.05 5583 0 1453 0 1856.0433 0.2080 672.8856 0.2082 14.468 0.617 2.857 0.797 6083.2 236.1 -0.29 0.05 5598 0 952 0 
#
2 50 59463.86201303419512 1 2.868992 14.49 3.13 1445.4034 0.0097 749.4461 0.0095 14.458 0.028 3.124 0.024 2056656.9 1416.7 20.35 0.10 5584 0 8177 0 1850.3675 0.0422 679.0449 0.0414 15.138 0.124 4.150 0.258 60944.1 350.5 10.08 0.06 5592 0 1568 0 
#
3 50 59463.86201303419512 1 2.868992 12.42 2.96 1436.8929 0.0077 748.7421 0.0078 12.409 0.022 2.957 0.017 2377210.1 1528.5 31.06 0.11 5580 0 11166 0 1842.1751 0.0388 680.6536 0.0387 12.788 0.114 3.469 0.183 56655.8 355.8 19.54 0.08 5598 0 1385 0 
#
4 50 59463.86201303419512 1 2.868992 11.37 2.94 1436.3695 0.0075 742.1865 0.0076 11.360 0.021 2.932 0.017 2163158.0 1422.4 35.91 0.11 5595 0 12559 0 1841.6492 0.0391 673.8044 0.0389 11.769 0.114 3.330 0.181 46643.3 323.5 28.25 0.08 5593 0 1268 0 
#
5 50 59463.86201303419512 1 2.868992 11.26 3.12 1431.7278 0.0080 748.7477 0.0080 11.248 0.022 3.115 0.022 1751163.9 1342.9 69.44 0.13 5582 0 10208 0 1835.7521 0.0552 679.9756 0.0550 11.872 0.158 4.008 0.405 34239.2 383.1 61.10 0.11 5597 0 1700 0 
#
1 51 59463.86204633102898 1 2.868992 20.69 2.18 1450.1961 0.0356 743.2119 0.0356 20.694 0.125 2.178 0.079 155924.2 541.8 1.81 0.06 5594 0 1186 0 1856.0433 nan 672.8856 nan nan nan nan nan 6023.6 365.5 -0.36 0.05 5586 0 945 0 
#
2 51 59463.86204633102898 1 2.868992 19.20 2.44 1444.7053 0.0102 751.9916 0.0102 19.187 0.035 2.440 0.021 1956588.3 1647.5 32.38 0.17 5561 0 5037 0 1849.8200 0.0662 681.4726 0.0659 19.624 0.212 2.727 0.219 57730.1 458.2 10.58 0.07 5586 0 1482 0 
#
3 51 59463.86204633102898 1 2.868992 16.72 2.40 1436.2523 0.0097 751.2617 0.0098 16.707 0.032 2.398 0.018 2271777.0 1671.3 42.63 0.17 5568 0 6493 0 1841.4445 0.0638 682.9040 0.0637 17.062 0.199 2.654 0.194 54765.1 462.9 19.81 0.08 5597 0 1277 0 
#
4 51 59463.86204633102898 1 2.868992 15.42 2.47 1435.7226 0.0097 744.6878 0.0098 15.405 0.031 2.462 0.017 2077492.2 1504.0 44.91 0.15 5577 0 7073 0 1841.0791 0.0639 676.2503 0.0637 15.974 0.193 3.123 0.259 44597.5 420.1 28.28 0.08 5605 0 1139 0 
#
5 51 59463.86204633102898 1 2.868992 14.80 2.55 1431.0840 0.0100 751.2430 0.0102 14.794 0.031 2.546 0.020 1680492.6 1403.8 74.48 0.15 5584 0 6271 0 1835.2298 0.0911 682.4262 0.0908 14.928 0.272 2.752 0.316 33553.3 494.4 60.84 0.11 5586 0 1617 0 
#
1 52 59463.86207962786284 1 2.868992 21.59 2.03 1453.3322 0.0377 740.7684 0.0380 21.588 0.135 2.026 0.079 155478.5 553.9 1.96 0.06 5593 0 1181 0 1856.0433 nan 672.8856 nan nan nan nan nan 6005.2 367.9 -0.31 0.05 5582 0 941 0 
#
2 52 59463.86207962786284 1 2.868992 20.18 2.35 1448.0267 0.0161 749.5438 0.0162 20.149 0.057 2.344 0.033 1951612.7 1781.4 34.35 0.19 5579 0 4833 0 1852.7080 0.0712 679.0977 0.0710 20.683 0.230 2.649 0.234 58548.6 484.6 10.37 0.07 5597 0 1464 0 
#
3 52 59463.86207962786284 1 2.868992 17.46 2.26 1439.5119 0.0152 748.8541 0.0155 17.463 0.052 2.260 0.026 2266358.5 1745.7 44.86 0.19 5564 0 6085 0 1844.3417 0.0677 680.7617 0.0683 17.484 0.220 2.269 0.164 54734.2 478.0 19.86 0.08 5589 0 1282 0 
#
4 52 59463.86207962786284 1 2.868992 16.06 2.31 1438.9852 0.0147 742.2881 0.0150 16.041 0.048 2.311 0.025 2063315.0 1540.7 46.62 0.16 5582 0 6583 0 1843.8294 0.0693 674.0160 0.0693 16.381 0.216 2.583 0.206 44102.9 430.5 28.35 0.08 5587 0 1132 0 
#
5 52 59463.86207962786284 1 2.868992 15.43 2.40 1434.2671 0.0147 748.8437 0.0150 15.421 0.048 2.400 0.027 1671567.1 1425.5 76.18 0.15 5573 0 6183 0 1838.0654 0.0994 680.0967 0.0996 15.731 0.305 2.379 0.272 33808.2 524.6 60.64 0.11 5594 0 1604 0 
#
1 53 59463.86211292469670 1 2.868992 18.81 2.11 1453.1341 0.0322 740.6762 0.0325 18.807 0.112 2.107 0.062 158456.1 507.4 1.49 0.06 5596 0 1244 0 1856.0433 nan 672.8856 nan nan nan nan nan 4751.9 323.4 -0.18 0.05 5598 0 943 0 
#
2 53 59463.86211292469670 1 2.868992 17.66 2.25 1447.8754 0.0116 749.2934 0.0119 17.643 0.040 2.247 0.020 1965741.1 1562.0 29.72 0.16 5559 0 5726 0 1852.9101 0.0592 679.0232 0.0595 18.076 0.190 2.625 0.176 58222.1 417.2 10.43 0.07 5595 0 1489 0 
#
3 53 59463.86211292469670 1 2.868992 15.22 2.19 1439.3270 0.0120 748.6338 0.0125 15.218 0.040 2.198 0.018 2263826.6 1609.8 40.64 0.16 5554 0 7633 0 1844.4486 0.0573 680.7346 0.0584 15.335 0.186 2.080 0.115 54233.8 413.7 19.85 0.08 5585 0 1330 0 
#
4 53 59463.86211292469670 1 2.868992 13.89 2.19 1438.7417 0.0118 742.0731 0.0123 13.874 0.038 2.191 0.017 2052254.3 1448.0 43.30 0.14 5567 0 8389 0 1844.0521 0.0580 673.9163 0.0588 14.235 0.181 2.395 0.148 43895.8 375.8 28.39 0.08 5584 0 1168 0 
#
5 53 59463.86211292469670 1 2.868992 13.37 2.26 1434.1025 0.0120 748.6396 0.0125 13.349 0.038 2.257 0.019 1661076.0 1360.5 74.19 0.14 5595 0 7534 0 1838.0305 0.0800 680.0057 0.0810 14.036 0.239 2.921 0.311 33171.3 447.3 60.66 0.11 5593 0 1647 0 
#
1 54 59463.86214622153057 1 2.868992 19.35 2.61 1452.8426 0.0318 739.3906 0.0320 19.345 0.107 2.605 0.085 161000.2 515.6 1.22 0.06 5599 0 1232 0 1856.0433 nan 672.8856 nan nan nan nan nan 5905.6 336.0 -0.37 0.05 5596 0 942 0 
#
2 54 59463.86214622153057 1 2.868992 18.96 3.05 1447.5556 0.0146 748.0576 0.0147 18.947 0.047 3.036 0.040 2017211.7 1586.6 27.81 0.15 5563 0 5363 0 1852.1718 0.0604 677.8859 0.0601 19.238 0.187 3.633 0.313 59224.8 456.9 10.33 0.07 5598 0 1498 0 
#
3 54 59463.86214622153057 1 2.868992 16.57 2.90 1439.0609 0.0137 747.3840 0.0140 16.569 0.043 2.897 0.033 2342764.9 1640.7 38.52 0.15 5568 0 6905 0 1843.8524 0.0582 679.5908 0.0585 16.596 0.177 3.382 0.265 55205.3 450.0 19.73 0.08 5591 0 1299 0 
#
4 54 59463.86214622153057 1 2.868992 15.31 2.92 1438.5142 0.0132 740.8070 0.0135 15.302 0.040 2.913 0.031 2132127.4 1492.5 41.56 0.14 5565 0 7335 0 1843.4135 0.0604 672.6523 0.0604 15.555 0.181 3.328 0.273 45159.6 415.0 28.24 0.08 5587 0 1162 0 
#
5 54 59463.86214622153057 1 2.868992 15.07 3.16 1433.8410 0.0131 747.3791 0.0134 15.057 0.040 3.154 0.038 1728230.5 1411.9 73.13 0.14 5592 0 6617 0 1837.5006 0.0855 678.7417 0.0857 15.400 0.250 3.942 0.566 33632.6 504.8 60.94 0.11 5581 0 1609 0 
#
1 55 59463.86217951837170 1 2.868992 9.58 2.85 1450.0015 0.0179 740.2731 0.0167 9.580 0.048 2.846 0.046 161600.2 407.2 0.15 0.06 5592 0 2099 0 1855.3880 0.1081 672.4946 0.1053 9.554 0.306 3.445 0.674 5717.7 152.0 -0.38 0.05 5589 0 972 0 
#
2 55 59463.86217951837170 1 2.868992 11.51 4.06 1444.7304 0.0184 748.9005 0.0171 11.408 0.046 4.011 0.070 2086678.6 1386.1 16.16 0.08 5577 0 12564 0 1849.6546 0.0337 678.6901 0.0315 11.938 0.092 6.037 0.449 62304.7 307.3 9.86 0.06 5581 0 1697 0 
#
3 55 59463.86217951837170 1 2.868992 9.80 3.82 1436.1634 0.0143 748.2480 0.0138 9.785 0.035 3.788 0.053 2425758.9 1516.6 26.64 0.10 5582 0 18066 0 1841.2955 0.0285 680.3293 0.0276 9.895 0.078 5.233 0.335 58332.2 310.3 19.26 0.08 5587 0 1570 0 
#
4 55 59463.86217951837170 1 2.868992 8.99 3.58 1435.6438 0.0136 741.6906 0.0131 8.918 0.033 3.561 0.046 2208664.5 1415.2 32.49 0.10 5575 0 19791 0 1840.8535 0.0299 673.5591 0.0284 9.396 0.082 5.639 0.442 46986.8 279.1 28.00 0.08 5597 0 1401 0 
#
5 55 59463.86217951837170 1 2.868992 9.30 4.05 1430.9925 0.0137 748.2406 0.0133 9.257 0.034 4.042 0.066 1792036.8 1337.3 65.49 0.12 5599 0 15033 0 1834.9789 0.0398 679.7077 0.0387 9.700 0.110 7.944 1.327 34977.6 319.4 60.52 0.11 5593 0 1813 0 
#
1 56 59463.86221281520557 1 2.868992 8.79 3.44 1450.2686 0.0155 741.3323 0.0144 8.786 0.040 3.440 0.059 167152.7 409.5 0.08 0.06 5583 0 2353 0 1855.7158 0.0923 673.6791 0.0882 8.769 0.255 3.451 0.595 6035.8 142.3 -0.42 0.05 5588 0 982 0 
#
2 56 59463.86221281520557 1 2.868992 10.61 4.98 1445.0075 0.0165 750.1071 0.0150 10.383 0.040 4.965 0.100 2130087.7 1393.2 14.53 0.08 5573 0 15084 0 1849.9751 0.0314 679.8677 0.0285 11.605 0.084 15.748 3.014 63183.4 297.2 9.81 0.06 5590 0 1736 0 
#
3 56 59463.86221281520557 1 2.868992 8.98 4.57 1436.4356 0.0112 749.4062 0.0107 8.855 0.027 4.564 0.065 2482700.3 1529.2 25.07 0.10 5582 0 22116 0 1841.6303 0.0271 681.4209 0.0256 9.882 0.074 12.812 2.029 59969.0 302.2 19.15 0.08 5581 0 1617 0 
#
4 56 59463.86221281520557 1 2.868992 8.08 3.99 1435.9352 0.0109 742.8648 0.0104 7.944 0.026 3.983 0.050 2258883.0 1426.4 31.13 0.10 5580 0 25911 0 1841.1332 0.0278 674.6493 0.0258 9.181 0.075 10.010 1.363 48326.1 265.9 27.87 0.08 5606 0 1468 0 
#
5 56 59463.86221281520557 1 2.868992 8.58 4.53 1431.2892 0.0115 749.4142 0.0111 8.289 0.028 4.534 0.075 1827177.6 1343.1 65.79 0.12 5578 0 19135 0 1835.3223 0.0363 680.8030 0.0346 9.682 0.056 20.000 -1.000 35818.2 303.8 60.79 0.11 5601 0 1856 0 
