#
# This is a logfile produced by the HiPERCAM pipeline command 'reduce'. It consists
# of one line per reduced CCD per exposure. Each line contains all the information
# from all apertures defined for the CCD. The column names are defined just before
# the data below. The logfile was produced using version number:
#
#  1.1.6
#
# of the HiPERCAM reduction software, and was generated using the following
# command-line inputs to 'reduce':
#
# source = hl
# run    = run0008
# first  = 1
# last   = 0
# twait  = 0.0
# tmax   = 10.0
# trim   = True
# ncol   = 0
# nrow   = 0
# rfile  = run0008_010-large
# log    = run0008-large
# tkeep  = 0.0
# lplot  = True
# implot = True
# ccd    = 0
# nx     = 2
# msub   = True
# iset   = p
# plo    = 1.0
# phi    = 98.0
# xlo    = 1350.0
# xhi    = 1950.0
# ylo    = 600.0
# yhi    = 850.0
#
# and here is a minimal version of the reduce file used ['rfile' above] with
# all between-line comments removed for compactness:
#
#
#   [general]
#   version = 20210602 # must be compatible with the version in reduce
#   instrument = hipercam-gtc # instrument
#   scale = 0.081 # pixel scale, arcsec/pixel
#   ldevice = 1/xs # PGPLOT plot device for light curve plots
#   lwidth = 0.0 # light curve plot width, inches, 0 to let program choose
#   lheight = 0.0 # light curve plot height, inches
#   idevice = 2/xs # PGPLOT plot device for image plots [if implot True]
#   iwidth = 0.0 # image curve plot width, inches, 0 to let program choose
#   iheight = 0.0 # image curve plot height, inches
#   toffset = 0 # integer offset to subtract from the MJD
#   skipbadt = yes
#   warn = 1 50000 64000
#   warn = 2 50000 64000
#   warn = 3 50000 64000
#   warn = 4 50000 64000
#   warn = 5 50000 64000
#   ncpu = 1
#   ngroup = 1
#
#   [apertures]
#   aperfile = run0008_010-large.ape # file of software apertures for each CCD
#   location = variable # aperture locations: 'fixed' or 'variable'
#   search_half_width = 24.7 # for initial search for objects around previous position, unbinned pixels
#   search_smooth_fwhm = 8.6 # smoothing FWHM, binned pixels
#   search_smooth_fft = no # use FFTs for smoothing, 'yes' or 'no'.
#   fit_method = moffat # gaussian or moffat
#   fit_beta = 5.0 # Moffat exponent
#   fit_beta_max = 20.0 # max Moffat expt
#   fit_fwhm = 8.6 # FWHM, unbinned pixels
#   fit_fwhm_min = 1.5 # Minimum FWHM, unbinned pixels [MUST be < fit_fwhm!]
#   fit_fwhm_max = 74.1 # Maximum FWHM, unbinned pixels
#   fit_ndiv = 0 # sub-pixellation factor
#   fit_fwhm_fixed = no # Might want to set = 'yes' for defocussed images
#   fit_half_width = 49.4 # for fit, unbinned pixels
#   fit_thresh = 8.00 # RMS rejection threshold for fits
#   fit_height_min_ref = 40.0 # minimum height to accept a fit, reference aperture
#   fit_height_min_nrf = 10.0 # minimum height to accept a fit, non-reference aperture
#   fit_max_shift = 6.2 # max. non-ref. shift, unbinned pixels.
#   fit_alpha = 0.10 # Fraction of non-reference aperture shift to apply
#   fit_diff = 4.12 # Maximum differential shift of multiple reference apertures, unbinned
#
#   [extraction]
#   1 = variable normal 1.80 3.0 44.4 2.5 44.4 44.4 3.0 66.7 66.7
#   2 = variable normal 1.80 3.0 44.4 2.5 44.4 44.4 3.0 66.7 66.7
#   3 = variable normal 1.80 3.0 44.4 2.5 44.4 44.4 3.0 66.7 66.7
#   4 = variable normal 1.80 3.0 44.4 2.5 44.4 44.4 3.0 66.7 66.7
#   5 = variable normal 1.80 3.0 44.4 2.5 44.4 44.4 3.0 66.7 66.7
#
#   [psf_photom]
#   gfac = 3.0  # multiple of the FWHM to use in grouping objects
#   fit_half_width = 15.0  # size of window used to collect the data to do the fitting
#   positions = fixed   # 'fixed' or 'variable'
#
#   [sky]
#   method = clipped # 'clipped' | 'median'
#   error  = variance # 'variance' | 'photon': first uses actual variance of sky
#   thresh = 3.0 # threshold in terms of RMS for 'clipped'
#
#   [calibration]
#   crop = yes # Crop calibrations to match the data
#   bias = masterBiasFlats.hcm # Bias frame, blank to ignore
#   flat = masterFlat.hcm # Flat field frame, blank to ignore
#   dark =  # Dark frame, blank to ignore
#   fmap = hipercam_fmap_2018_05_19.hcm # Fringe map frame, blank to ignore
#   fpair = hipercam_fpair_2018_04_15.frng # File of fringe pairs, ignored if fmap blank
#   nhalf = 3 # Half-size of region used for fringe ratios, binned pix, ignored if fmap blank=""
#   rmin = -1.0 # Mininum acceptable individual fmap ratio, ignored if fmap blank
#   rmax = 2.0 # Maximum acceptable individual fmap ratio, ignored if fmap blank
#   readout = 4.2 # RMS ADU. Float or string name of a file or "!" to estimate on the fly
#   gain = 1.1 # Gain, electrons/ADU. Float or string name of a file
#
#   [position]
#   height = 0.5 # height relative to light curve plot
#   x_fixed = no # keep X-position vertical range fixed
#   x_min = -5.0 # lower limit for X-position
#   x_max = 5.0 # upper limit for X-position
#   y_fixed = no # keep Y-position vertical range fixed
#   y_min = -5.0 # lower limit for Y-position
#   y_max = 5.0 # upper limit for Y-position
#   extend_y = 0.2 # Vertical extension fraction if limits exceeded
#   plot = 2 2 darkred ! # ccd, targ, dcol, ecol
#
#   [focal_mask]
#   demask = no
#   dthresh = 3.0
#
#   [monitor]
#   1 = NO_EXTRACTION TARGET_SATURATED TARGET_AT_EDGE TARGET_NONLINEAR NO_SKY NO_FWHM NO_DATA SKY_AT_EDGE
#   2 = NO_EXTRACTION TARGET_SATURATED TARGET_AT_EDGE TARGET_NONLINEAR NO_SKY NO_FWHM NO_DATA SKY_AT_EDGE
#
# Next here is the aperture file used in JSON-style format that (without
# the initial comment hashes) is readable by setaper and reduce:
#
#   [
#     "hipercam.MccdAper",
#     [
#       "1",
#       [
#         "hipercam.CcdAper",
#         [
#           "1",
#           {
#             "Comment": "hipercam.Aperture",
#             "x": 1450.8535182157832,
#             "y": 740.7616096177763,
#             "rtarg": 100.0,
#             "rsky1": 150.0,
#             "rsky2": 200.0,
#             "ref": false,
#             "mask": [
#               [
#                 -77.96412968910272,
#                 -203.63078669053243,
#                 41.314149270292845
#               ]
#             ],
#             "extra": [],
#             "link": ""
#           }
#         ],
#         [
#           "2",
#           {
#             "Comment": "hipercam.Aperture",
#             "x": 1855.9604316979287,
#             "y": 672.694386196066,
#             "rtarg": 65.0,
#             "rsky1": 90.0,
#             "rsky2": 115.0,
#             "ref": false,
#             "mask": [],
#             "extra": [],
#             "link": ""
#           }
#         ]
#       ]
#     ],
#     [
#       "2",
#       [
#         "hipercam.CcdAper",
#         [
#           "1",
#           {
#             "Comment": "hipercam.Aperture",
#             "x": 1445.687489865558,
#             "y": 749.4609039519029,
#             "rtarg": 100.0,
#             "rsky1": 150.0,
#             "rsky2": 200.0,
#             "ref": false,
#             "mask": [
#               [
#                 -77.96412968910272,
#                 -203.63078669053243,
#                 41.314149270292845
#               ]
#             ],
#             "extra": [],
#             "link": ""
#           }
#         ],
#         [
#           "2",
#           {
#             "Comment": "hipercam.Aperture",
#             "x": 1850.5263342044775,
#             "y": 679.1610014348007,
#             "rtarg": 65.0,
#             "rsky1": 90.0,
#             "rsky2": 115.0,
#             "ref": false,
#             "mask": [],
#             "extra": [],
#             "link": ""
#           }
#         ]
#       ]
#     ],
#     [
#       "3",
#       [
#         "hipercam.CcdAper",
#         [
#           "1",
#           {
#             "Comment": "hipercam.Aperture",
#             "x": 1437.2241306146482,
#             "y": 748.8545359694242,
#             "rtarg": 100.0,
#             "rsky1": 150.0,
#             "rsky2": 200.0,
#             "ref": false,
#             "mask": [
#               [
#                 -77.96412968910272,
#                 -203.63078669053243,
#                 41.314149270292845
#               ]
#             ],
#             "extra": [],
#             "link": ""
#           }
#         ],
#         [
#           "2",
#           {
#             "Comment": "hipercam.Aperture",
#             "x": 1842.3396351517615,
#             "y": 680.742213231047,
#             "rtarg": 65.0,
#             "rsky1": 90.0,
#             "rsky2": 115.0,
#             "ref": false,
#             "mask": [],
#             "extra": [],
#             "link": ""
#           }
#         ]
#       ]
#     ],
#     [
#       "4",
#       [
#         "hipercam.CcdAper",
#         [
#           "1",
#           {
#             "Comment": "hipercam.Aperture",
#             "x": 1436.728770012948,
#             "y": 742.3087628542327,
#             "rtarg": 100.0,
#             "rsky1": 150.0,
#             "rsky2": 200.0,
#             "ref": false,
#             "mask": [
#               [
#                 -77.96412968910272,
#                 -203.63078669053243,
#                 41.314149270292845
#               ]
#             ],
#             "extra": [],
#             "link": ""
#           }
#         ],
#         [
#           "2",
#           {
#             "Comment": "hipercam.Aperture",
#             "x": 1841.9326220605592,
#             "y": 674.0334534680986,
#             "rtarg": 65.0,
#             "rsky1": 90.0,
#             "rsky2": 115.0,
#             "ref": false,
#             "mask": [],
#             "extra": [],
#             "link": ""
#           }
#         ]
#       ]
#     ],
#     [
#       "5",
#       [
#         "hipercam.CcdAper",
#         [
#           "1",
#           {
#             "Comment": "hipercam.Aperture",
#             "x": 1432.1291612879088,
#             "y": 748.867173467352,
#             "rtarg": 100.0,
#             "rsky1": 150.0,
#             "rsky2": 200.0,
#             "ref": false,
#             "mask": [
#               [
#                 -77.96412968910272,
#                 -203.63078669053243,
#                 41.314149270292845
#               ]
#             ],
#             "extra": [],
#             "link": ""
#           }
#         ],
#         [
#           "2",
#           {
#             "Comment": "hipercam.Aperture",
#             "x": 1836.0160001234874,
#             "y": 680.1971064307717,
#             "rtarg": 65.0,
#             "rsky1": 90.0,
#             "rsky2": 115.0,
#             "ref": false,
#             "mask": [],
#             "extra": [],
#             "link": ""
#           }
#         ]
#       ]
#     ]
#   ]
#
# Now follow column name definitions for each CCD. These include all apertures
# of the CCD. Since there are 15 items stored per aperture and each column name
# is built from the item name followed by an underscore and finally the aperture
# name, thus these definition can be very long and won't be very readable. Each
# line starts with the '<CCD label> = '. The various items have the following
# meanings. First the generic ones at the start of the line:
#
#    CCD    : CCD label
#    nframe : integer frame number
#    MJD    : MJD at the centre of the exposure
#    MJDok  : flag to say whether the MJD is thought reliable
#    Exptim : exposure time, seconds
#    mfwhm  : the mean FWHM used to determine the aperture scale (-1 if none)
#    mbeta  : the mean Moffat beta exponent (-1 if none)
#
# Then a set of 16 items that is repeated for each aperture and will
# have '_<apnam>' added to them. The 'errors' are RMS uncertainties, and
# may often be set to -1 if no direct measurement is made. This can happen
# through problems that occur or because an aperture is linked for instance.
#
#    x       : X-position
#    xe      : X-position error
#    y       : Y-position
#    ye      : Y-position error
#    fwhm    : FWHM
#    fwhme   : FWHM error
#    beta    : Moffat exponent
#    betae   : Moffat exponent error
#    counts   : sky-subtracted counts in aperture
#    countse  : error in       "          "
#    sky     : sky level, counts per pixel
#    skye    : sky level error, counts per pixel
#    nsky    : number of contributing sky pixels (those not rejected)
#    nrej    : number of sky pixels rejected
#    cmax    : maximum raw counts in aperture
#    flag    : status flag, 0 = all OK.
#
# Start of column name definitions:
#
# 1 = CCD nframe MJD MJDok Exptim mfwhm mbeta x_1 xe_1 y_1 ye_1 fwhm_1 fwhme_1 beta_1 betae_1 counts_1 countse_1 sky_1 skye_1 nsky_1 nrej_1 cmax_1 flag_1 x_2 xe_2 y_2 ye_2 fwhm_2 fwhme_2 beta_2 betae_2 counts_2 countse_2 sky_2 skye_2 nsky_2 nrej_2 cmax_2 flag_2 
# 2 = CCD nframe MJD MJDok Exptim mfwhm mbeta x_1 xe_1 y_1 ye_1 fwhm_1 fwhme_1 beta_1 betae_1 counts_1 countse_1 sky_1 skye_1 nsky_1 nrej_1 cmax_1 flag_1 x_2 xe_2 y_2 ye_2 fwhm_2 fwhme_2 beta_2 betae_2 counts_2 countse_2 sky_2 skye_2 nsky_2 nrej_2 cmax_2 flag_2 
# 3 = CCD nframe MJD MJDok Exptim mfwhm mbeta x_1 xe_1 y_1 ye_1 fwhm_1 fwhme_1 beta_1 betae_1 counts_1 countse_1 sky_1 skye_1 nsky_1 nrej_1 cmax_1 flag_1 x_2 xe_2 y_2 ye_2 fwhm_2 fwhme_2 beta_2 betae_2 counts_2 countse_2 sky_2 skye_2 nsky_2 nrej_2 cmax_2 flag_2 
# 4 = CCD nframe MJD MJDok Exptim mfwhm mbeta x_1 xe_1 y_1 ye_1 fwhm_1 fwhme_1 beta_1 betae_1 counts_1 countse_1 sky_1 skye_1 nsky_1 nrej_1 cmax_1 flag_1 x_2 xe_2 y_2 ye_2 fwhm_2 fwhme_2 beta_2 betae_2 counts_2 countse_2 sky_2 skye_2 nsky_2 nrej_2 cmax_2 flag_2 
# 5 = CCD nframe MJD MJDok Exptim mfwhm mbeta x_1 xe_1 y_1 ye_1 fwhm_1 fwhme_1 beta_1 betae_1 counts_1 countse_1 sky_1 skye_1 nsky_1 nrej_1 cmax_1 flag_1 x_2 xe_2 y_2 ye_2 fwhm_2 fwhme_2 beta_2 betae_2 counts_2 countse_2 sky_2 skye_2 nsky_2 nrej_2 cmax_2 flag_2 
#
# End of column name definitions
#
# Now follow a similar series of datatypes which are designed to be used to
# build a numpy.dtype for each CCD to allow them to read into numpy structured
# arrays.
#
# Start of data type definitions:
#
# 1 = s i4 f8 ? f4 f4 f4 f4 f4 f4 f4 f4 f4 f4 f4 f4 f4 f4 f4 i4 i4 i4 u4 f4 f4 f4 f4 f4 f4 f4 f4 f4 f4 f4 f4 i4 i4 i4 u4 
# 2 = s i4 f8 ? f4 f4 f4 f4 f4 f4 f4 f4 f4 f4 f4 f4 f4 f4 f4 i4 i4 i4 u4 f4 f4 f4 f4 f4 f4 f4 f4 f4 f4 f4 f4 i4 i4 i4 u4 
# 3 = s i4 f8 ? f4 f4 f4 f4 f4 f4 f4 f4 f4 f4 f4 f4 f4 f4 f4 i4 i4 i4 u4 f4 f4 f4 f4 f4 f4 f4 f4 f4 f4 f4 f4 i4 i4 i4 u4 
# 4 = s i4 f8 ? f4 f4 f4 f4 f4 f4 f4 f4 f4 f4 f4 f4 f4 f4 f4 i4 i4 i4 u4 f4 f4 f4 f4 f4 f4 f4 f4 f4 f4 f4 f4 i4 i4 i4 u4 
# 5 = s i4 f8 ? f4 f4 f4 f4 f4 f4 f4 f4 f4 f4 f4 f4 f4 f4 f4 i4 i4 i4 u4 f4 f4 f4 f4 f4 f4 f4 f4 f4 f4 f4 f4 i4 i4 i4 u4 
#
# End of data type definitions
#
#
1 1 59463.86039809212525 1 2e-05 nan nan 1450.8535 nan 740.7616 nan nan nan nan nan nan nan nan nan 0 0 0 1 1855.9604 nan 672.6944 nan nan nan nan nan nan nan nan nan 0 0 0 1 
#
2 1 59463.86039809212525 1 2e-05 13.95 8.96 1445.3913 0.1450 749.1977 0.1435 13.954 0.407 8.959 4.953 7270.1 217.0 -1.14 0.05 7762 0 1381 0 1850.5263 nan 679.1610 nan nan nan nan nan 82.0 205.3 -1.11 0.05 7745 0 1358 0 
#
3 1 59463.86039809212525 1 2e-05 12.03 8.58 1436.6778 0.1038 748.7179 0.1038 12.031 0.292 8.583 3.561 8834.3 204.2 -0.36 0.05 7755 0 1188 0 1842.3396 nan 680.7422 nan nan nan nan nan 244.8 186.8 -0.49 0.05 7754 0 1135 0 
#
4 1 59463.86039809212525 1 2e-05 11.09 9.73 1436.6324 0.0945 741.8952 0.0942 11.088 0.267 9.730 4.470 7729.9 177.9 -1.21 0.05 7749 0 1035 0 1841.9326 nan 674.0335 nan nan nan nan nan 76.7 160.1 -1.37 0.05 7754 0 983 0 
#
5 1 59463.86039809212525 1 2e-05 11.44 nan 1432.1889 0.1240 748.5713 0.1246 11.439 0.203 20.000 -1.000 6044.4 186.2 -1.65 0.05 7757 0 1485 0 1836.0160 nan 680.1971 nan nan nan nan nan -110.5 168.6 -1.76 0.05 7742 0 1450 0 
#
1 2 59463.86041478611151 1 2.868992 12.07 2.97 1450.7069 0.0175 740.8026 0.0170 12.075 0.048 2.969 0.043 166605.5 426.6 0.44 0.05 7752 0 1696 0 1856.0503 0.1594 673.0087 0.1566 11.883 0.457 2.898 0.599 5963.7 187.8 0.06 0.05 7756 0 965 0 
#
2 2 59463.86041478611151 1 2.868992 12.73 3.45 1445.5570 0.0111 749.6506 0.0106 12.703 0.028 3.435 0.028 2091465.5 1387.9 15.64 0.06 7762 0 10217 0 1850.2863 0.0350 679.2445 0.0337 13.113 0.098 4.318 0.219 62348.5 325.6 11.35 0.06 7751 0 1639 0 
#
3 2 59463.86041478611151 1 2.868992 11.00 3.31 1437.0955 0.0087 748.9498 0.0085 10.978 0.022 3.303 0.021 2428845.3 1518.3 25.24 0.08 7746 0 14324 0 1841.9334 0.0327 680.9223 0.0323 11.354 0.092 4.199 0.220 58230.3 327.3 20.20 0.07 7756 0 1468 0 
#
4 2 59463.86041478611151 1 2.868992 10.11 3.26 1436.6215 0.0081 742.4030 0.0080 10.082 0.020 3.256 0.021 2210635.7 1417.3 31.73 0.08 7772 0 15869 0 1841.5569 0.0328 674.0713 0.0321 10.661 0.092 4.335 0.256 47715.1 297.1 29.56 0.07 7755 0 1327 0 
#
5 2 59463.86041478611151 1 2.868992 10.19 3.53 1431.9936 0.0085 748.9708 0.0083 10.177 0.022 3.524 0.028 1791188.9 1341.1 65.55 0.10 7751 0 12519 0 1835.7034 0.0466 680.3364 0.0456 10.721 0.130 4.611 0.457 35024.4 338.5 61.00 0.09 7762 0 1740 0 
#
1 3 59463.86044808294537 1 2.868992 11.61 3.28 1449.2287 0.0160 741.8875 0.0155 11.616 0.044 3.279 0.049 167584.3 425.3 0.32 0.05 7764 0 1807 0 1854.8010 0.1316 674.1759 0.1301 11.406 0.377 3.379 0.688 6105.6 184.6 0.03 0.05 7755 0 961 0 
#
2 3 59463.86044808294537 1 2.868992 12.89 4.12 1444.0081 0.0103 750.7139 0.0099 12.823 0.026 4.110 0.037 2124522.6 1397.6 14.99 0.06 7739 0 10271 0 1848.9545 0.0350 680.3532 0.0334 13.785 0.097 6.775 0.537 63290.9 327.0 11.35 0.06 7746 0 1629 0 
#
3 3 59463.86044808294537 1 2.868992 11.05 3.84 1435.5545 0.0089 750.0223 0.0089 10.999 0.023 3.828 0.030 2467297.9 1529.2 24.51 0.07 7764 0 14543 0 1840.7351 0.0319 681.9574 0.0313 11.845 0.089 7.548 0.714 59733.3 330.9 20.18 0.07 7745 0 1467 0 
#
4 3 59463.86044808294537 1 2.868992 10.16 3.75 1435.0770 0.0086 743.4748 0.0086 10.121 0.022 3.742 0.030 2244394.4 1428.1 31.47 0.08 7754 0 16193 0 1840.3485 0.0325 675.1627 0.0316 10.902 0.090 6.407 0.567 47998.5 301.3 29.63 0.07 7758 0 1318 0 
#
5 3 59463.86044808294537 1 2.868992 10.48 4.23 1430.4492 0.0098 750.0367 0.0098 10.349 0.025 4.230 0.048 1820519.6 1353.5 64.50 0.10 7752 0 12637 0 1834.4868 0.0456 681.3121 0.0448 11.581 0.072 20.000 -1.000 35410.5 348.9 60.81 0.09 7786 0 1745 0 
#
1 4 59463.86048137977923 1 2.868992 11.95 2.39 1449.7108 0.0181 743.6662 0.0181 11.949 0.052 2.393 0.030 162887.9 421.7 0.41 0.05 7749 0 1638 0 1855.5287 0.1612 675.9145 0.1595 12.353 0.460 3.385 0.815 5928.4 184.9 -0.14 0.05 7750 0 960 0 
#
2 4 59463.86048137977923 1 2.868992 12.53 2.80 1444.5768 0.0101 752.4428 0.0099 12.489 0.027 2.793 0.017 2058260.4 1377.3 16.00 0.07 7770 0 10046 0 1849.4973 0.0373 681.9868 0.0361 13.170 0.107 3.273 0.134 61616.7 320.7 11.28 0.06 7757 0 1637 0 
#
3 4 59463.86048137977923 1 2.868992 10.73 2.69 1436.1218 0.0087 751.6957 0.0089 10.701 0.023 2.689 0.015 2375278.4 1501.2 25.78 0.08 7747 0 14066 0 1841.3041 0.0342 683.5796 0.0341 11.241 0.097 3.226 0.135 57079.5 323.8 20.14 0.07 7775 0 1450 0 
#
4 4 59463.86048137977923 1 2.868992 9.88 2.68 1435.6526 0.0083 745.1214 0.0085 9.849 0.022 2.675 0.014 2160005.0 1400.2 32.30 0.08 7737 0 15218 0 1840.9010 0.0341 676.7727 0.0339 10.555 0.097 3.304 0.152 46977.4 293.1 29.50 0.07 7763 0 1351 0 
#
5 4 59463.86048137977923 1 2.868992 9.83 2.81 1431.0420 0.0087 751.6546 0.0089 9.812 0.023 2.802 0.018 1750753.5 1324.1 64.63 0.10 7744 0 12395 0 1835.0793 0.0470 682.8862 0.0465 10.556 0.133 3.866 0.324 34305.8 327.3 60.32 0.09 7756 0 1723 0 
#
1 5 59463.86051467662037 1 2.868992 13.74 2.52 1449.8040 0.0209 741.8026 0.0204 13.742 0.061 2.524 0.038 162903.0 435.3 0.46 0.05 7753 0 1504 0 1855.7425 0.2037 673.8470 0.2021 13.603 0.586 3.030 0.798 5541.5 214.9 0.00 0.05 7755 0 949 0 
#
2 5 59463.86051467662037 1 2.868992 13.79 2.74 1444.6344 0.0093 750.6280 0.0089 13.758 0.025 2.735 0.015 2046728.6 1381.4 16.80 0.07 7759 0 8457 0 1849.7063 0.0424 680.2214 0.0409 14.453 0.122 3.140 0.138 60603.8 337.5 11.27 0.06 7730 0 1573 0 
#
3 5 59463.86051467662037 1 2.868992 11.90 2.67 1436.1796 0.0072 749.9572 0.0071 11.888 0.019 2.662 0.012 2364593.3 1503.8 26.68 0.08 7736 0 11750 0 1841.5406 0.0379 681.8448 0.0372 12.272 0.109 3.094 0.132 57614.5 346.3 20.08 0.07 7763 0 1402 0 
#
4 5 59463.86051467662037 1 2.868992 10.91 2.65 1435.6888 0.0071 743.4219 0.0070 10.890 0.019 2.648 0.012 2149508.9 1403.3 32.99 0.08 7763 0 12912 0 1841.1148 0.0393 675.0693 0.0385 11.479 0.111 3.197 0.158 45399.9 308.8 29.50 0.07 7764 0 1264 0 
#
5 5 59463.86051467662037 1 2.868992 10.82 2.77 1431.0929 0.0080 749.9774 0.0079 10.814 0.021 2.766 0.016 1741500.4 1329.6 65.32 0.10 7748 0 10689 0 1835.3447 0.0543 681.1714 0.0533 11.361 0.153 3.324 0.261 34323.9 354.3 60.36 0.09 7749 0 1695 0 
#
1 6 59463.86054797345423 1 2.868992 16.65 2.06 1449.4507 0.0285 741.4019 0.0277 16.648 0.091 2.060 0.039 161180.0 461.5 0.74 0.05 7787 0 1319 0 1855.7425 nan 673.8470 nan nan nan nan nan 5977.8 265.4 -0.06 0.05 7747 0 942 0 
#
2 6 59463.86054797345423 1 2.868992 16.93 2.45 1444.3205 0.0150 750.2663 0.0141 16.900 0.045 2.446 0.021 2024641.7 1416.5 19.75 0.08 7732 0 6091 0 1849.3434 0.0574 679.8214 0.0550 17.385 0.172 2.745 0.147 60726.8 389.2 11.26 0.06 7747 0 1516 0 
#
3 6 59463.86054797345423 1 2.868992 14.83 2.41 1435.8765 0.0129 749.6032 0.0122 14.807 0.037 2.405 0.017 2337020.0 1527.1 29.61 0.09 7719 0 7938 0 1841.1427 0.0558 681.3643 0.0539 15.206 0.165 2.655 0.140 56483.9 398.4 20.12 0.07 7748 0 1321 0 
#
4 6 59463.86054797345423 1 2.868992 13.78 2.48 1435.3872 0.0130 743.0781 0.0122 13.745 0.036 2.471 0.018 2129651.5 1422.1 35.49 0.09 7750 0 8646 0 1840.8957 0.0588 674.7680 0.0566 14.505 0.171 2.842 0.175 45439.9 367.4 29.50 0.07 7749 0 1165 0 
#
5 6 59463.86054797345423 1 2.868992 13.67 2.63 1430.7971 0.0145 749.6248 0.0136 13.648 0.040 2.630 0.025 1725878.2 1356.7 67.06 0.11 7764 0 7480 0 1834.8875 0.0823 680.9147 0.0801 14.264 0.237 2.976 0.290 34049.9 437.7 60.53 0.09 7747 0 1633 0 
#
1 7 59463.86058127028809 1 2.868992 11.61 1.46 1449.1669 0.0240 741.0493 0.0238 11.608 0.078 1.457 0.018 142165.8 396.8 0.62 0.05 7763 0 1527 0 1854.8770 0.2063 673.5198 0.2051 11.608 0.649 1.492 0.236 5318.4 181.5 -0.10 0.05 7746 0 950 0 
#
2 7 59463.86058127028809 1 2.868992 12.99 1.83 1444.1400 0.0145 749.6799 0.0144 12.953 0.044 1.829 0.012 1889100.1 1336.4 19.62 0.08 7714 0 8231 0 1849.1917 0.0469 679.6468 0.0460 13.408 0.145 1.892 0.063 56260.6 320.9 11.29 0.06 7754 0 1593 0 
#
3 7 59463.86058127028809 1 2.868992 10.94 1.77 1435.6719 0.0128 749.0156 0.0130 10.929 0.037 1.769 0.010 2145177.5 1436.9 29.37 0.09 7731 0 11947 0 1840.9832 0.0422 681.2680 0.0422 11.056 0.128 1.854 0.058 51303.8 317.0 19.89 0.07 7755 0 1414 0 
#
4 7 59463.86058127028809 1 2.868992 10.00 1.79 1435.1929 0.0119 742.4647 0.0121 9.981 0.034 1.787 0.010 1944539.2 1336.1 35.28 0.09 7739 0 13372 0 1840.5137 0.0421 674.4794 0.0421 10.327 0.127 1.841 0.061 42092.8 284.9 29.33 0.07 7768 0 1274 0 
#
5 7 59463.86058127028809 1 2.868992 10.10 1.90 1430.5959 0.0118 749.0018 0.0120 10.092 0.034 1.895 0.012 1597375.4 1269.8 66.97 0.10 7750 0 10744 0 1834.5909 0.0588 680.6853 0.0589 10.280 0.174 1.946 0.104 31376.0 333.3 60.40 0.10 7772 0 1694 0 
#
1 8 59463.86061456712196 1 2.868992 9.97 3.09 1449.2268 0.0145 741.3113 0.0139 9.967 0.038 3.095 0.041 166477.1 414.6 0.12 0.05 7757 0 2086 0 1854.8394 0.1099 673.3307 0.1076 9.845 0.311 3.050 0.502 6064.3 156.7 -0.25 0.05 7750 0 970 0 
#
2 8 59463.86061456712196 1 2.868992 11.29 3.89 1444.1230 0.0111 750.0605 0.0105 11.198 0.027 3.874 0.037 2114499.8 1388.3 14.23 0.06 7743 0 12922 0 1849.1938 0.0298 679.7659 0.0284 12.119 0.082 7.091 0.539 63313.1 304.5 10.99 0.06 7747 0 1708 0 
#
3 8 59463.86061456712196 1 2.868992 9.58 3.66 1435.6621 0.0079 749.3935 0.0078 9.545 0.019 3.647 0.026 2454996.4 1519.9 23.92 0.08 7763 0 18454 0 1840.9527 0.0265 681.2898 0.0260 10.125 0.073 5.923 0.391 59063.9 307.4 19.91 0.07 7754 0 1557 0 
#
4 8 59463.86061456712196 1 2.868992 8.68 3.41 1435.1834 0.0075 742.8599 0.0074 8.645 0.018 3.402 0.023 2230239.5 1417.6 30.53 0.08 7743 0 20958 0 1840.6321 0.0274 674.5365 0.0265 9.308 0.075 4.942 0.303 48287.0 274.9 29.29 0.07 7783 0 1439 0 
#
5 8 59463.86061456712196 1 2.868992 8.91 3.72 1430.5911 0.0087 749.4132 0.0087 8.876 0.022 3.712 0.035 1803781.2 1334.9 62.56 0.10 7785 0 16468 0 1834.7328 0.0378 680.7082 0.0372 9.794 0.105 8.078 1.281 35894.3 307.1 59.99 0.09 7757 0 1813 0 
#
1 9 59463.86064786395582 1 2.868992 10.11 2.88 1449.3591 0.0155 740.9809 0.0149 10.104 0.041 2.881 0.038 166116.1 414.2 0.19 0.05 7754 0 1991 0 1855.0158 0.1217 673.1238 0.1192 10.281 0.341 3.212 0.603 5736.3 157.6 -0.12 0.05 7751 0 969 0 
#
2 9 59463.86064786395582 1 2.868992 11.65 3.76 1444.2590 0.0128 749.7604 0.0120 11.552 0.031 3.741 0.039 2107105.3 1387.0 14.24 0.06 7742 0 11575 0 1849.1100 0.0316 679.5023 0.0302 12.391 0.087 6.053 0.407 62619.6 309.5 10.96 0.06 7748 0 1665 0 
#
3 9 59463.86064786395582 1 2.868992 9.85 3.47 1435.7621 0.0099 749.0962 0.0097 9.798 0.024 3.458 0.028 2441226.3 1517.0 24.13 0.08 7754 0 16832 0 1840.8778 0.0273 681.1268 0.0271 10.390 0.076 5.234 0.308 59442.5 311.4 19.87 0.07 7767 0 1516 0 
#
4 9 59463.86064786395582 1 2.868992 8.97 3.28 1435.2853 0.0088 742.5574 0.0086 8.910 0.021 3.276 0.024 2218688.5 1414.8 30.68 0.08 7760 0 18817 0 1840.4064 0.0280 674.3330 0.0274 9.728 0.077 5.526 0.385 47374.1 276.9 29.21 0.07 7775 0 1388 0 
#
5 9 59463.86064786395582 1 2.868992 9.22 3.58 1430.6804 0.0094 749.1118 0.0093 9.188 0.024 3.578 0.034 1798935.3 1335.6 63.48 0.10 7753 0 14105 0 1834.5942 0.0399 680.5552 0.0395 9.979 0.111 5.906 0.695 35345.8 314.1 60.28 0.09 7799 0 1763 0 
#
1 10 59463.86068116078968 1 2.868992 14.01 3.05 1450.8622 0.0206 740.7585 0.0200 14.015 0.059 3.052 0.053 168197.4 441.7 0.31 0.05 7754 0 1526 0 1855.9738 0.1856 672.7211 0.1842 13.213 0.541 2.763 0.613 6121.1 218.8 -0.13 0.05 7744 0 957 0 
#
2 10 59463.86068116078968 1 2.868992 14.30 3.36 1445.7292 0.0108 749.5211 0.0103 14.279 0.029 3.351 0.025 2097517.6 1398.7 15.47 0.07 7760 0 8165 0 1850.4963 0.0406 679.1696 0.0393 14.707 0.115 4.229 0.235 62237.3 347.1 11.00 0.06 7734 0 1579 0 
#
3 10 59463.86068116078968 1 2.868992 12.36 3.19 1437.2509 0.0088 748.8593 0.0086 12.347 0.023 3.186 0.020 2421975.2 1523.6 25.68 0.08 7756 0 11136 0 1842.2881 0.0366 680.8018 0.0364 12.695 0.104 4.445 0.265 58004.3 352.2 20.01 0.07 7758 0 1415 0 
#
4 10 59463.86068116078968 1 2.868992 11.33 3.16 1436.7544 0.0082 742.3086 0.0080 11.312 0.021 3.158 0.019 2201396.0 1420.7 32.17 0.08 7747 0 12597 0 1841.8760 0.0374 674.0321 0.0369 11.826 0.106 4.335 0.277 47679.9 322.0 29.14 0.07 7758 0 1259 0 
#
5 10 59463.86068116078968 1 2.868992 11.37 3.47 1432.1360 0.0085 748.8704 0.0083 11.360 0.022 3.465 0.026 1779731.3 1346.5 64.47 0.10 7752 0 10283 0 1835.9354 0.0524 680.2200 0.0516 11.819 0.147 5.474 0.695 35311.1 374.7 60.33 0.10 7752 0 1710 0 
#
1 11 59463.86071445762354 1 2.868992 12.91 3.06 1451.2195 0.0186 740.6093 0.0182 12.908 0.052 3.058 0.048 167640.2 432.8 0.35 0.05 7755 0 1627 0 1857.0823 0.1731 672.7092 0.1714 13.117 0.487 4.938 1.834 5712.8 200.0 -0.02 0.05 7749 0 955 0 
#
2 11 59463.86071445762354 1 2.868992 13.52 3.46 1445.9989 0.0101 749.3684 0.0096 13.471 0.026 3.446 0.025 2101635.0 1394.8 15.19 0.07 7743 0 9179 0 1850.9936 0.0376 679.0216 0.0361 14.268 0.106 4.482 0.246 63366.1 336.5 10.92 0.06 7749 0 1596 0 
#
3 11 59463.86071445762354 1 2.868992 11.57 3.24 1437.5312 0.0078 748.7185 0.0077 11.551 0.020 3.234 0.018 2429141.9 1520.6 25.46 0.08 7759 0 13064 0 1842.8520 0.0345 680.7415 0.0337 12.040 0.097 3.912 0.194 58646.0 339.0 19.93 0.07 7753 0 1442 0 
#
4 11 59463.86071445762354 1 2.868992 10.61 3.20 1437.0309 0.0074 742.1752 0.0073 10.588 0.019 3.200 0.018 2208935.2 1420.0 31.81 0.08 7750 0 14617 0 1842.3137 0.0362 673.9371 0.0351 11.366 0.101 4.742 0.328 46959.7 305.1 29.19 0.07 7764 0 1296 0 
#
5 11 59463.86071445762354 1 2.868992 10.72 3.48 1432.4089 0.0078 748.7492 0.0077 10.695 0.020 3.480 0.025 1789300.7 1343.9 64.70 0.10 7764 0 11501 0 1836.4530 0.0504 680.0647 0.0496 11.804 0.141 6.228 0.874 35222.4 352.2 60.60 0.09 7745 0 1695 0 
#
1 12 59463.86074775446468 1 2.868992 12.71 2.84 1451.4241 0.0187 740.5781 0.0184 12.717 0.053 2.842 0.043 165765.9 429.1 0.41 0.05 7783 0 1621 0 1856.8985 0.1696 672.9808 0.1676 12.188 0.490 2.551 0.491 6205.7 200.8 -0.10 0.05 7753 0 957 0 
#
2 12 59463.86074775446468 1 2.868992 13.64 3.42 1446.1952 0.0100 749.3239 0.0097 13.584 0.026 3.409 0.024 2094340.8 1393.5 15.43 0.07 7753 0 9059 0 1851.2498 0.0386 679.0629 0.0374 14.521 0.108 5.336 0.357 62147.8 338.0 10.95 0.06 7761 0 1600 0 
#
3 12 59463.86074775446468 1 2.868992 11.69 3.27 1437.7195 0.0083 748.6638 0.0084 11.663 0.022 3.258 0.020 2418557.0 1519.0 25.48 0.08 7751 0 12260 0 1842.9714 0.0351 680.6693 0.0350 12.232 0.100 4.344 0.245 66585.9 351.8 20.01 0.07 7755 0 4913 0 
#
4 12 59463.86074775446468 1 2.868992 10.72 3.20 1437.2257 0.0075 742.1208 0.0076 10.675 0.019 3.201 0.018 2202377.2 1418.2 31.80 0.08 7748 0 13700 0 1842.5464 0.0364 673.8244 0.0357 11.839 0.102 5.842 0.500 47200.5 307.2 29.15 0.07 7750 0 1265 0 
#
5 12 59463.86074775446468 1 2.868992 10.85 3.56 1432.6046 0.0079 748.6908 0.0080 10.825 0.021 3.558 0.026 1785159.5 1343.0 63.67 0.10 7753 0 11130 0 1836.7053 0.0517 680.0708 0.0511 12.215 0.145 10.354 2.522 34981.6 361.3 60.19 0.10 7746 0 1692 0 
#
1 13 59463.86078105129855 1 2.868992 9.96 2.84 1450.1300 0.0160 739.8699 0.0153 9.957 0.042 2.834 0.038 164964.8 411.2 0.24 0.05 7755 0 2015 0 1855.5451 0.1176 671.9461 0.1142 10.389 0.331 3.463 0.674 6098.6 157.5 -0.12 0.05 7759 0 971 0 
#
2 13 59463.86078105129855 1 2.868992 11.33 3.57 1444.9665 0.0133 748.6634 0.0124 11.221 0.033 3.552 0.036 2101285.0 1384.4 14.37 0.06 7742 0 12432 0 1849.8698 0.0324 678.3577 0.0306 12.142 0.088 5.192 0.304 62495.3 306.8 10.92 0.06 7750 0 1697 0 
#
3 13 59463.86078105129855 1 2.868992 9.66 3.46 1436.4903 0.0099 748.0072 0.0096 9.596 0.024 3.443 0.028 2437352.5 1514.4 24.15 0.07 7767 0 17460 0 1841.6714 0.0278 679.9765 0.0270 10.283 0.076 5.365 0.329 58608.3 306.2 19.92 0.07 7751 0 1526 0 
#
4 13 59463.86078105129855 1 2.868992 8.74 3.29 1436.0053 0.0093 741.4813 0.0090 8.683 0.022 3.280 0.026 2216371.3 1413.8 30.89 0.08 7766 0 20225 0 1841.2282 0.0293 673.2606 0.0281 9.529 0.080 4.939 0.318 47568.3 275.0 29.01 0.07 7752 0 1404 0 
#
5 13 59463.86078105129855 1 2.868992 9.00 3.64 1431.3866 0.0095 748.0299 0.0092 8.949 0.024 3.640 0.036 1795384.2 1332.5 63.86 0.10 7747 0 15618 0 1835.3423 0.0394 679.4853 0.0382 10.072 0.109 8.266 1.363 35532.7 308.9 60.30 0.09 7774 0 1786 0 
#
1 14 59463.86081434813241 1 2.868992 10.06 3.09 1450.4671 0.0147 740.8702 0.0142 10.060 0.039 3.084 0.041 166779.0 414.2 0.19 0.05 7748 0 2013 0 1855.8815 0.1109 673.0904 0.1094 10.099 0.313 3.765 0.779 6112.7 158.8 -0.26 0.05 7765 0 973 0 
#
2 14 59463.86081434813241 1 2.868992 11.33 3.85 1445.3269 0.0110 749.6630 0.0106 11.228 0.027 3.838 0.036 2115150.0 1388.9 14.04 0.06 7758 0 12650 0 1850.3347 0.0308 679.4016 0.0296 12.291 0.085 6.807 0.511 62997.9 306.7 10.91 0.06 7782 0 1692 0 
#
3 14 59463.86081434813241 1 2.868992 9.68 3.67 1436.8294 0.0086 748.9901 0.0086 9.607 0.021 3.659 0.029 2452357.8 1519.2 24.08 0.07 7744 0 18105 0 1841.9706 0.0268 681.0513 0.0265 10.494 0.074 6.849 0.530 59435.7 310.7 19.94 0.07 7762 0 1521 0 
#
4 14 59463.86081434813241 1 2.868992 8.81 3.51 1436.3267 0.0083 742.4425 0.0083 8.748 0.020 3.502 0.027 2233132.4 1419.1 30.55 0.08 7774 0 20454 0 1841.6001 0.0283 674.2445 0.0276 9.728 0.078 5.879 0.442 48509.6 277.6 28.97 0.07 7766 0 1414 0 
#
5 14 59463.86081434813241 1 2.868992 9.04 3.90 1431.7083 0.0087 749.0059 0.0088 8.998 0.022 3.901 0.039 1807163.7 1337.9 64.34 0.10 7753 0 15835 0 1835.7159 0.0386 680.4219 0.0380 10.130 0.108 11.706 2.766 35148.2 307.4 60.67 0.09 7762 0 1770 0 
#
1 15 59463.86084764496627 1 2.868992 9.66 3.13 1450.4417 0.0165 741.0426 0.0152 9.660 0.042 3.134 0.048 166775.4 412.4 0.19 0.05 7757 0 2143 0 1855.7626 0.1055 673.4150 0.1022 9.433 0.295 3.254 0.562 5980.2 155.1 -0.16 0.05 7766 0 971 0 
#
2 15 59463.86084764496627 1 2.868992 11.12 4.09 1445.3033 0.0149 749.8266 0.0134 11.053 0.035 4.054 0.054 2118606.8 1389.1 14.02 0.06 7750 0 12668 0 1850.0724 0.0315 679.6622 0.0290 11.507 0.084 5.720 0.369 62821.4 304.5 10.80 0.06 7746 0 1700 0 
#
3 15 59463.86084764496627 1 2.868992 9.59 3.94 1436.8027 0.0107 749.1639 0.0099 9.552 0.025 3.921 0.040 2466645.5 1522.8 23.78 0.07 7754 0 18195 0 1841.7287 0.0277 681.2637 0.0261 9.892 0.075 5.453 0.342 59463.6 307.3 19.91 0.07 7747 0 1575 0 
#
4 15 59463.86084764496627 1 2.868992 8.77 3.72 1436.3214 0.0100 742.6156 0.0093 8.733 0.024 3.702 0.035 2247214.8 1422.8 30.48 0.08 7766 0 21142 0 1841.3215 0.0285 674.4743 0.0267 9.205 0.077 5.412 0.380 48015.4 276.8 28.80 0.07 7785 0 1436 0 
#
5 15 59463.86084764496627 1 2.868992 9.05 4.12 1431.7037 0.0103 749.1769 0.0095 9.021 0.025 4.116 0.049 1816027.6 1340.6 63.06 0.10 7748 0 15959 0 1835.4742 0.0379 680.6088 0.0360 9.632 0.104 7.957 1.240 35944.8 309.3 60.35 0.09 7791 0 1805 0 
#
1 16 59463.86088094180013 1 2.868992 9.85 2.98 1451.9413 0.0158 741.4412 0.0150 9.839 0.042 2.976 0.041 166047.2 412.3 0.11 0.05 7752 0 2106 0 1857.5527 0.1105 673.7272 0.1073 10.316 0.311 3.929 0.830 5997.4 155.4 -0.16 0.05 7776 0 971 0 
#
2 16 59463.86088094180013 1 2.868992 11.16 3.73 1446.7219 0.0127 750.2245 0.0120 11.029 0.031 3.715 0.039 2110772.2 1386.9 13.97 0.06 7739 0 13234 0 1851.7013 0.0316 680.0245 0.0299 12.168 0.086 6.455 0.468 62399.6 303.0 10.85 0.06 7750 0 1694 0 
#
3 16 59463.86088094180013 1 2.868992 9.43 3.45 1438.2430 0.0098 749.5504 0.0097 9.345 0.024 3.438 0.028 2450662.3 1517.6 23.69 0.07 7762 0 19442 0 1843.4879 0.0279 681.6718 0.0274 10.299 0.077 5.586 0.361 58887.2 304.0 19.55 0.07 7771 0 1564 0 
#
4 16 59463.86088094180013 1 2.868992 8.53 3.28 1437.7544 0.0087 743.0077 0.0086 8.468 0.021 3.268 0.024 2226128.0 1415.6 30.42 0.08 7735 0 21883 0 1843.0491 0.0283 674.8800 0.0275 9.413 0.078 5.003 0.320 47761.2 272.3 29.00 0.07 7747 0 1433 0 
#
5 16 59463.86088094180013 1 2.868992 8.75 3.58 1433.1119 0.0089 749.5600 0.0089 8.693 0.022 3.574 0.033 1798822.2 1332.0 63.66 0.10 7752 0 16449 0 1837.1507 0.0387 681.0479 0.0379 9.964 0.108 9.711 1.902 34880.0 301.4 60.47 0.09 7756 0 1780 0 
#
1 17 59463.86091423863400 1 2.868992 10.69 2.96 1450.4184 0.0158 741.5572 0.0153 10.685 0.043 2.955 0.040 167075.3 417.8 0.02 0.05 7775 0 1931 0 1855.5762 0.1224 673.6392 0.1219 10.718 0.344 4.334 1.122 5662.0 166.4 -0.21 0.05 7772 0 964 0 
#
2 17 59463.86091423863400 1 2.868992 11.54 3.50 1445.2197 0.0110 750.3330 0.0104 11.499 0.027 3.483 0.029 2103541.7 1386.4 14.08 0.06 7753 0 11918 0 1850.0078 0.0311 679.9610 0.0297 11.970 0.086 4.320 0.201 63186.1 308.9 10.79 0.06 7753 0 1695 0 
#
3 17 59463.86091423863400 1 2.868992 9.81 3.28 1436.7423 0.0080 749.6564 0.0079 9.791 0.020 3.265 0.020 2436916.4 1514.9 24.27 0.07 7745 0 17137 0 1841.8039 0.0270 681.6030 0.0267 10.128 0.075 4.366 0.209 58937.8 310.4 19.96 0.07 7760 0 1575 0 
#
4 17 59463.86091423863400 1 2.868992 8.89 3.12 1436.2560 0.0075 743.1084 0.0074 8.860 0.019 3.115 0.018 2210052.7 1411.6 30.66 0.08 7736 0 20338 0 1841.3904 0.0284 674.7985 0.0278 9.378 0.079 4.083 0.209 47114.5 277.0 28.92 0.07 7758 0 1400 0 
#
5 17 59463.86091423863400 1 2.868992 9.04 3.39 1431.6339 0.0075 749.6728 0.0075 9.025 0.019 3.391 0.024 1791341.6 1331.5 62.06 0.10 7767 0 15337 0 1835.5364 0.0389 680.9724 0.0383 9.628 0.108 5.421 0.577 35122.0 310.7 59.56 0.10 7761 0 1762 0 
#
1 18 59463.86094753547513 1 2.868992 10.44 3.48 1449.5192 0.0150 741.7048 0.0145 10.435 0.040 3.483 0.054 168662.8 418.4 -0.01 0.05 7767 0 1976 0 1855.1086 0.1165 674.1205 0.1146 10.910 0.327 6.421 2.396 5967.0 163.9 -0.26 0.05 7761 0 969 0 
#
2 18 59463.86094753547513 1 2.868992 12.18 4.92 1444.3475 0.0130 750.4475 0.0124 12.060 0.032 4.905 0.070 2137848.4 1399.1 13.78 0.06 7775 0 11868 0 1849.2161 0.0321 680.2513 0.0307 13.096 0.088 12.441 1.782 63691.7 318.3 10.67 0.06 7750 0 1684 0 
#
3 18 59463.86094753547513 1 2.868992 10.55 4.86 1435.8325 0.0105 749.7483 0.0105 10.464 0.026 4.856 0.062 2487926.7 1532.6 23.88 0.07 7752 0 16776 0 1840.9529 0.0281 681.8076 0.0278 11.330 0.078 15.267 2.798 59931.6 323.6 19.84 0.07 7755 0 1517 0 
#
4 18 59463.86094753547513 1 2.868992 9.64 4.54 1435.3430 0.0106 743.2057 0.0105 9.543 0.026 4.540 0.058 2264274.0 1431.3 30.21 0.08 7740 0 19645 0 1840.5154 0.0303 675.0341 0.0294 10.626 0.084 16.167 3.671 48608.8 290.7 28.67 0.07 7755 0 1396 0 
#
5 18 59463.86094753547513 1 2.868992 10.05 5.55 1430.7169 0.0115 749.7631 0.0116 9.894 0.030 5.546 0.106 1834261.7 1353.8 62.97 0.10 7738 0 15276 0 1834.6266 0.0419 681.1827 0.0412 10.809 0.065 20.000 -1.000 35854.8 337.8 60.15 0.09 7751 0 1788 0 
#
1 19 59463.86098083230900 1 2.868992 9.99 3.17 1449.1566 0.0146 742.4004 0.0141 9.986 0.039 3.168 0.044 166854.0 414.5 0.12 0.05 7761 0 2052 0 1854.4084 0.1124 674.6772 0.1105 10.096 0.316 4.105 0.951 5743.7 154.5 -0.26 0.05 7769 0 971 0 
#
2 19 59463.86098083230900 1 2.868992 11.30 4.02 1443.9718 0.0115 751.1608 0.0110 11.209 0.028 4.004 0.041 2120764.1 1390.4 13.72 0.06 7748 0 12887 0 1848.7314 0.0308 680.7753 0.0291 12.082 0.084 7.343 0.598 62676.5 305.2 10.63 0.06 7740 0 1705 0 
#
3 19 59463.86098083230900 1 2.868992 9.62 3.80 1435.4690 0.0084 750.4476 0.0084 9.573 0.021 3.792 0.030 2464653.1 1522.4 23.68 0.07 7779 0 18550 0 1840.4952 0.0272 682.4292 0.0265 10.286 0.075 6.560 0.493 58969.9 307.3 19.76 0.07 7782 0 1572 0 
#
4 19 59463.86098083230900 1 2.868992 8.71 3.57 1434.9836 0.0082 743.8974 0.0082 8.651 0.020 3.558 0.028 2235627.2 1419.4 30.17 0.08 7745 0 20923 0 1840.0187 0.0276 675.6944 0.0266 9.574 0.076 6.427 0.524 48378.1 274.6 28.79 0.07 7752 0 1440 0 
#
5 19 59463.86098083230900 1 2.868992 8.92 3.97 1430.3687 0.0086 750.4497 0.0086 8.884 0.022 3.971 0.040 1806464.9 1336.4 62.47 0.10 7780 0 16073 0 1834.2222 0.0379 681.8092 0.0367 9.855 0.105 9.050 1.610 35869.1 306.5 59.80 0.09 7753 0 1807 0 
#
1 20 59463.86101412914286 1 2.868992 10.94 1.31 1450.0356 0.0235 741.6689 0.0233 10.934 0.078 1.314 0.015 132933.6 380.8 0.62 0.05 7749 0 1519 0 1855.2506 0.2080 673.4877 0.2072 11.335 0.650 1.517 0.246 4804.5 164.7 -0.19 0.05 7762 0 949 0 
#
2 20 59463.86101412914286 1 2.868992 12.96 1.70 1444.9187 0.0134 750.6524 0.0132 12.899 0.041 1.694 0.010 1835725.2 1323.6 20.26 0.09 7719 0 7656 0 1849.8016 0.0477 680.0883 0.0469 13.742 0.147 1.977 0.070 54543.6 316.0 10.84 0.06 7757 0 1547 0 
#
3 20 59463.86101412914286 1 2.868992 10.88 1.65 1436.4823 0.0123 749.9277 0.0124 10.843 0.036 1.647 0.009 2083578.1 1419.5 30.41 0.10 7742 0 10790 0 1841.6361 0.0444 681.7048 0.0444 11.395 0.136 1.778 0.057 50097.4 312.3 20.08 0.07 7752 0 1366 0 
#
4 20 59463.86101412914286 1 2.868992 9.95 1.66 1436.0144 0.0115 743.3858 0.0117 9.916 0.034 1.659 0.008 1889948.7 1317.5 35.58 0.09 7744 0 12285 0 1841.1551 0.0434 674.9452 0.0430 10.455 0.130 1.797 0.060 40503.7 281.1 28.70 0.07 7757 0 1234 0 
#
5 20 59463.86101412914286 1 2.868992 10.22 1.78 1431.4157 0.0120 749.9578 0.0122 10.186 0.035 1.773 0.011 1564547.0 1260.8 67.31 0.11 7747 0 9772 0 1835.3187 0.0631 681.0863 0.0628 11.073 0.184 2.250 0.143 30339.2 329.4 60.33 0.09 7741 0 1681 0 
#
1 21 59463.86104742597672 1 2.868992 21.87 2.09 1451.7501 0.0396 740.8915 0.0398 21.870 0.137 2.086 0.066 157008.0 534.8 1.27 0.05 7759 0 1158 0 1855.2506 nan 673.4877 nan nan nan nan nan 5712.2 372.2 -0.18 0.05 7758 0 939 0 
#
2 21 59463.86104742597672 1 2.868992 20.78 2.28 1446.6194 0.0167 749.5050 0.0168 20.756 0.057 2.277 0.025 1967726.9 1541.5 25.38 0.11 7758 0 4530 0 1851.2752 0.0764 679.4249 0.0760 21.217 0.241 2.608 0.196 58616.2 475.0 10.88 0.06 7761 0 1469 0 
#
3 21 59463.86104742597672 1 2.868992 17.94 2.20 1438.1582 0.0155 748.8497 0.0158 17.957 0.051 2.198 0.020 2269018.0 1599.6 35.18 0.11 7728 0 5719 0 1842.9629 0.0728 681.0219 0.0726 17.687 0.229 2.124 0.131 55331.0 475.2 19.95 0.07 7761 0 1274 0 
#
4 21 59463.86104742597672 1 2.868992 16.51 2.26 1437.6533 0.0151 742.3197 0.0154 16.508 0.048 2.255 0.020 2064850.7 1461.5 39.26 0.10 7743 0 6268 0 1842.5376 0.0750 674.2732 0.0749 16.511 0.230 2.338 0.161 43819.2 429.3 28.97 0.07 7761 0 1134 0 
#
5 21 59463.86104742597672 1 2.868992 16.02 2.39 1432.9666 0.0148 748.8815 0.0151 16.017 0.046 2.386 0.023 1676823.2 1390.1 69.61 0.11 7748 0 5687 0 1836.5721 0.1082 680.3283 0.1084 16.380 0.323 2.561 0.289 33043.6 527.9 60.09 0.10 7771 0 1601 0 
#
1 22 59463.86108072281058 1 2.868992 10.40 2.28 1450.8044 0.0185 742.0195 0.0181 10.399 0.052 2.277 0.029 154226.1 402.8 0.30 0.05 7759 0 1814 0 1856.4031 0.1357 674.1585 0.1347 10.318 0.394 2.469 0.400 5627.0 162.6 -0.26 0.05 7765 0 964 0 
#
2 22 59463.86108072281058 1 2.868992 11.63 2.68 1445.5832 0.0166 750.7517 0.0162 11.540 0.043 2.655 0.026 1986885.8 1352.4 15.95 0.07 7726 0 10609 0 1850.6205 0.0351 680.5336 0.0344 12.110 0.099 3.386 0.140 58828.8 302.9 10.58 0.06 7784 0 1656 0 
#
3 22 59463.86108072281058 1 2.868992 9.85 2.55 1437.0873 0.0145 750.0858 0.0147 9.793 0.037 2.534 0.022 2286599.4 1470.9 25.83 0.08 7724 0 15141 0 1842.4453 0.0320 682.1560 0.0324 10.154 0.091 2.945 0.110 55214.6 306.0 19.62 0.07 7748 0 1510 0 
#
4 22 59463.86108072281058 1 2.868992 8.97 2.48 1436.5840 0.0137 743.5257 0.0139 8.906 0.035 2.467 0.021 2074177.1 1370.3 32.00 0.08 7784 0 17594 0 1841.9524 0.0315 675.3619 0.0314 9.377 0.089 3.015 0.124 44735.5 273.2 28.66 0.07 7746 0 1384 0 
#
5 22 59463.86108072281058 1 2.868992 9.16 2.62 1431.9602 0.0136 750.0954 0.0139 9.122 0.035 2.611 0.026 1685717.1 1295.1 64.11 0.10 7752 0 13515 0 1836.1144 0.0450 681.4762 0.0453 9.712 0.127 3.699 0.300 32790.7 308.6 59.87 0.09 7746 0 1755 0 
#
1 23 59463.86111401964445 1 2.868992 10.90 2.77 1451.1028 0.0179 742.6057 0.0169 10.904 0.048 2.765 0.039 163030.9 415.3 0.13 0.05 7743 0 1839 0 1856.7150 0.1288 674.6414 0.1251 10.493 0.364 2.770 0.465 5954.9 171.5 -0.30 0.05 7768 0 960 0 
#
2 23 59463.86111401964445 1 2.868992 12.14 3.34 1445.8771 0.0140 751.3577 0.0130 12.131 0.035 3.317 0.033 2075496.3 1379.9 14.74 0.06 7747 0 10318 0 1850.8626 0.0335 680.9811 0.0320 12.193 0.093 3.929 0.177 62014.3 312.2 10.49 0.06 7753 0 1667 0 
#
3 23 59463.86111401964445 1 2.868992 10.48 3.21 1437.3462 0.0107 750.6684 0.0102 10.501 0.026 3.195 0.025 2410943.6 1510.8 24.60 0.08 7774 0 14561 0 1842.5881 0.0289 682.5541 0.0286 10.292 0.081 3.744 0.161 57639.3 318.0 19.78 0.07 7786 0 1505 0 
#
4 23 59463.86111401964445 1 2.868992 9.63 3.11 1436.8297 0.0103 744.1271 0.0098 9.613 0.025 3.098 0.024 2192523.0 1409.7 30.80 0.08 7754 0 16131 0 1842.1112 0.0303 675.7570 0.0297 9.769 0.084 4.025 0.211 47284.4 289.0 28.59 0.07 7762 0 1372 0 
#
5 23 59463.86111401964445 1 2.868992 9.84 3.40 1432.2075 0.0105 750.6821 0.0101 9.836 0.026 3.389 0.032 1776444.9 1330.9 63.41 0.10 7739 0 12483 0 1836.2759 0.0401 681.9269 0.0398 9.841 0.112 4.777 0.451 35037.5 328.7 59.68 0.09 7756 0 1765 0 
#
1 24 59463.86114731647831 1 2.868992 15.06 2.64 1453.5512 0.0226 740.6691 0.0222 15.060 0.068 2.644 0.045 164003.8 447.7 0.32 0.05 7775 0 1416 0 1858.6921 0.2298 672.7197 0.2298 14.671 0.673 2.659 0.687 5932.4 238.3 -0.24 0.05 7759 0 951 0 
#
2 24 59463.86114731647831 1 2.868992 15.19 2.99 1448.1739 0.0088 749.4578 0.0086 15.174 0.025 2.984 0.017 2063233.7 1397.1 16.60 0.07 7743 0 7530 0 1853.2965 0.0446 679.0139 0.0434 15.630 0.129 3.592 0.186 60990.2 361.4 10.48 0.06 7747 0 1543 0 
#
3 24 59463.86114731647831 1 2.868992 13.19 2.90 1439.6448 0.0069 748.7948 0.0068 13.185 0.019 2.898 0.013 2386283.2 1520.3 26.66 0.08 7757 0 10246 0 1844.9822 0.0423 680.6207 0.0418 13.503 0.122 3.351 0.168 57816.6 369.5 19.62 0.07 7759 0 1376 0 
#
4 24 59463.86114731647831 1 2.868992 12.09 2.87 1439.0974 0.0068 742.2547 0.0067 12.080 0.018 2.872 0.013 2167800.8 1415.9 32.69 0.08 7754 0 11443 0 1844.5263 0.0440 673.9493 0.0433 12.618 0.126 3.412 0.194 46293.8 331.6 28.69 0.07 7757 0 1249 0 
#
5 24 59463.86114731647831 1 2.868992 11.97 3.06 1434.4510 0.0074 748.8323 0.0073 11.962 0.020 3.056 0.017 1756594.0 1345.1 65.13 0.10 7760 0 9605 0 1838.6842 0.0605 680.0322 0.0596 12.417 0.171 3.796 0.366 34318.1 385.3 60.22 0.09 7754 0 1674 0 
#
1 25 59463.86118061331945 1 2.868992 16.86 2.66 1452.9504 0.0251 740.5415 0.0252 16.861 0.078 2.665 0.052 166288.7 471.3 0.14 0.05 7760 0 1336 0 1858.6921 nan 672.7197 nan nan nan nan nan 6018.1 271.1 -0.29 0.05 7752 0 943 0 
#
2 25 59463.86118061331945 1 2.868992 16.64 2.93 1447.6432 0.0077 749.2671 0.0077 16.628 0.023 2.928 0.015 2063090.8 1413.6 17.25 0.07 7742 0 6466 0 1852.4114 0.0502 678.9735 0.0501 17.357 0.150 3.483 0.199 61159.3 385.8 10.49 0.06 7757 0 1524 0 
#
3 25 59463.86118061331945 1 2.868992 14.30 2.79 1439.1355 0.0075 748.6263 0.0076 14.288 0.021 2.784 0.013 2377607.7 1529.8 27.63 0.09 7730 0 8597 0 1844.0877 0.0485 680.6182 0.0487 14.990 0.142 3.346 0.190 57198.4 389.3 19.58 0.07 7750 0 1324 0 
#
4 25 59463.86118061331945 1 2.868992 13.00 2.75 1438.6069 0.0072 742.0915 0.0073 12.988 0.020 2.748 0.012 2156004.6 1422.6 33.46 0.09 7748 0 9537 0 1843.6109 0.0499 673.9192 0.0500 13.826 0.144 3.607 0.241 45587.8 350.7 28.63 0.07 7760 0 1190 0 
#
5 25 59463.86118061331945 1 2.868992 12.79 2.95 1433.9761 0.0076 748.6466 0.0077 12.776 0.021 2.946 0.017 1744991.5 1350.7 65.97 0.10 7755 0 8288 0 1837.8523 0.0690 679.9851 0.0689 13.599 0.197 4.247 0.506 33665.0 413.7 60.18 0.09 7752 0 1654 0 
#
1 26 59463.86121391015331 1 2.868992 16.45 2.57 1452.3467 0.0265 739.1185 0.0264 16.459 0.082 2.573 0.052 163804.1 461.1 0.36 0.05 7749 0 1346 0 1857.3462 0.2579 671.5966 0.2559 15.952 0.746 3.088 0.993 6072.8 258.5 -0.27 0.05 7765 0 949 0 
#
2 26 59463.86121391015331 1 2.868992 16.68 2.94 1447.1247 0.0134 747.7832 0.0132 16.627 0.039 2.926 0.025 2056667.5 1415.0 17.64 0.08 7739 0 6574 0 1851.5584 0.0529 677.6816 0.0518 17.489 0.154 3.855 0.250 61412.1 388.9 10.56 0.06 7769 0 1516 0 
#
3 26 59463.86121391015331 1 2.868992 14.37 2.80 1438.6079 0.0121 747.1401 0.0122 14.328 0.034 2.790 0.021 2366850.7 1527.8 27.99 0.09 7739 0 8572 0 1843.1776 0.0497 679.3276 0.0492 15.070 0.143 3.697 0.233 57501.2 392.7 19.50 0.07 7757 0 1333 0 
#
4 26 59463.86121391015331 1 2.868992 13.15 2.81 1438.0723 0.0113 740.5739 0.0114 13.106 0.031 2.801 0.020 2148136.5 1420.1 33.56 0.08 7756 0 9509 0 1842.7515 0.0498 672.5472 0.0490 14.067 0.141 4.638 0.392 45346.1 354.1 28.65 0.07 7768 0 1185 0 
#
5 26 59463.86121391015331 1 2.868992 13.07 3.07 1433.4195 0.0116 747.1329 0.0117 13.049 0.032 3.067 0.027 1743495.7 1352.8 65.75 0.10 7757 0 7964 0 1836.8323 0.0704 678.7961 0.0699 13.880 0.199 4.887 0.676 33667.3 416.2 60.10 0.09 7750 0 1643 0 
#
1 27 59463.86124720698717 1 2.868992 13.18 2.36 1450.9836 0.0219 740.1634 0.0213 13.174 0.064 2.362 0.035 160839.9 428.2 0.27 0.05 7753 0 1540 0 1856.0946 0.2022 672.6891 0.1988 13.731 0.591 2.539 0.559 5945.8 203.9 -0.29 0.05 7754 0 951 0 
#
2 27 59463.86124720698717 1 2.868992 13.94 2.82 1445.7047 0.0133 748.9186 0.0127 13.876 0.036 2.809 0.022 2042674.0 1381.9 16.07 0.07 7741 0 8452 0 1850.5670 0.0428 678.8195 0.0409 14.621 0.121 3.652 0.185 60801.1 339.7 10.64 0.06 7762 0 1576 0 
#
3 27 59463.86124720698717 1 2.868992 11.77 2.61 1437.2183 0.0111 748.2394 0.0108 11.735 0.029 2.605 0.017 2349828.2 1500.4 26.34 0.08 7758 0 11883 0 1842.1713 0.0399 680.3610 0.0387 12.322 0.113 3.107 0.139 55999.9 337.0 19.76 0.07 7758 0 1397 0 
#
4 27 59463.86124720698717 1 2.868992 10.74 2.58 1436.7197 0.0099 741.6899 0.0096 10.698 0.026 2.578 0.015 2133464.9 1397.5 32.09 0.08 7755 0 13241 0 1841.8014 0.0408 673.5895 0.0394 11.608 0.114 3.252 0.167 46013.0 304.1 28.39 0.07 7757 0 1267 0 
#
5 27 59463.86124720698717 1 2.868992 10.81 2.80 1432.0813 0.0102 748.2708 0.0099 10.780 0.027 2.800 0.020 1734722.6 1324.8 67.13 0.10 7743 0 10616 0 1835.8879 0.0553 679.8907 0.0537 11.747 0.154 4.484 0.484 34016.4 352.3 61.05 0.09 7760 0 1682 0 
#
1 28 59463.86128050382104 1 2.868992 21.24 1.75 1451.8012 0.0405 740.7848 0.0401 21.242 0.144 1.751 0.051 158747.2 530.1 0.96 0.05 7756 0 1183 0 1856.0946 nan 672.6891 nan nan nan nan nan 5538.7 356.6 -0.19 0.05 7751 0 939 0 
#
2 28 59463.86128050382104 1 2.868992 21.10 2.18 1446.5422 0.0202 749.6230 0.0198 21.152 0.069 2.177 0.028 2003754.9 1548.7 23.60 0.11 7734 0 4749 0 1850.8790 0.0766 679.2914 0.0754 20.476 0.246 2.206 0.148 59141.9 477.6 10.67 0.06 7743 0 1473 0 
#
3 28 59463.86128050382104 1 2.868992 18.10 2.04 1438.0722 0.0189 748.9238 0.0187 18.128 0.062 2.052 0.022 2298868.2 1600.3 33.86 0.11 7730 0 6118 0 1842.8117 0.0743 680.8247 0.0736 17.605 0.242 1.783 0.101 55700.9 476.4 19.76 0.07 7745 0 1274 0 
#
4 28 59463.86128050382104 1 2.868992 16.60 2.10 1437.5708 0.0179 742.3586 0.0177 16.641 0.057 2.110 0.021 2084001.0 1461.2 38.11 0.10 7759 0 6470 0 1842.3181 0.0762 674.0414 0.0753 15.878 0.242 1.829 0.108 44177.0 434.1 28.54 0.07 7760 0 1130 0 
#
5 28 59463.86128050382104 1 2.868992 16.20 2.23 1432.8986 0.0183 748.9263 0.0180 16.221 0.057 2.235 0.025 1685086.0 1395.2 69.86 0.11 7750 0 5804 0 1836.3247 0.1079 680.1505 0.1068 15.680 0.329 2.046 0.195 33489.0 531.5 60.37 0.09 7741 0 1598 0 
#
1 29 59463.86131380065490 1 2.868992 19.25 2.25 1447.5026 0.0313 741.6983 0.0314 19.248 0.104 2.255 0.053 161840.5 497.1 0.64 0.05 7777 0 1216 0 1856.0946 nan 672.6891 nan nan nan nan nan 6323.4 315.4 -0.34 0.05 7756 0 941 0 
#
2 29 59463.86131380065490 1 2.868992 18.11 2.43 1442.1559 0.0078 750.6019 0.0078 18.104 0.025 2.431 0.012 2006435.6 1437.7 20.83 0.09 7730 0 5491 0 1847.2201 0.0599 680.3422 0.0598 18.465 0.186 2.717 0.156 59417.6 410.3 10.66 0.06 7754 0 1499 0 
#
3 29 59463.86131380065490 1 2.868992 15.64 2.34 1433.7519 0.0075 749.8614 0.0076 15.639 0.023 2.341 0.010 2306965.2 1537.7 30.90 0.10 7743 0 7205 0 1839.1018 0.0568 681.7193 0.0571 15.860 0.172 2.657 0.146 55462.1 417.9 19.57 0.07 7756 0 1291 0 
#
4 29 59463.86131380065490 1 2.868992 14.33 2.38 1433.2657 0.0075 743.2957 0.0077 14.327 0.022 2.380 0.010 2096132.9 1422.9 35.80 0.09 7756 0 7772 0 1838.6807 0.0577 674.9527 0.0582 14.424 0.173 2.612 0.150 44550.5 377.3 28.50 0.07 7754 0 1163 0 
#
5 29 59463.86131380065490 1 2.868992 13.78 2.45 1428.6381 0.0083 749.8781 0.0085 13.777 0.025 2.450 0.013 1691740.8 1346.3 66.14 0.11 7750 0 6960 0 1832.8778 0.0815 681.1478 0.0822 14.146 0.241 2.645 0.235 33427.4 441.7 59.32 0.09 7762 0 1642 0 
#
1 30 59463.86134709748876 1 2.868992 14.61 2.52 1451.0068 0.0221 740.6790 0.0222 14.608 0.067 2.524 0.041 164652.6 442.8 0.19 0.05 7748 0 1447 0 1856.9891 0.2183 673.1902 0.2184 15.160 0.627 4.320 1.648 6031.7 227.8 -0.36 0.05 7741 0 953 0 
#
2 30 59463.86134709748876 1 2.868992 14.55 2.75 1445.7574 0.0101 749.4054 0.0101 14.524 0.029 2.746 0.017 2048261.7 1387.6 16.33 0.07 7748 0 7975 0 1850.8755 0.0446 679.1478 0.0442 15.038 0.132 3.178 0.150 60492.7 348.2 10.49 0.06 7759 0 1563 0 
#
3 30 59463.86134709748876 1 2.868992 12.54 2.64 1437.2525 0.0092 748.7157 0.0094 12.527 0.025 2.640 0.015 2362640.5 1509.3 26.63 0.08 7747 0 10814 0 1842.4837 0.0419 680.7543 0.0420 12.900 0.123 2.874 0.126 56729.5 355.0 19.55 0.07 7758 0 1385 0 
#
4 30 59463.86134709748876 1 2.868992 11.48 2.62 1436.7294 0.0092 742.1662 0.0094 11.452 0.025 2.615 0.015 2146537.3 1405.7 32.36 0.08 7738 0 12087 0 1842.0988 0.0427 673.9415 0.0431 12.240 0.124 3.119 0.161 46074.7 319.3 28.33 0.07 7756 0 1236 0 
#
5 30 59463.86134709748876 1 2.868992 11.34 2.75 1432.1117 0.0097 748.7144 0.0099 11.324 0.027 2.749 0.019 1738632.1 1333.3 64.16 0.10 7750 0 10176 0 1836.2793 0.0590 680.1264 0.0591 11.965 0.169 3.337 0.282 34132.2 366.9 59.45 0.09 7744 0 1682 0 
#
1 31 59463.86138039432990 1 2.868992 16.17 2.33 1450.7381 0.0260 741.1081 0.0254 16.174 0.081 2.328 0.042 162094.9 457.3 0.49 0.05 7757 0 1352 0 1856.9891 nan 673.1902 nan nan nan nan nan 5840.7 259.0 -0.26 0.05 7757 0 943 0 
#
2 31 59463.86138039432990 1 2.868992 15.71 2.51 1445.4985 0.0113 749.8286 0.0109 15.679 0.033 2.508 0.016 2027912.8 1397.6 17.95 0.08 7730 0 7077 0 1850.9955 0.0534 679.3609 0.0519 16.453 0.160 2.813 0.142 59388.9 367.4 10.44 0.06 7745 0 1541 0 
#
3 31 59463.86138039432990 1 2.868992 13.65 2.48 1436.9693 0.0093 749.1715 0.0091 13.632 0.026 2.479 0.013 2334931.7 1514.3 28.15 0.09 7745 0 9441 0 1842.6254 0.0482 681.0299 0.0472 14.043 0.143 2.644 0.121 56223.2 373.0 19.52 0.07 7756 0 1347 0 
#
4 31 59463.86138039432990 1 2.868992 12.44 2.48 1436.4310 0.0091 742.6407 0.0089 12.428 0.025 2.483 0.013 2120462.5 1406.4 33.45 0.08 7781 0 10389 0 1842.1974 0.0498 674.1544 0.0486 12.872 0.146 2.519 0.121 45152.2 336.4 28.39 0.07 7766 0 1208 0 
#
5 31 59463.86138039432990 1 2.868992 12.16 2.56 1431.8413 0.0099 749.1926 0.0096 12.151 0.027 2.563 0.016 1718579.9 1333.7 64.68 0.10 7752 0 9031 0 1836.4156 0.0695 680.2236 0.0684 12.835 0.201 2.875 0.239 33521.0 392.8 59.45 0.09 7754 0 1663 0 
#
1 32 59463.86141369116376 1 2.868992 15.16 2.40 1449.1560 0.0234 741.4778 0.0232 15.162 0.071 2.403 0.040 161090.5 444.7 0.42 0.05 7746 0 1407 0 1855.1319 0.2384 673.0742 0.2377 15.352 0.710 2.591 0.676 6067.4 238.5 -0.31 0.05 7759 0 949 0 
#
2 32 59463.86141369116376 1 2.868992 14.95 2.60 1443.8921 0.0090 750.3527 0.0088 14.931 0.026 2.592 0.014 2025065.0 1387.8 17.47 0.07 7746 0 7395 0 1849.0254 0.0464 679.9231 0.0457 15.490 0.138 2.842 0.126 60193.4 353.9 10.47 0.06 7752 0 1541 0 
#
3 32 59463.86141369116376 1 2.868992 12.96 2.55 1435.4265 0.0073 749.6346 0.0073 12.951 0.020 2.546 0.011 2339947.7 1507.3 27.56 0.08 7779 0 10027 0 1840.7984 0.0436 681.3695 0.0435 13.457 0.128 2.948 0.137 56722.5 361.2 19.54 0.07 7766 0 1353 0 
#
4 32 59463.86141369116376 1 2.868992 11.85 2.53 1434.8993 0.0074 743.0811 0.0074 11.834 0.020 2.530 0.011 2126450.1 1402.8 32.96 0.08 7757 0 10979 0 1840.4196 0.0442 674.6068 0.0438 12.412 0.128 2.924 0.145 45516.1 324.4 28.44 0.07 7776 0 1239 0 
#
5 32 59463.86141369116376 1 2.868992 11.64 2.65 1430.2851 0.0077 749.6414 0.0078 11.634 0.021 2.650 0.014 1723814.8 1329.7 65.44 0.10 7750 0 9434 0 1834.5194 0.0608 680.7962 0.0606 12.314 0.175 2.983 0.228 34398.2 373.2 59.99 0.09 7755 0 1682 0 
#
1 33 59463.86144698799762 1 2.868992 13.38 2.45 1449.3336 0.0207 740.5706 0.0202 13.392 0.061 2.455 0.036 162990.8 431.2 0.28 0.05 7767 0 1524 0 1855.1565 0.1953 672.3866 0.1931 12.349 0.586 1.993 0.360 5770.8 207.2 -0.24 0.05 7751 0 951 0 
#
2 33 59463.86144698799762 1 2.868992 13.70 2.79 1444.0343 0.0096 749.3405 0.0092 13.685 0.026 2.784 0.016 2045952.1 1379.7 15.82 0.07 7725 0 8606 0 1848.9504 0.0404 678.9838 0.0392 14.071 0.117 3.105 0.129 61065.1 335.7 10.36 0.06 7744 0 1578 0 
#
3 33 59463.86144698799762 1 2.868992 11.75 2.66 1435.5586 0.0070 748.6330 0.0068 11.743 0.018 2.657 0.011 2360521.9 1502.6 26.02 0.08 7775 0 11801 0 1840.7575 0.0374 680.5321 0.0368 12.067 0.107 3.061 0.128 57314.9 339.0 19.48 0.07 7762 0 1398 0 
#
4 33 59463.86144698799762 1 2.868992 10.77 2.66 1435.0495 0.0064 742.0929 0.0063 10.755 0.017 2.656 0.010 2148873.0 1401.6 31.85 0.08 7737 0 13222 0 1840.2802 0.0387 673.7510 0.0379 11.385 0.110 3.144 0.149 46470.3 309.4 28.31 0.07 7757 0 1266 0 
#
5 33 59463.86144698799762 1 2.868992 10.75 2.82 1430.4379 0.0066 748.6614 0.0065 10.747 0.017 2.821 0.013 1743949.4 1328.0 63.05 0.10 7775 0 10835 0 1834.4677 0.0537 680.0075 0.0528 11.217 0.152 3.267 0.251 33972.5 353.0 59.27 0.09 7767 0 1719 0 
#
1 34 59463.86148028483149 1 2.868992 19.76 1.74 1451.3897 0.0403 740.4320 0.0396 19.763 0.141 1.735 0.047 154959.3 499.4 1.08 0.05 7787 0 1205 0 1855.1565 nan 672.3866 nan nan nan nan nan 5760.3 330.7 -0.19 0.05 7754 0 939 0 
#
2 34 59463.86148028483149 1 2.868992 20.17 2.22 1446.3304 0.0256 749.0510 0.0247 20.264 0.084 2.230 0.035 1972332.2 1517.7 23.66 0.11 7672 0 4962 0 1850.4332 0.0757 678.9576 0.0734 19.385 0.243 2.049 0.126 58273.8 452.9 10.39 0.06 7742 0 1485 0 
#
3 34 59463.86148028483149 1 2.868992 17.68 2.22 1437.8796 0.0236 748.3989 0.0230 17.793 0.074 2.237 0.030 2281321.5 1594.7 33.82 0.11 7685 0 6414 0 1842.1668 0.0720 680.6795 0.0707 16.621 0.227 1.966 0.112 55217.2 472.1 19.76 0.07 7755 0 1282 0 
#
4 34 59463.86148028483149 1 2.868992 16.59 2.34 1437.4131 0.0229 741.8190 0.0221 16.638 0.069 2.345 0.031 2080525.5 1468.4 38.05 0.10 7736 0 6921 0 1841.7686 0.0757 673.8689 0.0741 16.063 0.233 2.147 0.139 44251.7 436.7 28.49 0.07 7758 0 1135 0 
#
5 34 59463.86148028483149 1 2.868992 16.41 2.53 1432.7484 0.0226 748.4110 0.0218 16.440 0.068 2.534 0.038 1692948.5 1399.7 69.07 0.11 7752 0 6155 0 1835.5426 0.1063 679.9262 0.1046 15.703 0.319 2.226 0.221 33491.1 533.5 59.99 0.09 7752 0 1612 0 
#
1 35 59463.86151358166535 1 2.868992 13.91 2.35 1449.1353 0.0236 740.6430 0.0231 13.927 0.070 2.347 0.038 162059.0 435.5 0.29 0.05 7754 0 1489 0 1854.7344 0.2065 672.7654 0.2034 13.000 0.612 2.182 0.442 5727.1 217.8 -0.23 0.05 7749 0 952 0 
#
2 35 59463.86151358166535 1 2.868992 14.09 2.58 1443.9394 0.0147 749.4512 0.0143 14.060 0.041 2.573 0.021 2030861.4 1380.2 16.17 0.07 7742 0 8177 0 1848.5415 0.0436 679.0794 0.0423 14.366 0.128 2.886 0.122 60611.8 339.0 10.29 0.06 7753 0 1583 0 
#
3 35 59463.86151358166535 1 2.868992 11.98 2.44 1435.4589 0.0127 748.7341 0.0126 11.962 0.034 2.430 0.017 2331660.7 1496.4 26.61 0.08 7767 0 11464 0 1840.3935 0.0400 680.7761 0.0394 12.200 0.116 2.692 0.107 56361.9 344.2 19.51 0.07 7770 0 1416 0 
#
4 35 59463.86151358166535 1 2.868992 10.94 2.42 1434.9644 0.0117 742.1588 0.0115 10.924 0.031 2.418 0.016 2115292.8 1393.6 32.33 0.08 7759 0 12902 0 1839.9236 0.0411 674.0083 0.0404 11.184 0.118 2.785 0.127 44825.4 305.9 28.27 0.07 7754 0 1256 0 
#
5 35 59463.86151358166535 1 2.868992 10.92 2.56 1430.3540 0.0115 748.7275 0.0114 10.909 0.031 2.561 0.019 1716273.6 1321.3 65.22 0.10 7754 0 10499 0 1833.9523 0.0562 680.1447 0.0558 11.336 0.161 2.981 0.219 33999.7 353.6 60.10 0.09 7749 0 1700 0 
#
1 36 59463.86154687849921 1 2.868992 13.26 3.02 1448.9179 0.0198 741.1373 0.0194 13.260 0.056 3.016 0.050 166661.3 434.7 0.08 0.05 7760 0 1560 0 1854.4373 0.1763 673.5156 0.1745 13.350 0.497 4.189 1.316 6032.4 205.2 -0.32 0.05 7784 0 954 0 
#
2 36 59463.86154687849921 1 2.868992 14.03 3.63 1443.6881 0.0117 749.8166 0.0114 13.992 0.031 3.617 0.032 2102447.3 1397.9 14.46 0.07 7745 0 8621 0 1848.5452 0.0386 679.6230 0.0380 14.456 0.109 4.727 0.281 62973.5 339.9 10.19 0.06 7780 0 1590 0 
#
3 36 59463.86154687849921 1 2.868992 12.07 3.43 1435.2350 0.0107 749.1303 0.0107 12.054 0.028 3.422 0.028 2430947.5 1523.9 24.79 0.08 7748 0 11667 0 1840.2746 0.0355 681.1440 0.0358 12.286 0.101 4.443 0.261 58777.3 347.6 19.39 0.07 7745 0 1423 0 
#
4 36 59463.86154687849921 1 2.868992 11.06 3.40 1434.7247 0.0101 742.5707 0.0101 11.047 0.026 3.392 0.027 2209553.6 1422.0 31.05 0.08 7767 0 12828 0 1839.8127 0.0361 674.4396 0.0361 11.301 0.102 4.236 0.262 47795.9 313.9 28.22 0.07 7748 0 1312 0 
#
5 36 59463.86154687849921 1 2.868992 11.21 3.88 1430.1143 0.0107 749.1230 0.0107 11.193 0.028 3.872 0.042 1792133.9 1349.8 64.03 0.10 7762 0 10211 0 1834.0366 0.0493 680.6144 0.0495 11.529 0.139 6.118 0.845 35223.6 370.4 60.31 0.10 7765 0 1698 0 
#
1 37 59463.86158017534035 1 2.868992 13.19 1.29 1449.6822 0.0351 741.5619 0.0341 13.186 0.121 1.289 0.023 124934.9 393.8 1.48 0.05 7769 0 1331 0 1854.4373 nan 673.5156 nan nan nan nan nan 4575.1 201.7 -0.23 0.05 7778 0 941 0 
#
2 37 59463.86158017534035 1 2.868992 14.78 1.55 1444.9822 0.0298 750.3436 0.0283 14.836 0.097 1.548 0.021 1704526.6 1372.1 27.16 0.13 7610 0 6088 0 1848.9194 0.0644 679.9958 0.0617 14.499 0.206 1.605 0.068 50117.8 337.7 10.67 0.06 7760 0 1516 0 
#
3 37 59463.86158017534035 1 2.868992 12.52 1.54 1436.4228 0.0277 749.6435 0.0266 12.678 0.086 1.540 0.018 1924440.8 1430.8 37.65 0.14 7647 0 8483 0 1840.4038 0.0575 681.4465 0.0561 11.829 0.180 1.565 0.060 46100.9 335.7 19.77 0.07 7776 0 1324 0 
#
4 37 59463.86158017534035 1 2.868992 11.60 1.56 1435.9365 0.0267 743.0899 0.0255 11.671 0.080 1.561 0.018 1752137.9 1316.6 41.01 0.12 7662 0 9258 0 1839.9304 0.0599 674.5509 0.0581 11.239 0.184 1.569 0.065 37406.7 305.5 28.57 0.07 7749 0 1188 0 
#
5 37 59463.86158017534035 1 2.868992 11.81 1.67 1431.3007 0.0260 749.6635 0.0248 11.854 0.077 1.670 0.021 1454900.9 1256.3 70.94 0.12 7743 0 7666 0 1834.0242 0.0810 680.9807 0.0791 11.375 0.245 1.668 0.106 28625.0 377.8 59.95 0.09 7751 0 1637 0 
#
1 38 59463.86161347217421 1 2.868992 22.17 1.80 1450.2093 0.0432 739.3856 0.0427 22.168 0.152 1.802 0.059 152830.6 542.8 1.38 0.05 7766 0 1160 0 1854.4373 nan 673.5156 nan nan nan nan nan 5549.7 380.3 -0.22 0.05 7783 0 940 0 
#
2 38 59463.86161347217421 1 2.868992 21.54 2.13 1445.1472 0.0202 747.9902 0.0198 21.563 0.069 2.125 0.028 1923707.1 1612.3 27.52 0.12 7694 0 4141 0 1849.6456 0.0824 678.1389 0.0810 21.279 0.260 2.355 0.180 57408.7 490.5 10.44 0.06 7743 0 1455 0 
#
3 38 59463.86161347217421 1 2.868992 18.75 2.11 1436.6931 0.0182 747.3366 0.0180 18.756 0.060 2.108 0.023 2224575.9 1642.9 37.69 0.13 7702 0 5234 0 1841.4234 0.0794 679.7721 0.0785 18.656 0.251 2.114 0.143 54338.6 499.6 19.71 0.07 7760 0 1254 0 
#
4 38 59463.86161347217421 1 2.868992 17.20 2.15 1436.1831 0.0174 740.7611 0.0172 17.201 0.055 2.145 0.022 2021265.9 1484.2 41.07 0.11 7726 0 5514 0 1840.9849 0.0829 672.8647 0.0816 17.282 0.253 2.372 0.182 43308.0 449.6 28.46 0.07 7763 0 1115 0 
#
5 38 59463.86161347217421 1 2.868992 16.78 2.35 1431.5260 0.0170 747.3651 0.0168 16.793 0.053 2.344 0.026 1643134.7 1410.4 72.90 0.12 7777 0 5075 0 1835.1393 0.1144 679.3824 0.1131 16.128 0.336 2.717 0.339 32114.2 555.8 60.86 0.10 7759 0 1597 0 
#
1 39 59463.86164676900808 1 2.868992 15.41 2.21 1447.7520 0.0248 741.6102 0.0245 15.410 0.077 2.209 0.037 157299.2 446.2 0.38 0.05 7758 0 1355 0 1854.4373 nan 673.5156 nan nan nan nan nan 5852.5 243.1 -0.31 0.05 7776 0 951 0 
#
2 39 59463.86164676900808 1 2.868992 15.72 2.60 1442.4258 0.0086 750.4891 0.0085 15.715 0.025 2.593 0.013 2001736.9 1390.7 18.72 0.08 7763 0 6650 0 1847.4838 0.0484 680.2399 0.0474 15.949 0.144 2.923 0.138 59711.8 362.2 10.31 0.05 7755 0 1530 0 
#
3 39 59463.86164676900808 1 2.868992 13.63 2.53 1433.9660 0.0081 749.7820 0.0081 13.621 0.023 2.529 0.012 2316368.3 1507.6 28.76 0.09 7747 0 8907 0 1839.3213 0.0458 681.7998 0.0457 13.787 0.135 2.771 0.127 56341.9 374.3 19.55 0.07 7759 0 1347 0 
#
4 39 59463.86164676900808 1 2.868992 12.60 2.57 1433.4440 0.0078 743.2124 0.0078 12.583 0.022 2.571 0.012 2116563.6 1405.7 33.80 0.08 7763 0 9711 0 1838.8406 0.0481 674.9718 0.0478 13.265 0.139 3.421 0.211 45039.1 338.7 28.31 0.07 7755 0 1208 0 
#
5 39 59463.86164676900808 1 2.868992 12.50 2.75 1428.8153 0.0089 749.8035 0.0090 12.490 0.025 2.752 0.017 1719509.1 1337.8 66.32 0.10 7745 0 8268 0 1833.0365 0.0666 681.1367 0.0664 12.851 0.191 3.165 0.277 34437.3 398.9 60.21 0.09 7753 0 1652 0 
#
1 40 59463.86168006584194 1 2.868992 15.54 2.53 1447.7897 0.0264 742.4048 0.0251 15.541 0.079 2.545 0.049 160781.6 450.6 0.49 0.05 7759 0 1366 0 1853.1628 0.2561 674.6587 0.2545 15.073 0.792 1.814 0.394 6173.9 242.3 -0.27 0.05 7747 0 944 0 
#
2 40 59463.86168006584194 1 2.868992 15.87 2.96 1442.5268 0.0166 751.2406 0.0151 15.817 0.045 2.950 0.030 2036731.2 1398.7 17.55 0.07 7750 0 6780 0 1847.1229 0.0512 681.0168 0.0481 16.410 0.146 3.737 0.225 61302.8 371.5 10.19 0.06 7748 0 1527 0 
#
3 40 59463.86168006584194 1 2.868992 13.86 2.93 1434.0346 0.0138 750.5146 0.0127 13.822 0.036 2.924 0.025 2367630.4 1522.3 27.85 0.08 7745 0 8904 0 1838.9867 0.0473 682.5638 0.0450 14.419 0.134 3.559 0.205 57912.0 378.6 19.59 0.07 7756 0 1347 0 
#
4 40 59463.86168006584194 1 2.868992 12.76 2.95 1433.5528 0.0136 743.9631 0.0124 12.716 0.035 2.942 0.025 2159237.6 1419.1 32.93 0.08 7749 0 9790 0 1838.5374 0.0489 675.7178 0.0464 13.398 0.137 3.969 0.280 46098.5 343.5 28.20 0.07 7772 0 1206 0 
#
5 40 59463.86168006584194 1 2.868992 12.72 3.20 1428.9339 0.0145 750.5232 0.0132 12.686 0.038 3.196 0.035 1754843.7 1353.9 66.11 0.10 7759 0 8326 0 1832.7468 0.0679 681.9631 0.0652 13.567 0.190 4.343 0.509 35150.5 408.7 60.53 0.09 7746 0 1645 0 
#
1 41 59463.86171336267580 1 2.868992 14.76 2.51 1449.6647 0.0234 743.2220 0.0228 14.766 0.070 2.504 0.042 163297.3 444.4 0.35 0.05 7753 0 2548 0 1855.5092 0.2302 675.2662 0.2291 14.596 0.670 3.022 0.877 5735.3 235.1 -0.30 0.05 7775 0 948 0 
#
2 41 59463.86171336267580 1 2.868992 14.63 2.79 1444.3489 0.0109 751.9787 0.0105 14.597 0.030 2.787 0.018 2027364.0 1383.6 16.91 0.07 7730 0 7557 0 1849.3851 0.0455 681.6712 0.0444 15.347 0.132 3.638 0.196 59285.5 347.7 10.24 0.06 7763 0 1564 0 
#
3 41 59463.86171336267580 1 2.868992 12.57 2.70 1435.8893 0.0082 751.2648 0.0081 12.560 0.022 2.697 0.013 2347593.8 1505.1 27.16 0.08 7746 0 10489 0 1841.1491 0.0420 683.2514 0.0414 12.962 0.122 2.939 0.131 56571.9 352.5 19.45 0.07 7749 0 1387 0 
#
4 41 59463.86171336267580 1 2.868992 11.47 2.69 1435.3916 0.0080 744.6936 0.0078 11.450 0.021 2.682 0.013 2141438.8 1405.0 32.51 0.08 7757 0 11607 0 1840.6171 0.0420 676.4123 0.0409 12.193 0.119 3.398 0.185 45932.7 317.9 28.16 0.07 7783 0 1236 0 
#
5 41 59463.86171336267580 1 2.868992 11.34 2.84 1430.7807 0.0080 751.2477 0.0079 11.330 0.021 2.842 0.016 1735713.0 1332.0 64.86 0.10 7737 0 9893 0 1834.8865 0.0575 682.6570 0.0569 12.089 0.163 3.874 0.369 33712.0 372.2 60.10 0.10 7751 0 1681 0 
#
1 42 59463.86174665950966 1 2.868992 19.93 2.32 1451.3802 0.0336 742.1170 0.0332 19.930 0.111 2.324 0.061 161148.0 505.9 0.75 0.05 7751 0 1221 0 1855.5092 nan 675.2662 nan nan nan nan nan 5349.5 331.0 -0.20 0.05 7759 0 941 0 
#
2 42 59463.86174665950966 1 2.868992 18.86 2.48 1446.1489 0.0131 750.8698 0.0127 18.849 0.041 2.476 0.020 1999893.5 1453.0 21.33 0.09 7723 0 5172 0 1850.8388 0.0630 680.5966 0.0619 19.028 0.195 2.642 0.156 60180.4 428.8 10.17 0.06 7748 0 1489 0 
#
3 42 59463.86174665950966 1 2.868992 16.40 2.41 1437.6496 0.0107 750.1811 0.0105 16.394 0.033 2.410 0.015 2307744.1 1549.2 31.60 0.10 7743 0 6726 0 1842.7438 0.0623 682.1480 0.0614 16.514 0.189 2.631 0.156 55530.3 439.2 19.58 0.07 7755 0 1301 0 
#
4 42 59463.86174665950966 1 2.868992 15.05 2.46 1437.1438 0.0104 743.6046 0.0102 15.048 0.031 2.457 0.015 2099961.0 1432.9 36.11 0.09 7736 0 7336 0 1842.2217 0.0633 675.3679 0.0624 15.116 0.190 2.491 0.149 44428.0 394.2 28.41 0.07 7762 0 1155 0 
#
5 42 59463.86174665950966 1 2.868992 14.60 2.53 1432.4988 0.0103 750.1797 0.0101 14.595 0.030 2.532 0.017 1702453.3 1363.3 67.82 0.11 7741 0 6560 0 1836.3237 0.0857 681.4630 0.0850 14.716 0.252 2.680 0.249 34135.3 472.7 60.51 0.09 7773 0 1619 0 
#
1 43 59463.86177995635080 1 2.868992 27.43 2.10 1453.3043 0.0562 740.6780 0.0553 27.434 0.193 2.098 0.116 147370.1 597.7 1.90 0.05 7763 0 1087 0 1855.5092 nan 675.2662 nan nan nan nan nan 4966.5 443.9 -0.21 0.05 7769 0 937 0 
#
2 43 59463.86177995635080 1 2.868992 25.96 2.15 1448.0854 0.0301 749.1820 0.0292 26.040 0.108 2.149 0.050 1888017.5 1901.6 31.59 0.15 7552 0 3470 0 1851.9764 0.1080 679.5322 0.1066 25.158 0.350 2.111 0.227 54983.7 566.8 10.61 0.06 7747 0 1436 0 
#
3 43 59463.86177995635080 1 2.868992 22.67 2.11 1439.5978 0.0283 748.5443 0.0277 22.712 0.099 2.131 0.041 2223363.1 1900.9 41.91 0.15 7596 0 4191 0 1843.5689 0.1080 680.7956 0.1068 22.172 0.353 1.827 0.172 53798.8 615.9 19.95 0.07 7757 0 1228 0 
#
4 43 59463.86177995635080 1 2.868992 20.84 2.22 1439.0838 0.0279 741.9552 0.0272 20.869 0.094 2.218 0.041 2025516.3 1647.5 44.01 0.13 7598 0 4333 0 1843.0474 0.1063 674.2575 0.1054 20.443 0.333 2.185 0.216 43279.9 554.5 28.57 0.07 7755 0 1103 0 
#
5 43 59463.86177995635080 1 2.868992 20.14 2.33 1434.2822 0.0280 748.6127 0.0273 20.126 0.092 2.324 0.046 1643481.9 1554.7 74.01 0.13 7700 0 4306 0 1837.1386 0.1619 680.1206 0.1608 20.569 0.481 2.869 0.533 32186.7 699.9 60.42 0.10 7767 0 1575 0 
#
1 44 59463.86181325318466 1 2.868992 19.68 2.57 1450.8730 0.0311 741.5818 0.0312 19.680 0.101 2.566 0.065 162834.3 502.6 0.57 0.05 7757 0 1224 0 1855.5092 nan 675.2662 nan nan nan nan nan 6292.6 324.8 -0.22 0.05 7762 0 942 0 
#
2 44 59463.86181325318466 1 2.868992 19.20 2.87 1445.5640 0.0085 750.3303 0.0085 19.191 0.027 2.871 0.017 2037623.8 1454.3 19.91 0.08 7759 0 5202 0 1850.3614 0.0617 680.0365 0.0615 19.735 0.187 3.636 0.269 60157.7 442.3 10.22 0.06 7748 0 1477 0 
#
3 44 59463.86181325318466 1 2.868992 16.77 2.78 1437.0535 0.0077 749.5994 0.0079 16.765 0.023 2.774 0.014 2358354.3 1561.1 30.32 0.09 7749 0 6642 0 1842.1330 0.0603 681.4985 0.0606 17.098 0.181 3.114 0.205 56981.3 444.2 19.46 0.07 7747 0 1285 0 
#
4 44 59463.86181325318466 1 2.868992 15.41 2.78 1436.5342 0.0075 743.0380 0.0076 15.398 0.022 2.777 0.013 2147277.5 1444.7 34.93 0.09 7747 0 7223 0 1841.6235 0.0614 674.7532 0.0620 16.135 0.182 3.473 0.266 45677.6 406.6 28.36 0.07 7755 0 1151 0 
#
5 44 59463.86181325318466 1 2.868992 15.13 2.95 1431.8848 0.0083 749.5980 0.0085 15.131 0.024 2.953 0.018 1741394.4 1387.2 67.39 0.11 7753 0 6438 0 1835.6604 0.0862 680.9751 0.0864 15.383 0.252 3.082 0.322 34905.1 491.6 60.32 0.09 7748 0 1615 0 
#
1 45 59463.86184655001853 1 2.868992 17.57 2.69 1450.5643 0.0269 743.1469 0.0266 17.572 0.084 2.691 0.058 164167.5 475.8 0.50 0.05 7765 0 1302 0 1855.5092 nan 675.2662 nan nan nan nan nan 6301.6 286.1 -0.34 0.05 7769 0 949 0 
#
2 45 59463.86184655001853 1 2.868992 16.56 2.71 1445.2413 0.0078 751.8763 0.0077 16.557 0.023 2.705 0.013 2042671.9 1410.4 17.46 0.08 7743 0 6452 0 1850.3477 0.0509 681.5426 0.0504 16.876 0.154 2.988 0.152 60484.2 385.0 10.09 0.06 7781 0 1523 0 
#
3 45 59463.86184655001853 1 2.868992 14.30 2.60 1436.7365 0.0075 751.1744 0.0075 14.299 0.022 2.595 0.012 2354053.7 1524.9 28.20 0.09 7743 0 8596 0 1841.8499 0.0492 683.1085 0.0493 14.525 0.148 2.754 0.134 56626.0 388.7 19.66 0.07 7756 0 1341 0 
#
4 45 59463.86184655001853 1 2.868992 13.07 2.61 1436.2112 0.0074 744.5957 0.0074 13.065 0.021 2.605 0.012 2137356.6 1416.8 33.48 0.09 7758 0 9358 0 1841.4955 0.0493 676.3039 0.0492 13.530 0.144 2.965 0.163 45828.5 351.9 28.27 0.07 7784 0 1189 0 
#
5 45 59463.86184655001853 1 2.868992 12.63 2.68 1431.5649 0.0081 751.1482 0.0082 12.626 0.023 2.680 0.015 1723685.2 1341.7 65.65 0.10 7753 0 8243 0 1835.5895 0.0700 682.3963 0.0700 13.067 0.203 3.029 0.266 33938.6 407.6 60.03 0.09 7780 0 1659 0 
#
1 46 59463.86187984685239 1 2.868992 15.55 2.52 1450.2089 0.0234 741.6620 0.0232 15.553 0.071 2.516 0.043 163119.3 452.3 0.41 0.05 7754 0 1393 0 1855.5092 nan 675.2662 nan nan nan nan nan 5582.2 245.0 -0.25 0.05 7769 0 945 0 
#
2 46 59463.86187984685239 1 2.868992 14.89 2.67 1444.8548 0.0085 750.4006 0.0083 14.875 0.024 2.662 0.013 2031337.1 1386.5 16.71 0.07 7739 0 7537 0 1849.8474 0.0451 680.0581 0.0444 15.317 0.133 3.219 0.155 59876.6 351.3 10.08 0.06 7749 0 1563 0 
#
3 46 59463.86187984685239 1 2.868992 12.83 2.57 1436.3945 0.0063 749.6916 0.0063 12.823 0.018 2.568 0.009 2349391.2 1508.7 27.26 0.08 7755 0 10136 0 1841.6322 0.0420 681.6731 0.0421 13.237 0.124 2.952 0.133 56842.3 358.0 19.55 0.07 7765 0 1375 0 
#
4 46 59463.86187984685239 1 2.868992 11.70 2.55 1435.8859 0.0061 743.1282 0.0061 11.691 0.017 2.553 0.009 2134028.0 1403.8 32.72 0.08 7753 0 11448 0 1841.2241 0.0427 674.8361 0.0426 12.246 0.124 2.939 0.142 45848.8 321.5 28.20 0.07 7753 0 1227 0 
#
5 46 59463.86187984685239 1 2.868992 11.40 2.64 1431.2510 0.0066 749.6877 0.0066 11.390 0.018 2.635 0.012 1725687.6 1327.5 65.11 0.10 7746 0 9699 0 1835.3743 0.0596 680.9581 0.0592 11.890 0.170 3.285 0.276 33141.9 370.5 60.17 0.09 7754 0 1673 0 
#
1 47 59463.86191314368625 1 2.868992 14.64 2.52 1451.1032 0.0217 741.9040 0.0217 14.645 0.065 2.521 0.040 164105.6 444.3 0.30 0.05 7750 0 1434 0 1856.7308 0.2185 674.0392 0.2185 14.128 0.644 2.471 0.578 5939.9 233.0 -0.28 0.05 7761 0 949 0 
#
2 47 59463.86191314368625 1 2.868992 14.82 2.91 1445.8188 0.0080 750.5554 0.0080 14.805 0.022 2.908 0.015 2062423.7 1394.0 15.84 0.07 7745 0 7665 0 1850.6831 0.0435 680.3746 0.0429 15.366 0.128 3.280 0.153 61803.6 353.0 9.96 0.06 7745 0 1556 0 
#
3 47 59463.86191314368625 1 2.868992 12.74 2.78 1437.3001 0.0074 749.8529 0.0076 12.731 0.020 2.781 0.013 2380432.7 1515.6 26.29 0.08 7733 0 10678 0 1842.3352 0.0407 681.8064 0.0407 13.163 0.118 3.280 0.157 56734.7 359.0 19.42 0.07 7751 0 1381 0 
#
4 47 59463.86191314368625 1 2.868992 11.66 2.75 1436.7657 0.0070 743.2873 0.0072 11.650 0.019 2.743 0.012 2164542.2 1413.1 32.17 0.08 7745 0 11931 0 1841.8541 0.0413 675.0463 0.0413 12.140 0.119 3.091 0.152 46618.6 322.5 28.21 0.07 7757 0 1244 0 
#
5 47 59463.86191314368625 1 2.868992 11.54 2.88 1432.1338 0.0075 749.8419 0.0077 11.537 0.021 2.881 0.016 1752139.6 1338.2 64.11 0.10 7757 0 9834 0 1836.0111 0.0567 681.2176 0.0566 11.845 0.163 3.159 0.243 34881.5 375.6 60.01 0.09 7755 0 1690 0 
#
1 48 59463.86194644052011 1 2.868992 15.63 2.02 1451.7816 0.0262 741.8800 0.0260 15.634 0.084 2.023 0.034 158200.3 448.9 0.48 0.05 7770 0 1349 0 1856.7308 nan 674.0392 nan nan nan nan nan 5893.9 243.9 -0.25 0.05 7752 0 945 0 
#
2 48 59463.86194644052011 1 2.868992 16.02 2.45 1446.5224 0.0090 750.6371 0.0089 16.010 0.027 2.448 0.013 2005464.6 1397.9 18.34 0.08 7780 0 6426 0 1851.1278 0.0513 680.3038 0.0505 16.316 0.156 2.646 0.123 59872.6 371.4 10.18 0.06 7745 0 1529 0 
#
3 48 59463.86194644052011 1 2.868992 13.81 2.38 1438.0047 0.0078 749.9548 0.0079 13.810 0.023 2.381 0.010 2311348.4 1509.4 28.65 0.09 7752 0 8595 0 1842.9688 0.0479 681.8646 0.0477 13.708 0.144 2.421 0.104 55576.7 377.8 19.51 0.07 7762 0 1345 0 
#
4 48 59463.86194644052011 1 2.868992 12.65 2.40 1437.4761 0.0074 743.3954 0.0075 12.641 0.021 2.400 0.010 2097283.4 1401.1 33.96 0.09 7776 0 9553 0 1842.4429 0.0491 675.1398 0.0485 13.001 0.145 2.581 0.125 45358.6 342.1 28.18 0.07 7761 0 1201 0 
#
5 48 59463.86194644052011 1 2.868992 12.54 2.57 1432.8449 0.0075 749.9560 0.0076 12.539 0.021 2.567 0.013 1708903.6 1336.0 67.00 0.10 7748 0 8191 0 1836.5799 0.0711 681.3029 0.0706 12.887 0.206 2.721 0.220 33535.6 408.4 60.66 0.10 7766 0 1644 0 
#
1 49 59463.86197973736125 1 2.868992 13.11 2.57 1450.2453 0.0201 741.2621 0.0199 13.111 0.058 2.568 0.038 162494.8 429.3 0.26 0.05 7758 0 1559 0 1855.5180 0.1950 673.4994 0.1959 13.151 0.566 2.802 0.668 5687.8 203.7 -0.31 0.05 7779 0 954 0 
#
2 49 59463.86197973736125 1 2.868992 13.11 2.79 1444.9510 0.0106 750.0611 0.0104 13.054 0.029 2.778 0.018 2044091.7 1375.4 15.29 0.07 7745 0 9253 0 1849.8980 0.0388 679.6533 0.0380 13.908 0.111 3.652 0.171 60313.0 323.5 10.01 0.06 7741 0 1603 0 
#
3 49 59463.86197973736125 1 2.868992 11.21 2.69 1436.4405 0.0085 749.3450 0.0086 11.181 0.023 2.689 0.014 2358432.1 1498.7 25.82 0.08 7781 0 13396 0 1841.6179 0.0354 681.2649 0.0354 11.703 0.101 3.181 0.134 57089.2 328.6 19.37 0.07 7756 0 1431 0 
#
4 49 59463.86197973736125 1 2.868992 10.21 2.67 1435.9377 0.0081 742.8079 0.0082 10.182 0.021 2.661 0.014 2147831.1 1398.4 31.41 0.08 7740 0 14572 0 1841.2076 0.0358 674.5507 0.0358 10.829 0.102 3.292 0.157 46204.3 296.7 28.16 0.07 7767 0 1303 0 
#
5 49 59463.86197973736125 1 2.868992 10.11 2.80 1431.2954 0.0083 749.3694 0.0084 10.098 0.022 2.792 0.017 1741702.9 1321.3 64.02 0.10 7744 0 12041 0 1835.2469 0.0481 680.6357 0.0480 10.598 0.137 3.421 0.257 34172.1 333.8 60.18 0.09 7756 0 1733 0 
#
1 50 59463.86201303419512 1 2.868992 14.42 2.69 1450.7728 0.0211 740.6691 0.0209 14.424 0.062 2.690 0.043 164592.5 441.7 0.20 0.05 7757 0 1453 0 1856.0478 0.2111 672.8858 0.2113 14.364 0.623 2.531 0.579 6029.5 224.7 -0.27 0.05 7753 0 952 0 
#
2 50 59463.86201303419512 1 2.868992 14.35 2.93 1445.4041 0.0090 749.4458 0.0089 14.316 0.025 2.927 0.017 2063067.0 1390.5 15.46 0.07 7789 0 8177 0 1850.3672 0.0417 679.0446 0.0410 15.046 0.121 3.781 0.193 61122.3 342.3 9.95 0.06 7751 0 1568 0 
#
3 50 59463.86201303419512 1 2.868992 12.30 2.80 1436.8924 0.0073 748.7414 0.0073 12.285 0.020 2.795 0.013 2380508.9 1511.8 25.96 0.08 7748 0 11166 0 1842.1747 0.0390 680.6529 0.0389 12.738 0.113 3.312 0.155 56661.4 344.9 19.47 0.07 7758 0 1385 0 
#
4 50 59463.86201303419512 1 2.868992 11.28 2.80 1436.3694 0.0070 742.1859 0.0071 11.263 0.019 2.800 0.013 2165102.3 1410.2 31.68 0.08 7748 0 12559 0 1841.6493 0.0393 673.8044 0.0391 11.765 0.113 3.316 0.169 46657.1 314.1 28.18 0.07 7752 0 1268 0 
#
5 50 59463.86201303419512 1 2.868992 11.18 2.99 1431.7275 0.0074 748.7470 0.0074 11.171 0.020 2.985 0.017 1752980.7 1335.6 66.23 0.10 7746 0 10208 0 1835.7522 0.0553 679.9755 0.0551 11.852 0.157 3.898 0.364 34340.7 372.1 61.00 0.10 7758 0 1700 0 
#
1 51 59463.86204633102898 1 2.868992 20.71 2.21 1450.1932 0.0348 743.2150 0.0348 20.710 0.118 2.212 0.060 160239.4 517.3 0.83 0.05 7745 0 1186 0 1856.0478 nan 672.8858 nan nan nan nan nan 6327.4 350.2 -0.43 0.05 7756 0 945 0 
#
2 51 59463.86204633102898 1 2.868992 19.15 2.39 1444.7009 0.0098 751.9998 0.0098 19.139 0.032 2.387 0.015 1995729.2 1464.4 21.66 0.09 7714 0 5037 0 1849.8200 0.0664 681.4739 0.0660 19.627 0.207 2.741 0.179 59066.1 435.9 10.22 0.06 7748 0 1482 0 
#
3 51 59463.86204633102898 1 2.868992 16.63 2.31 1436.2490 0.0091 751.2669 0.0092 16.619 0.029 2.313 0.012 2298936.4 1556.2 32.01 0.10 7726 0 6493 0 1841.4413 0.0640 682.9055 0.0639 16.989 0.197 2.478 0.146 55415.8 442.7 19.56 0.07 7756 0 1277 0 
#
4 51 59463.86204633102898 1 2.868992 15.34 2.39 1435.7216 0.0090 744.6909 0.0091 15.332 0.027 2.391 0.013 2095330.5 1436.9 36.51 0.09 7737 0 7073 0 1841.0793 0.0644 676.2508 0.0641 15.895 0.192 2.896 0.199 44898.7 407.2 28.13 0.07 7764 0 1139 0 
#
5 51 59463.86204633102898 1 2.868992 14.73 2.47 1431.0829 0.0093 751.2444 0.0094 14.725 0.028 2.465 0.015 1691875.7 1365.0 68.52 0.11 7745 0 6271 0 1835.2305 0.0901 682.4248 0.0898 14.919 0.265 2.719 0.270 33933.3 473.9 60.65 0.09 7763 0 1617 0 
#
1 52 59463.86207962786284 1 2.868992 21.61 2.07 1453.3410 0.0371 740.7689 0.0374 21.607 0.128 2.074 0.060 161719.0 532.4 0.80 0.05 7755 0 1181 0 1856.0478 nan 672.8858 nan nan nan nan nan 5936.5 362.1 -0.29 0.05 7738 0 941 0 
#
2 52 59463.86207962786284 1 2.868992 20.14 2.32 1448.0449 0.0145 749.5428 0.0146 20.121 0.049 2.317 0.022 2001026.2 1507.2 22.24 0.10 7730 0 4833 0 1852.7059 0.0711 679.0987 0.0710 20.605 0.227 2.433 0.161 59955.6 457.4 10.02 0.06 7758 0 1464 0 
#
3 52 59463.86207962786284 1 2.868992 17.42 2.23 1439.5203 0.0135 748.8541 0.0138 17.421 0.044 2.226 0.018 2301566.5 1584.0 33.06 0.11 7736 0 6085 0 1844.3425 0.0676 680.7613 0.0682 17.459 0.215 2.219 0.130 55516.3 455.8 19.59 0.07 7749 0 1282 0 
#
4 52 59463.86207962786284 1 2.868992 16.02 2.28 1438.9909 0.0131 742.2890 0.0133 16.002 0.041 2.276 0.017 2086214.7 1450.9 37.38 0.10 7737 0 6583 0 1843.8300 0.0686 674.0174 0.0686 16.394 0.209 2.608 0.177 44378.8 415.6 28.23 0.07 7747 0 1132 0 
#
5 52 59463.86207962786284 1 2.868992 15.39 2.36 1434.2686 0.0131 748.8437 0.0134 15.380 0.041 2.359 0.020 1686345.1 1378.7 69.61 0.11 7746 0 6183 0 1838.0644 0.0995 680.0975 0.0997 15.757 0.299 2.435 0.244 33870.4 498.8 60.60 0.09 7758 0 1604 0 
#
1 53 59463.86211292469670 1 2.868992 18.79 2.09 1453.1365 0.0315 740.6758 0.0318 18.795 0.106 2.087 0.047 161856.3 487.9 0.54 0.05 7740 0 1244 0 1856.0478 nan 672.8858 nan nan nan nan nan 5100.3 307.3 -0.28 0.05 7761 0 943 0 
#
2 53 59463.86211292469670 1 2.868992 17.63 2.23 1447.8791 0.0107 749.2860 0.0110 17.614 0.035 2.222 0.014 1995703.5 1429.3 20.00 0.09 7723 0 5726 0 1852.9121 0.0590 679.0230 0.0593 18.043 0.185 2.543 0.137 59160.5 403.0 10.12 0.06 7748 0 1489 0 
#
3 53 59463.86211292469670 1 2.868992 15.16 2.14 1439.3286 0.0108 748.6302 0.0112 15.152 0.034 2.144 0.013 2284333.8 1529.0 30.84 0.10 7750 0 7633 0 1844.4503 0.0567 680.7324 0.0578 15.408 0.178 2.198 0.106 54618.5 401.3 19.67 0.07 7770 0 1330 0 
#
4 53 59463.86211292469670 1 2.868992 13.85 2.17 1438.7431 0.0105 742.0712 0.0110 13.839 0.032 2.163 0.012 2065639.8 1408.5 35.72 0.09 7736 0 8389 0 1844.0522 0.0581 673.9165 0.0589 14.254 0.177 2.437 0.134 44474.4 366.9 28.08 0.07 7755 0 1168 0 
#
5 53 59463.86211292469670 1 2.868992 13.33 2.23 1434.1028 0.0108 748.6387 0.0112 13.319 0.033 2.229 0.015 1670013.5 1336.5 68.63 0.11 7747 0 7534 0 1838.0296 0.0794 680.0060 0.0804 13.984 0.235 2.772 0.252 33157.1 434.8 60.66 0.10 7754 0 1647 0 
#
1 54 59463.86214622153057 1 2.868992 19.31 2.54 1452.8443 0.0312 739.3905 0.0313 19.305 0.101 2.542 0.064 164134.6 496.9 0.38 0.05 7756 0 1232 0 1856.0478 nan 672.8858 nan nan nan nan nan 6153.3 317.0 -0.44 0.05 7753 0 942 0 
#
2 54 59463.86214622153057 1 2.868992 18.82 2.83 1447.5643 0.0132 748.0549 0.0132 18.803 0.041 2.825 0.025 2045912.5 1451.2 19.12 0.08 7747 0 5363 0 1852.1730 0.0610 677.8858 0.0606 19.189 0.185 3.414 0.236 60055.9 431.0 10.08 0.06 7754 0 1498 0 
#
3 54 59463.86214622153057 1 2.868992 16.43 2.72 1439.0646 0.0123 747.3832 0.0125 16.426 0.037 2.711 0.021 2363086.0 1556.3 29.70 0.09 7738 0 6905 0 1843.8523 0.0575 679.5917 0.0578 16.567 0.171 3.289 0.217 55928.6 430.0 19.44 0.07 7753 0 1299 0 
#
4 54 59463.86214622153057 1 2.868992 15.19 2.75 1438.5172 0.0118 740.8068 0.0121 15.178 0.034 2.749 0.021 2145031.7 1443.8 34.60 0.09 7752 0 7335 0 1843.4142 0.0601 672.6531 0.0601 15.530 0.177 3.240 0.229 45157.1 400.0 28.21 0.07 7773 0 1162 0 
#
5 54 59463.86214622153057 1 2.868992 14.96 2.97 1433.8422 0.0118 747.3791 0.0121 14.947 0.034 2.971 0.026 1737521.5 1381.6 68.02 0.11 7752 0 6617 0 1837.5015 0.0858 678.7415 0.0859 15.427 0.246 4.100 0.557 33722.0 483.5 60.90 0.09 7759 0 1609 0 
#
1 55 59463.86217951837170 1 2.868992 9.53 2.76 1450.0016 0.0168 740.2731 0.0157 9.530 0.044 2.761 0.038 161658.1 405.5 -0.12 0.05 7756 0 2099 0 1855.3866 0.1075 672.4955 0.1048 9.518 0.303 3.281 0.584 5762.4 149.5 -0.43 0.05 7779 0 972 0 
#
2 55 59463.86217951837170 1 2.868992 11.37 3.69 1444.7341 0.0162 748.8998 0.0151 11.266 0.039 3.660 0.047 2086642.4 1379.8 13.38 0.06 7750 0 12564 0 1849.6557 0.0326 678.6914 0.0304 11.892 0.088 5.594 0.358 62292.2 304.0 9.80 0.06 7761 0 1697 0 
#
3 55 59463.86217951837170 1 2.868992 9.70 3.54 1436.1641 0.0126 748.2474 0.0122 9.676 0.031 3.519 0.038 2424860.9 1510.7 23.64 0.07 7741 0 18066 0 1841.2951 0.0278 680.3300 0.0269 9.865 0.076 4.970 0.286 58311.0 305.4 19.18 0.07 7751 0 1570 0 
#
4 55 59463.86217951837170 1 2.868992 8.90 3.40 1435.6451 0.0119 741.6904 0.0115 8.845 0.029 3.388 0.035 2207533.7 1410.7 29.82 0.08 7752 0 19791 0 1840.8543 0.0293 673.5606 0.0279 9.362 0.080 5.270 0.368 47006.8 274.4 27.90 0.07 7752 0 1401 0 
#
5 55 59463.86217951837170 1 2.868992 9.23 3.84 1430.9936 0.0120 748.2403 0.0117 9.195 0.030 3.833 0.050 1791858.3 1333.9 63.52 0.10 7754 0 15033 0 1834.9796 0.0391 679.7088 0.0381 9.678 0.108 7.358 1.097 34986.3 314.0 60.48 0.09 7752 0 1813 0 
#
1 56 59463.86221281520557 1 2.868992 8.75 3.34 1450.2689 0.0146 741.3325 0.0135 8.747 0.037 3.338 0.050 167166.8 408.8 -0.09 0.05 7753 0 2353 0 1855.7159 0.0923 673.6789 0.0882 8.764 0.254 3.423 0.567 5987.5 140.3 -0.37 0.05 7754 0 982 0 
#
2 56 59463.86221281520557 1 2.868992 10.48 4.56 1445.0110 0.0146 750.1089 0.0132 10.277 0.034 4.547 0.070 2129576.9 1390.3 12.63 0.06 7763 0 15084 0 1849.9770 0.0301 679.8686 0.0273 11.565 0.080 13.157 1.970 63208.3 294.1 9.73 0.06 7747 0 1736 0 
#
3 56 59463.86221281520557 1 2.868992 8.89 4.30 1436.4365 0.0100 749.4074 0.0096 8.785 0.024 4.296 0.049 2481955.6 1525.5 22.78 0.07 7778 0 22116 0 1841.6308 0.0265 681.4216 0.0250 9.857 0.072 11.475 1.564 59899.3 298.7 19.15 0.07 7781 0 1617 0 
#
4 56 59463.86221281520557 1 2.868992 8.01 3.84 1435.9364 0.0096 742.8657 0.0091 7.899 0.023 3.838 0.039 2257964.4 1423.8 29.10 0.08 7752 0 25911 0 1841.1336 0.0268 674.6496 0.0249 9.171 0.072 9.633 1.202 48351.0 264.3 27.77 0.07 7761 0 1468 0 
#
5 56 59463.86221281520557 1 2.868992 8.49 4.35 1431.2906 0.0101 749.4149 0.0097 8.249 0.025 4.353 0.059 1826368.0 1341.3 64.19 0.10 7767 0 19135 0 1835.3223 0.0359 680.8030 0.0343 9.682 0.055 20.000 -1.000 35814.7 300.7 60.77 0.10 7765 0 1856 0 
