#
# This is a logfile produced by the HiPERCAM pipeline command 'reduce'. It consists
# of one line per reduced CCD per exposure. Each line contains all the information
# from all apertures defined for the CCD. The column names are defined just before
# the data below. The logfile was produced using version number:
#
#  1.1.6
#
# of the HiPERCAM reduction software, and was generated using the following
# command-line inputs to 'reduce':
#
# source = hl
# run    = run0034
# first  = 1
# last   = 0
# twait  = 0.0
# tmax   = 10.0
# trim   = True
# ncol   = 0
# nrow   = 0
# rfile  = run0034_010-large
# log    = run0034-large
# tkeep  = 0.0
# lplot  = True
# implot = True
# ccd    = 0
# nx     = 2
# msub   = True
# iset   = p
# plo    = 1.0
# phi    = 98.0
# xlo    = 300.0
# xhi    = 1000.0
# ylo    = 50.0
# yhi    = 750.0
#
# and here is a minimal version of the reduce file used ['rfile' above] with
# all between-line comments removed for compactness:
#
#
#   [general]
#   version = 20210602 # must be compatible with the version in reduce
#   instrument = hipercam-gtc # instrument
#   scale = 0.081 # pixel scale, arcsec/pixel
#   ldevice = 1/xs # PGPLOT plot device for light curve plots
#   lwidth = 0.0 # light curve plot width, inches, 0 to let program choose
#   lheight = 0.0 # light curve plot height, inches
#   idevice = 2/xs # PGPLOT plot device for image plots [if implot True]
#   iwidth = 0.0 # image curve plot width, inches, 0 to let program choose
#   iheight = 0.0 # image curve plot height, inches
#   toffset = 0 # integer offset to subtract from the MJD
#   skipbadt = yes
#   warn = 1 50000 64000
#   warn = 2 50000 64000
#   warn = 3 50000 64000
#   warn = 4 50000 64000
#   warn = 5 50000 64000
#   ncpu = 1
#   ngroup = 1
#
#   [apertures]
#   aperfile = run0034_010-large.ape # file of software apertures for each CCD
#   location = variable # aperture locations: 'fixed' or 'variable'
#   search_half_width = 24.7 # for initial search for objects around previous position, unbinned pixels
#   search_smooth_fwhm = 8.6 # smoothing FWHM, binned pixels
#   search_smooth_fft = no # use FFTs for smoothing, 'yes' or 'no'.
#   fit_method = moffat # gaussian or moffat
#   fit_beta = 5.0 # Moffat exponent
#   fit_beta_max = 20.0 # max Moffat expt
#   fit_fwhm = 8.6 # FWHM, unbinned pixels
#   fit_fwhm_min = 1.5 # Minimum FWHM, unbinned pixels [MUST be < fit_fwhm!]
#   fit_fwhm_max = 74.1 # Maximum FWHM, unbinned pixels
#   fit_ndiv = 0 # sub-pixellation factor
#   fit_fwhm_fixed = no # Might want to set = 'yes' for defocussed images
#   fit_half_width = 49.4 # for fit, unbinned pixels
#   fit_thresh = 8.00 # RMS rejection threshold for fits
#   fit_height_min_ref = 40.0 # minimum height to accept a fit, reference aperture
#   fit_height_min_nrf = 10.0 # minimum height to accept a fit, non-reference aperture
#   fit_max_shift = 6.2 # max. non-ref. shift, unbinned pixels.
#   fit_alpha = 0.10 # Fraction of non-reference aperture shift to apply
#   fit_diff = 4.12 # Maximum differential shift of multiple reference apertures, unbinned
#
#   [extraction]
#   1 = variable normal 1.80 3.0 44.4 2.5 44.4 44.4 3.0 66.7 66.7
#   2 = variable normal 1.80 3.0 44.4 2.5 44.4 44.4 3.0 66.7 66.7
#   3 = variable normal 1.80 3.0 44.4 2.5 44.4 44.4 3.0 66.7 66.7
#   4 = variable normal 1.80 3.0 44.4 2.5 44.4 44.4 3.0 66.7 66.7
#   5 = variable normal 1.80 3.0 44.4 2.5 44.4 44.4 3.0 66.7 66.7
#
#   [psf_photom]
#   gfac = 3.0  # multiple of the FWHM to use in grouping objects
#   fit_half_width = 15.0  # size of window used to collect the data to do the fitting
#   positions = fixed   # 'fixed' or 'variable'
#
#   [sky]
#   method = clipped # 'clipped' | 'median'
#   error  = variance # 'variance' | 'photon': first uses actual variance of sky
#   thresh = 3.0 # threshold in terms of RMS for 'clipped'
#
#   [calibration]
#   crop = yes # Crop calibrations to match the data
#   bias = masterBiasFlats.hcm # Bias frame, blank to ignore
#   flat = masterFlat.hcm # Flat field frame, blank to ignore
#   dark =  # Dark frame, blank to ignore
#   fmap = hipercam_fmap_2018_05_19.hcm # Fringe map frame, blank to ignore
#   fpair = hipercam_fpair_2018_04_15.frng # File of fringe pairs, ignored if fmap blank
#   nhalf = 3 # Half-size of region used for fringe ratios, binned pix, ignored if fmap blank=""
#   rmin = -1.0 # Mininum acceptable individual fmap ratio, ignored if fmap blank
#   rmax = 2.0 # Maximum acceptable individual fmap ratio, ignored if fmap blank
#   readout = 4.2 # RMS ADU. Float or string name of a file or "!" to estimate on the fly
#   gain = 1.1 # Gain, electrons/ADU. Float or string name of a file
#
#   [position]
#   height = 0.5 # height relative to light curve plot
#   x_fixed = no # keep X-position vertical range fixed
#   x_min = -5.0 # lower limit for X-position
#   x_max = 5.0 # upper limit for X-position
#   y_fixed = no # keep Y-position vertical range fixed
#   y_min = -5.0 # lower limit for Y-position
#   y_max = 5.0 # upper limit for Y-position
#   extend_y = 0.2 # Vertical extension fraction if limits exceeded
#   plot = 2 1 darkred ! # ccd, targ, dcol, ecol
#
#   [focal_mask]
#   demask = no
#   dthresh = 3.0
#
#   [monitor]
#   1 = NO_EXTRACTION TARGET_SATURATED TARGET_AT_EDGE TARGET_NONLINEAR NO_SKY NO_FWHM NO_DATA SKY_AT_EDGE
#
# Next here is the aperture file used in JSON-style format that (without
# the initial comment hashes) is readable by setaper and reduce:
#
#   [
#     "hipercam.MccdAper",
#     [
#       "1",
#       [
#         "hipercam.CcdAper",
#         [
#           "1",
#           {
#             "Comment": "hipercam.Aperture",
#             "x": 535.0160239688252,
#             "y": 713.2698986909343,
#             "rtarg": 100.0,
#             "rsky1": 150.0,
#             "rsky2": 200.0,
#             "ref": false,
#             "mask": [],
#             "extra": [],
#             "link": ""
#           }
#         ]
#       ]
#     ],
#     [
#       "2",
#       [
#         "hipercam.CcdAper",
#         [
#           "1",
#           {
#             "Comment": "hipercam.Aperture",
#             "x": 532.3875265847234,
#             "y": 722.2636754388296,
#             "rtarg": 100.0,
#             "rsky1": 150.0,
#             "rsky2": 200.0,
#             "ref": false,
#             "mask": [],
#             "extra": [],
#             "link": ""
#           }
#         ]
#       ]
#     ],
#     [
#       "3",
#       [
#         "hipercam.CcdAper",
#         [
#           "1",
#           {
#             "Comment": "hipercam.Aperture",
#             "x": 521.7681308597327,
#             "y": 712.1638372103307,
#             "rtarg": 100.0,
#             "rsky1": 150.0,
#             "rsky2": 200.0,
#             "ref": false,
#             "mask": [],
#             "extra": [],
#             "link": ""
#           }
#         ]
#       ]
#     ],
#     [
#       "4",
#       [
#         "hipercam.CcdAper",
#         [
#           "1",
#           {
#             "Comment": "hipercam.Aperture",
#             "x": 520.7884476176739,
#             "y": 703.7762328914415,
#             "rtarg": 100.0,
#             "rsky1": 150.0,
#             "rsky2": 200.0,
#             "ref": false,
#             "mask": [],
#             "extra": [],
#             "link": ""
#           }
#         ]
#       ]
#     ],
#     [
#       "5",
#       [
#         "hipercam.CcdAper",
#         [
#           "1",
#           {
#             "Comment": "hipercam.Aperture",
#             "x": 518.5391930460969,
#             "y": 710.2589077061959,
#             "rtarg": 100.0,
#             "rsky1": 150.0,
#             "rsky2": 200.0,
#             "ref": false,
#             "mask": [],
#             "extra": [],
#             "link": ""
#           }
#         ]
#       ]
#     ]
#   ]
#
# Now follow column name definitions for each CCD. These include all apertures
# of the CCD. Since there are 15 items stored per aperture and each column name
# is built from the item name followed by an underscore and finally the aperture
# name, thus these definition can be very long and won't be very readable. Each
# line starts with the '<CCD label> = '. The various items have the following
# meanings. First the generic ones at the start of the line:
#
#    CCD    : CCD label
#    nframe : integer frame number
#    MJD    : MJD at the centre of the exposure
#    MJDok  : flag to say whether the MJD is thought reliable
#    Exptim : exposure time, seconds
#    mfwhm  : the mean FWHM used to determine the aperture scale (-1 if none)
#    mbeta  : the mean Moffat beta exponent (-1 if none)
#
# Then a set of 16 items that is repeated for each aperture and will
# have '_<apnam>' added to them. The 'errors' are RMS uncertainties, and
# may often be set to -1 if no direct measurement is made. This can happen
# through problems that occur or because an aperture is linked for instance.
#
#    x       : X-position
#    xe      : X-position error
#    y       : Y-position
#    ye      : Y-position error
#    fwhm    : FWHM
#    fwhme   : FWHM error
#    beta    : Moffat exponent
#    betae   : Moffat exponent error
#    counts   : sky-subtracted counts in aperture
#    countse  : error in       "          "
#    sky     : sky level, counts per pixel
#    skye    : sky level error, counts per pixel
#    nsky    : number of contributing sky pixels (those not rejected)
#    nrej    : number of sky pixels rejected
#    cmax    : maximum raw counts in aperture
#    flag    : status flag, 0 = all OK.
#
# Start of column name definitions:
#
# 1 = CCD nframe MJD MJDok Exptim mfwhm mbeta x_1 xe_1 y_1 ye_1 fwhm_1 fwhme_1 beta_1 betae_1 counts_1 countse_1 sky_1 skye_1 nsky_1 nrej_1 cmax_1 flag_1 
# 2 = CCD nframe MJD MJDok Exptim mfwhm mbeta x_1 xe_1 y_1 ye_1 fwhm_1 fwhme_1 beta_1 betae_1 counts_1 countse_1 sky_1 skye_1 nsky_1 nrej_1 cmax_1 flag_1 
# 3 = CCD nframe MJD MJDok Exptim mfwhm mbeta x_1 xe_1 y_1 ye_1 fwhm_1 fwhme_1 beta_1 betae_1 counts_1 countse_1 sky_1 skye_1 nsky_1 nrej_1 cmax_1 flag_1 
# 4 = CCD nframe MJD MJDok Exptim mfwhm mbeta x_1 xe_1 y_1 ye_1 fwhm_1 fwhme_1 beta_1 betae_1 counts_1 countse_1 sky_1 skye_1 nsky_1 nrej_1 cmax_1 flag_1 
# 5 = CCD nframe MJD MJDok Exptim mfwhm mbeta x_1 xe_1 y_1 ye_1 fwhm_1 fwhme_1 beta_1 betae_1 counts_1 countse_1 sky_1 skye_1 nsky_1 nrej_1 cmax_1 flag_1 
#
# End of column name definitions
#
# Now follow a similar series of datatypes which are designed to be used to
# build a numpy.dtype for each CCD to allow them to read into numpy structured
# arrays.
#
# Start of data type definitions:
#
# 1 = s i4 f8 ? f4 f4 f4 f4 f4 f4 f4 f4 f4 f4 f4 f4 f4 f4 f4 i4 i4 i4 u4 
# 2 = s i4 f8 ? f4 f4 f4 f4 f4 f4 f4 f4 f4 f4 f4 f4 f4 f4 f4 i4 i4 i4 u4 
# 3 = s i4 f8 ? f4 f4 f4 f4 f4 f4 f4 f4 f4 f4 f4 f4 f4 f4 f4 i4 i4 i4 u4 
# 4 = s i4 f8 ? f4 f4 f4 f4 f4 f4 f4 f4 f4 f4 f4 f4 f4 f4 f4 i4 i4 i4 u4 
# 5 = s i4 f8 ? f4 f4 f4 f4 f4 f4 f4 f4 f4 f4 f4 f4 f4 f4 f4 i4 i4 i4 u4 
#
# End of data type definitions
#
#
1 1 59467.14697388084460 1 0.20001 10.69 2.92 533.8068 0.0149 713.2416 0.0154 10.686 0.041 2.921 0.034 282461.2 526.4 -4.46 0.04 7746 0 2873 0 
#
2 1 59467.14697388084460 1 0.20001 9.97 2.76 531.2037 0.0140 722.1620 0.0150 9.968 0.037 2.763 0.026 997500.1 983.9 0.45 0.05 7748 0 7173 0 
#
3 1 59467.14697388084460 1 0.20001 8.48 2.67 520.6300 0.0102 712.0938 0.0108 8.479 0.027 2.672 0.020 475444.6 668.7 -2.55 0.05 7745 0 5493 0 
#
4 1 59467.14697388084460 1 0.20001 7.82 2.67 519.6469 0.0112 703.7476 0.0119 7.816 0.030 2.671 0.025 233554.3 467.6 -1.21 0.05 7761 0 4112 0 
#
5 1 59467.14697388084460 1 0.20001 7.65 2.66 517.4122 0.0149 710.2077 0.0159 7.650 0.041 2.664 0.038 122520.2 361.3 -0.12 0.05 7756 0 2611 0 
#
1 2 59467.14701048546704 1 0.20001 11.26 3.17 534.0426 0.0130 714.1350 0.0131 11.259 0.035 3.175 0.034 285087.9 531.1 -4.40 0.04 7753 0 2811 0 
#
2 2 59467.14701048546704 1 0.20001 10.65 3.01 531.4065 0.0115 723.0592 0.0121 10.650 0.030 3.010 0.025 1010729.2 991.8 0.50 0.05 7740 0 6854 0 
#
3 2 59467.14701048546704 1 0.20001 9.19 3.00 520.8135 0.0092 712.9915 0.0095 9.195 0.024 3.004 0.022 483182.5 676.1 -2.39 0.05 7751 0 5032 0 
#
4 2 59467.14701048546704 1 0.20001 8.44 2.97 519.8232 0.0106 704.6332 0.0107 8.441 0.028 2.968 0.028 237288.5 473.4 -1.05 0.05 7750 0 3842 0 
#
5 2 59467.14701048546704 1 0.20001 8.27 3.08 517.6274 0.0150 711.1434 0.0154 8.274 0.040 3.076 0.050 124431.7 366.8 0.73 0.05 7745 0 2487 0 
#
1 3 59467.14704709008220 1 0.20001 11.21 2.95 534.6744 0.0146 714.5739 0.0146 11.211 0.040 2.954 0.033 283511.8 529.6 -4.36 0.04 7770 0 2796 0 
#
2 3 59467.14704709008220 1 0.20001 10.65 2.87 532.0565 0.0130 723.4219 0.0132 10.647 0.034 2.871 0.025 1003828.0 989.2 0.49 0.05 7752 0 6978 0 
#
3 3 59467.14704709008220 1 0.20001 9.16 2.83 521.5104 0.0096 713.3065 0.0096 9.163 0.025 2.827 0.020 477301.3 671.8 -2.28 0.05 7774 0 5064 0 
#
4 3 59467.14704709008220 1 0.20001 8.36 2.78 520.5580 0.0113 704.9618 0.0111 8.357 0.029 2.775 0.026 234918.9 470.5 -1.05 0.05 7746 0 3667 0 
#
5 3 59467.14704709008220 1 0.20001 8.35 2.87 518.3471 0.0153 711.3746 0.0151 8.349 0.041 2.866 0.043 124769.7 368.4 0.24 0.05 7775 0 2462 0 
#
1 4 59467.14708369470463 1 0.20001 11.38 2.93 533.0859 0.0154 712.7627 0.0155 11.380 0.042 2.933 0.035 283016.0 529.7 -4.30 0.04 7749 0 2651 0 
#
2 4 59467.14708369470463 1 0.20001 11.05 2.97 530.4800 0.0128 721.7227 0.0131 11.053 0.034 2.972 0.026 1008016.7 993.3 0.64 0.06 7772 0 6316 0 
#
3 4 59467.14708369470463 1 0.20001 9.56 2.95 519.9170 0.0101 711.6005 0.0102 9.556 0.026 2.955 0.023 481257.6 676.2 -2.30 0.05 7743 0 4631 0 
#
4 4 59467.14708369470463 1 0.20001 8.76 2.90 518.9227 0.0116 703.2271 0.0117 8.763 0.030 2.897 0.029 236338.1 473.5 -1.14 0.05 7758 0 3545 0 
#
5 4 59467.14708369470463 1 0.20001 8.89 3.21 516.7533 0.0163 709.7504 0.0163 8.893 0.044 3.213 0.057 125148.4 372.4 0.50 0.05 7748 0 2333 0 
#
1 5 59467.14712029931979 1 0.20001 11.28 3.23 535.2605 0.0154 714.2069 0.0156 11.283 0.042 3.233 0.042 284842.2 530.3 -4.33 0.04 7756 0 2746 0 
#
2 5 59467.14712029931979 1 0.20001 10.82 3.09 532.6817 0.0143 723.1338 0.0147 10.821 0.037 3.090 0.032 1012688.6 993.6 0.54 0.05 7747 0 6698 0 
#
3 5 59467.14712029931979 1 0.20001 9.37 3.03 522.0762 0.0115 713.0782 0.0118 9.365 0.030 3.034 0.028 483414.6 676.8 -2.37 0.05 7746 0 5059 0 
#
4 5 59467.14712029931979 1 0.20001 8.61 2.98 521.1094 0.0126 704.7332 0.0129 8.606 0.033 2.977 0.034 237821.4 474.5 -1.21 0.05 7762 0 3653 0 
#
5 5 59467.14712029931979 1 0.20001 8.57 3.03 518.8982 0.0167 711.2166 0.0171 8.567 0.045 3.026 0.053 125046.5 369.9 0.55 0.05 7747 0 2441 0 
#
1 6 59467.14715690394223 1 0.20001 10.84 3.06 533.4173 0.0154 712.9413 0.0155 10.841 0.041 3.057 0.038 284568.4 529.6 -4.39 0.05 7760 0 2892 0 
#
2 6 59467.14715690394223 1 0.20001 10.71 3.09 530.8239 0.0165 721.9676 0.0165 10.709 0.042 3.094 0.037 1014829.1 994.2 0.51 0.05 7748 0 6621 0 
#
3 6 59467.14715690394223 1 0.20001 9.27 3.09 520.2520 0.0123 711.8954 0.0122 9.268 0.031 3.085 0.031 485411.3 677.6 -2.50 0.05 7746 0 5042 0 
#
4 6 59467.14715690394223 1 0.20001 8.39 2.94 519.3193 0.0129 703.5356 0.0126 8.385 0.033 2.942 0.033 238750.4 474.3 -1.16 0.05 7772 0 3920 0 
#
5 6 59467.14715690394223 1 0.20001 8.64 3.08 517.0390 0.0180 710.0406 0.0173 8.637 0.047 3.082 0.057 125886.6 372.1 0.44 0.05 7750 0 2579 0 
#
1 7 59467.14719350855739 1 0.20001 11.05 3.18 535.1346 0.0143 714.0832 0.0143 11.052 0.038 3.181 0.038 284611.8 529.8 -4.37 0.04 7757 0 2815 0 
#
2 7 59467.14719350855739 1 0.20001 10.98 3.27 532.5372 0.0136 722.9988 0.0136 10.979 0.035 3.267 0.034 1016319.0 996.0 0.43 0.05 7757 0 6735 0 
#
3 7 59467.14719350855739 1 0.20001 9.37 3.13 521.9703 0.0114 712.9582 0.0111 9.375 0.029 3.134 0.029 482873.4 676.4 -2.43 0.05 7758 0 5018 0 
#
4 7 59467.14719350855739 1 0.20001 8.48 2.98 521.0240 0.0131 704.6497 0.0127 8.483 0.034 2.981 0.035 237566.4 473.3 -1.21 0.05 7737 0 3781 0 
#
5 7 59467.14719350855739 1 0.20001 8.77 3.20 518.7640 0.0185 711.0888 0.0176 8.766 0.049 3.196 0.063 125501.3 371.8 0.34 0.05 7754 0 2392 0 
#
1 8 59467.14723011317983 1 0.20001 10.81 3.07 535.8255 0.0157 713.4451 0.0162 10.814 0.042 3.075 0.040 283809.1 528.1 -4.48 0.04 7745 0 2875 0 
#
2 8 59467.14723011317983 1 0.20001 10.91 3.27 533.1713 0.0159 722.4441 0.0169 10.909 0.042 3.270 0.041 1013675.6 994.2 0.49 0.05 7750 0 6668 0 
#
3 8 59467.14723011317983 1 0.20001 9.38 3.21 522.6202 0.0130 712.2966 0.0138 9.378 0.034 3.211 0.037 484528.4 677.8 -2.42 0.05 7757 0 4737 0 
#
4 8 59467.14723011317983 1 0.20001 8.57 3.12 521.6573 0.0136 703.9217 0.0144 8.570 0.036 3.119 0.041 237680.6 474.0 -1.16 0.05 7742 0 3676 0 
#
5 8 59467.14723011317983 1 0.20001 8.82 3.48 519.4439 0.0182 710.3569 0.0192 8.821 0.050 3.477 0.078 125716.6 372.5 0.51 0.05 7781 0 2354 0 
#
1 9 59467.14726671779499 1 0.20001 10.45 3.30 534.7185 0.0139 714.2287 0.0142 10.450 0.037 3.304 0.041 285295.4 528.1 -4.55 0.04 7749 0 2963 0 
#
2 9 59467.14726671779499 1 0.20001 10.41 3.35 532.0844 0.0126 723.2089 0.0129 10.409 0.032 3.350 0.034 1018355.1 994.4 0.31 0.05 7728 0 7100 0 
#
3 9 59467.14726671779499 1 0.20001 8.84 3.21 521.4801 0.0102 713.0866 0.0102 8.844 0.026 3.209 0.028 485598.5 676.7 -2.55 0.05 7759 0 5255 0 
#
4 9 59467.14726671779499 1 0.20001 8.04 3.10 520.5123 0.0119 704.7241 0.0119 8.041 0.031 3.103 0.036 237993.8 472.6 -1.10 0.05 7765 0 4007 0 
#
5 9 59467.14726671779499 1 0.20001 8.25 3.31 518.3158 0.0161 711.2217 0.0158 8.247 0.043 3.306 0.062 126605.4 370.0 0.39 0.05 7755 0 2651 0 
#
1 10 59467.14730332241743 1 0.20001 9.67 2.94 535.0154 0.0142 713.2667 0.0146 9.665 0.038 2.939 0.034 283258.7 523.2 -4.51 0.04 7751 0 3289 0 
#
2 10 59467.14730332241743 1 0.20001 9.57 2.99 532.3808 0.0137 722.2594 0.0140 9.568 0.035 2.991 0.030 1005409.0 986.5 0.28 0.05 7739 0 7886 0 
#
3 10 59467.14730332241743 1 0.20001 8.05 2.86 521.7615 0.0093 712.1609 0.0095 8.054 0.024 2.862 0.021 479112.4 670.1 -2.47 0.05 7761 0 5849 0 
#
4 10 59467.14730332241743 1 0.20001 7.26 2.74 520.7828 0.0102 703.7752 0.0103 7.260 0.026 2.745 0.025 233992.7 465.8 -1.29 0.05 7754 0 4425 0 
#
5 10 59467.14730332241743 1 0.20001 7.50 2.96 518.5381 0.0142 710.2613 0.0140 7.497 0.037 2.963 0.045 124455.6 362.9 0.69 0.05 7762 0 2664 0 
#
1 11 59467.14733992703259 1 0.20001 9.57 2.80 535.6234 0.0152 713.2471 0.0157 9.565 0.041 2.803 0.033 281648.4 521.3 -4.42 0.04 7748 0 3195 0 
#
2 11 59467.14733992703259 1 0.20001 9.20 2.78 532.9609 0.0150 722.1705 0.0158 9.205 0.039 2.776 0.029 1000110.3 982.9 0.29 0.05 7754 0 8296 0 
#
3 11 59467.14733992703259 1 0.20001 7.77 2.70 522.3911 0.0104 712.0911 0.0109 7.772 0.027 2.704 0.022 475797.7 666.7 -2.66 0.05 7736 0 6092 0 
#
4 11 59467.14733992703259 1 0.20001 7.01 2.61 521.4081 0.0108 703.7114 0.0112 7.006 0.028 2.612 0.024 232586.7 463.9 -1.28 0.05 7772 0 4442 0 
#
5 11 59467.14733992703259 1 0.20001 7.08 2.72 519.1824 0.0142 710.1887 0.0148 7.081 0.038 2.719 0.039 123210.9 358.6 0.29 0.05 7746 0 2746 0 
#
1 12 59467.14737653165503 1 0.20001 9.83 2.78 535.4561 0.0159 714.1914 0.0163 9.830 0.043 2.782 0.034 280346.6 521.0 -4.42 0.04 7759 0 3111 0 
#
2 12 59467.14737653165503 1 0.20001 9.49 2.78 532.8611 0.0158 723.2081 0.0162 9.493 0.040 2.782 0.030 995917.8 981.1 0.25 0.05 7751 0 7939 0 
#
3 12 59467.14737653165503 1 0.20001 8.12 2.76 522.2685 0.0115 713.1275 0.0118 8.117 0.029 2.756 0.024 474333.9 666.4 -2.61 0.05 7741 0 5887 0 
#
4 12 59467.14737653165503 1 0.20001 7.36 2.67 521.2988 0.0115 704.7490 0.0118 7.357 0.030 2.667 0.026 232056.8 464.6 -1.19 0.05 7753 0 4382 0 
#
5 12 59467.14737653165503 1 0.20001 7.51 2.79 519.0745 0.0153 711.2570 0.0153 7.512 0.040 2.786 0.042 122774.7 360.8 0.45 0.05 7753 0 2663 0 
#
1 13 59467.14741313627019 1 0.20001 9.70 2.78 535.6867 0.0149 713.2510 0.0153 9.699 0.040 2.784 0.032 281395.9 521.2 -4.37 0.04 7744 0 3186 0 
#
2 13 59467.14741313627019 1 0.20001 9.15 2.68 533.0122 0.0149 722.1769 0.0154 9.147 0.038 2.680 0.026 995899.5 980.5 0.34 0.05 7749 0 8503 0 
#
3 13 59467.14741313627019 1 0.20001 7.75 2.63 522.4113 0.0102 712.1228 0.0105 7.746 0.026 2.630 0.020 474036.6 665.2 -2.56 0.05 7755 0 6309 0 
#
4 13 59467.14741313627019 1 0.20001 7.03 2.55 521.4329 0.0107 703.7525 0.0110 7.026 0.027 2.554 0.022 231903.1 463.2 -1.27 0.05 7757 0 4450 0 
#
5 13 59467.14741313627019 1 0.20001 6.95 2.62 519.2147 0.0138 710.2420 0.0142 6.948 0.037 2.616 0.035 121739.9 356.7 0.74 0.05 7760 0 2933 0 
#
1 14 59467.14744974089263 1 0.20001 10.24 2.91 536.4912 0.0135 713.2376 0.0135 10.238 0.036 2.914 0.031 282140.2 524.7 -4.39 0.05 7763 0 3060 0 
#
2 14 59467.14744974089263 1 0.20001 9.46 2.79 533.7604 0.0128 722.1524 0.0129 9.463 0.032 2.794 0.024 1000417.7 983.1 0.40 0.05 7742 0 8141 0 
#
3 14 59467.14744974089263 1 0.20001 7.97 2.69 523.1481 0.0083 712.0678 0.0082 7.975 0.021 2.691 0.016 475411.1 666.9 -2.65 0.05 7761 0 6120 0 
#
4 14 59467.14744974089263 1 0.20001 7.26 2.63 522.1822 0.0094 703.6900 0.0092 7.263 0.024 2.626 0.020 233221.8 465.1 -1.25 0.05 7748 0 4327 0 
#
5 14 59467.14744974089263 1 0.20001 7.12 2.68 519.9319 0.0133 710.1699 0.0130 7.123 0.035 2.682 0.034 122569.3 359.0 0.13 0.05 7757 0 2781 0 
#
1 15 59467.14748634551506 1 0.20001 10.65 2.95 535.2032 0.0173 713.0329 0.0177 10.645 0.047 2.955 0.040 282351.8 526.0 -4.43 0.04 7749 0 2909 0 
#
2 15 59467.14748634551506 1 0.20001 9.63 2.71 532.6212 0.0154 722.0655 0.0157 9.626 0.039 2.708 0.027 996726.3 981.9 0.41 0.05 7744 0 7769 0 
#
3 15 59467.14748634551506 1 0.20001 8.36 2.69 522.0093 0.0118 711.9774 0.0119 8.356 0.030 2.691 0.023 476203.0 668.8 -2.51 0.05 7748 0 5644 0 
#
4 15 59467.14748634551506 1 0.20001 7.71 2.63 520.9871 0.0126 703.5311 0.0127 7.711 0.033 2.629 0.027 233743.8 467.0 -1.28 0.05 7752 0 4066 0 
#
5 15 59467.14748634551506 1 0.20001 7.41 2.61 518.8166 0.0153 710.0693 0.0153 7.412 0.041 2.612 0.037 122723.6 359.7 0.66 0.05 7760 0 2743 0 
#
1 16 59467.14752295013022 1 0.20001 11.03 2.99 536.4966 0.0135 712.1253 0.0137 11.028 0.037 2.991 0.032 283051.5 528.7 -4.35 0.04 7760 0 2850 0 
#
2 16 59467.14752295013022 1 0.20001 10.32 2.81 533.7701 0.0124 721.0453 0.0128 10.318 0.032 2.813 0.023 1001250.9 986.2 0.46 0.05 7737 0 7342 0 
#
3 16 59467.14752295013022 1 0.20001 8.69 2.68 523.1763 0.0095 710.9276 0.0098 8.688 0.025 2.677 0.018 474972.7 668.8 -2.47 0.05 7755 0 5495 0 
#
4 16 59467.14752295013022 1 0.20001 7.78 2.53 522.1835 0.0111 702.5643 0.0114 7.781 0.030 2.531 0.022 231155.9 465.0 -1.22 0.05 7756 0 4225 0 
#
5 16 59467.14752295013022 1 0.20001 7.68 2.58 519.9867 0.0148 708.9889 0.0152 7.683 0.040 2.579 0.035 122488.3 361.4 0.24 0.05 7747 0 2687 0 
#
1 17 59467.14755955475266 1 0.20001 11.02 2.86 536.8438 0.0185 712.9762 0.0193 11.025 0.051 2.861 0.040 282817.3 527.7 -4.42 0.04 7748 0 2734 0 
#
2 17 59467.14755955475266 1 0.20001 10.56 2.79 534.1958 0.0202 721.9431 0.0213 10.559 0.053 2.793 0.037 999291.0 985.9 0.45 0.05 7747 0 6412 0 
#
3 17 59467.14755955475266 1 0.20001 9.23 2.82 523.5918 0.0162 711.8756 0.0170 9.227 0.042 2.821 0.034 479555.3 673.7 -2.51 0.05 7759 0 4632 0 
#
4 17 59467.14755955475266 1 0.20001 8.44 2.82 522.6351 0.0159 703.5368 0.0166 8.439 0.042 2.815 0.038 235222.1 470.9 -1.37 0.05 7777 0 3561 0 
#
5 17 59467.14755955475266 1 0.20001 8.50 2.91 520.4174 0.0203 709.9994 0.0209 8.505 0.055 2.914 0.059 124457.7 368.1 0.16 0.05 7765 0 2373 0 
#
1 18 59467.14759615936782 1 0.20001 11.32 3.12 538.4694 0.0168 714.0942 0.0178 11.315 0.047 3.124 0.044 284823.6 531.6 -4.40 0.05 7751 0 2759 0 
#
2 18 59467.14759615936782 1 0.20001 10.01 2.74 535.7156 0.0148 722.9907 0.0158 10.011 0.039 2.744 0.027 1000169.2 984.9 0.38 0.05 7752 0 7465 0 
#
3 18 59467.14759615936782 1 0.20001 8.70 2.71 525.1063 0.0115 712.8677 0.0123 8.697 0.030 2.711 0.023 476647.4 670.0 -2.41 0.05 7758 0 5407 0 
#
4 18 59467.14759615936782 1 0.20001 8.10 2.69 524.0982 0.0131 704.4578 0.0141 8.098 0.035 2.690 0.030 234002.8 468.6 -1.25 0.05 7752 0 3952 0 
#
5 18 59467.14759615936782 1 0.20001 7.61 2.60 521.8813 0.0156 710.9632 0.0165 7.615 0.043 2.605 0.038 122175.1 360.2 0.15 0.05 7748 0 2685 0 
#
1 19 59467.14763276399026 1 0.20001 12.06 3.30 537.1282 0.0173 714.2832 0.0178 12.060 0.048 3.302 0.049 287309.5 536.8 -4.46 0.04 7744 0 2630 0 
#
2 19 59467.14763276399026 1 0.20001 12.10 3.42 534.4947 0.0157 723.1818 0.0162 12.103 0.042 3.419 0.042 1024107.9 1004.4 0.37 0.06 7747 0 5771 0 
#
3 19 59467.14763276399026 1 0.20001 10.65 3.46 523.7989 0.0128 713.0661 0.0132 10.651 0.034 3.464 0.039 489695.3 685.9 -2.42 0.05 7750 0 4068 0 
#
4 19 59467.14763276399026 1 0.20001 9.84 3.40 522.8270 0.0142 704.7184 0.0146 9.837 0.038 3.402 0.048 241899.6 482.7 -1.18 0.05 7748 0 3131 0 
#
5 19 59467.14763276399026 1 0.20001 10.19 3.99 520.5771 0.0189 711.1630 0.0192 10.186 0.052 3.986 0.099 127537.3 384.5 0.39 0.05 7764 0 2102 0 
#
1 20 59467.14766936860542 1 0.20001 12.39 3.41 536.4385 0.0191 713.2016 0.0191 12.385 0.052 3.408 0.057 287601.1 538.2 -4.41 0.04 7757 0 2531 0 
#
2 20 59467.14766936860542 1 0.20001 13.01 3.80 533.7580 0.0206 722.1487 0.0208 13.011 0.054 3.800 0.066 1030896.0 1010.3 0.31 0.05 7758 0 5353 0 
#
3 20 59467.14766936860542 1 0.20001 11.56 3.92 523.0875 0.0179 712.0362 0.0179 11.558 0.047 3.917 0.067 493943.9 692.5 -2.41 0.05 7758 0 3816 0 
#
4 20 59467.14766936860542 1 0.20001 10.61 3.84 522.0527 0.0183 703.6687 0.0180 10.609 0.048 3.844 0.075 243551.8 488.1 -1.15 0.05 7750 0 3038 0 
#
5 20 59467.14766936860542 1 0.20001 11.33 4.69 519.7462 0.0260 710.1372 0.0253 11.332 0.070 4.689 0.178 129316.9 395.8 0.56 0.05 7753 0 2116 0 
#
1 21 59467.14770597322786 1 0.20001 10.64 2.82 538.6236 0.0158 714.8202 0.0159 10.639 0.043 2.818 0.033 282993.6 526.6 -4.46 0.04 7757 0 2817 0 
#
2 21 59467.14770597322786 1 0.20001 10.21 2.78 535.8844 0.0158 723.7015 0.0162 10.206 0.041 2.780 0.029 1002765.4 986.5 0.35 0.05 7739 0 7068 0 
#
3 21 59467.14770597322786 1 0.20001 8.74 2.72 525.2885 0.0121 713.6666 0.0122 8.744 0.031 2.717 0.024 477696.6 671.1 -2.60 0.05 7756 0 5033 0 
#
4 21 59467.14770597322786 1 0.20001 7.87 2.62 524.3483 0.0130 705.3203 0.0129 7.873 0.033 2.624 0.027 232658.8 466.3 -1.38 0.05 7765 0 3871 0 
#
5 21 59467.14770597322786 1 0.20001 8.03 2.83 522.0992 0.0172 711.8013 0.0170 8.029 0.045 2.826 0.047 123008.7 363.9 0.25 0.05 7765 0 2455 0 
#
1 22 59467.14774257784302 1 0.20001 10.83 2.89 537.2804 0.0169 715.5990 0.0178 10.826 0.047 2.889 0.038 281927.4 526.4 -4.48 0.04 7755 0 2843 0 
#
2 22 59467.14774257784302 1 0.20001 10.55 2.89 534.6303 0.0170 724.5824 0.0182 10.550 0.045 2.893 0.034 1002998.3 988.3 0.37 0.05 7770 0 6849 0 
#
3 22 59467.14774257784302 1 0.20001 8.96 2.77 523.9863 0.0135 714.5166 0.0145 8.957 0.036 2.767 0.028 477160.2 671.2 -2.56 0.05 7759 0 5053 0 
#
4 22 59467.14774257784302 1 0.20001 8.11 2.69 523.0047 0.0137 706.1410 0.0145 8.112 0.036 2.686 0.031 233434.8 468.4 -1.22 0.05 7760 0 3785 0 
#
5 22 59467.14774257784302 1 0.20001 8.23 2.89 520.7604 0.0174 712.5954 0.0183 8.228 0.047 2.894 0.051 123253.7 365.2 0.51 0.05 7761 0 2456 0 
#
1 23 59467.14777918246546 1 0.20001 11.68 3.13 537.8841 0.0167 714.7984 0.0167 11.676 0.045 3.126 0.042 284897.9 533.4 -4.48 0.05 7762 0 2657 0 
#
2 23 59467.14777918246546 1 0.20001 11.16 2.98 535.1866 0.0189 723.7720 0.0187 11.156 0.049 2.978 0.038 1014044.5 994.7 0.41 0.05 7747 0 6276 0 
#
3 23 59467.14777918246546 1 0.20001 9.78 3.02 524.5120 0.0158 713.6988 0.0154 9.780 0.040 3.024 0.036 485087.2 679.0 -2.56 0.05 7772 0 4460 0 
#
4 23 59467.14777918246546 1 0.20001 8.99 2.98 523.5107 0.0166 705.3261 0.0160 8.985 0.042 2.978 0.042 238131.8 475.9 -1.27 0.05 7771 0 3350 0 
#
5 23 59467.14777918246546 1 0.20001 9.16 3.20 521.2573 0.0230 711.8293 0.0218 9.159 0.060 3.198 0.076 125714.1 374.6 0.18 0.05 7759 0 2280 0 
#
1 24 59467.14781578708062 1 0.20001 12.29 3.29 536.3844 0.0159 714.0004 0.0162 12.290 0.044 3.287 0.044 286357.8 538.5 -4.32 0.05 7751 0 2493 0 
#
2 24 59467.14781578708062 1 0.20001 11.33 2.96 533.6607 0.0163 722.9339 0.0164 11.334 0.042 2.960 0.032 1009577.9 994.0 0.48 0.05 7739 0 5955 0 
#
3 24 59467.14781578708062 1 0.20001 9.92 2.93 523.0159 0.0129 712.8200 0.0130 9.921 0.034 2.931 0.028 481509.3 677.5 -2.46 0.05 7759 0 4366 0 
#
4 24 59467.14781578708062 1 0.20001 9.21 2.92 522.0397 0.0137 704.4423 0.0137 9.207 0.036 2.924 0.034 237722.0 476.7 -1.09 0.05 7762 0 3309 0 
#
5 24 59467.14781578708062 1 0.20001 9.22 3.17 519.7243 0.0197 710.9034 0.0193 9.218 0.052 3.171 0.065 124760.5 374.7 0.38 0.05 7756 0 2255 0 
#
1 25 59467.14785239170305 1 0.20001 11.95 3.06 536.1458 0.0149 711.7576 0.0149 11.952 0.041 3.063 0.036 284800.0 534.5 -4.51 0.04 7759 0 2621 0 
#
2 25 59467.14785239170305 1 0.20001 11.20 2.93 533.4310 0.0140 720.7359 0.0142 11.205 0.037 2.931 0.028 1009000.1 992.5 0.41 0.05 7753 0 6216 0 
#
3 25 59467.14785239170305 1 0.20001 9.72 2.85 522.8210 0.0109 710.6203 0.0109 9.724 0.028 2.851 0.023 480555.4 676.0 -2.45 0.05 7763 0 4617 0 
#
4 25 59467.14785239170305 1 0.20001 8.87 2.75 521.8234 0.0128 702.2278 0.0126 8.868 0.033 2.749 0.028 236337.5 473.8 -1.11 0.05 7755 0 3521 0 
#
5 25 59467.14785239170305 1 0.20001 8.79 2.91 519.6539 0.0171 708.7541 0.0169 8.792 0.046 2.909 0.048 124304.3 369.9 0.43 0.05 7753 0 2510 0 
#
1 26 59467.14788899631822 1 0.20001 10.87 2.78 536.5153 0.0150 712.6816 0.0149 10.875 0.041 2.780 0.031 281969.1 527.1 -4.54 0.04 7783 0 2797 0 
#
2 26 59467.14788899631822 1 0.20001 10.37 2.70 533.7678 0.0149 721.5768 0.0146 10.372 0.038 2.698 0.025 998378.5 985.1 0.64 0.05 7751 0 6727 0 
#
3 26 59467.14788899631822 1 0.20001 8.68 2.59 523.1463 0.0115 711.4894 0.0111 8.677 0.029 2.590 0.020 473858.8 668.2 -2.39 0.05 7749 0 5130 0 
#
4 26 59467.14788899631822 1 0.20001 7.83 2.55 522.1960 0.0123 703.1522 0.0118 7.828 0.031 2.546 0.024 231355.0 465.2 -1.25 0.05 7745 0 3872 0 
#
5 26 59467.14788899631822 1 0.20001 8.01 2.72 519.9236 0.0176 709.5928 0.0167 8.010 0.046 2.724 0.044 122498.0 362.6 0.40 0.05 7746 0 2477 0 
#
1 27 59467.14792560094065 1 0.20001 10.75 2.84 537.0215 0.0137 712.4315 0.0140 10.746 0.037 2.836 0.029 281461.6 525.4 -4.45 0.04 7760 0 2850 0 
#
2 27 59467.14792560094065 1 0.20001 10.35 2.81 534.3137 0.0106 721.3453 0.0109 10.353 0.028 2.806 0.020 1000107.9 986.6 0.51 0.06 7766 0 7065 0 
#
3 27 59467.14792560094065 1 0.20001 8.53 2.60 523.6679 0.0082 711.2247 0.0084 8.528 0.021 2.598 0.015 473573.5 667.3 -2.42 0.05 7748 0 5568 0 
#
4 27 59467.14792560094065 1 0.20001 7.67 2.50 522.6764 0.0100 702.8426 0.0102 7.668 0.026 2.503 0.019 230922.8 464.2 -1.20 0.05 7754 0 3953 0 
#
5 27 59467.14792560094065 1 0.20001 7.65 2.57 520.4832 0.0141 709.2994 0.0144 7.651 0.038 2.569 0.033 122304.3 361.4 0.41 0.05 7777 0 2632 0 
#
1 28 59467.14796220555581 1 0.20001 11.53 3.08 537.3575 0.0151 712.3354 0.0153 11.528 0.041 3.082 0.037 284005.8 531.2 -4.47 0.04 7759 0 2651 0 
#
2 28 59467.14796220555581 1 0.20001 11.44 3.20 534.6374 0.0144 721.2783 0.0146 11.443 0.037 3.199 0.034 1015325.3 997.0 0.60 0.05 7751 0 5974 0 
#
3 28 59467.14796220555581 1 0.20001 9.93 3.19 523.9972 0.0122 711.1759 0.0123 9.933 0.031 3.194 0.032 483857.9 678.9 -2.42 0.05 7750 0 4299 0 
#
4 28 59467.14796220555581 1 0.20001 9.16 3.18 523.0048 0.0137 702.7843 0.0137 9.156 0.036 3.177 0.041 238514.5 477.6 -1.19 0.05 7748 0 3421 0 
#
5 28 59467.14796220555581 1 0.20001 9.61 3.88 520.7352 0.0189 709.2254 0.0188 9.612 0.050 3.880 0.096 125711.6 378.3 0.41 0.05 7759 0 2183 0 
#
1 29 59467.14799881017825 1 0.20001 12.01 3.16 538.1156 0.0142 711.8927 0.0146 12.011 0.039 3.159 0.037 286691.5 536.5 -4.58 0.04 7760 0 2614 0 
#
2 29 59467.14799881017825 1 0.20001 12.51 3.50 535.4202 0.0149 720.7956 0.0155 12.508 0.040 3.497 0.041 1025636.1 1005.9 0.53 0.05 7760 0 5716 0 
#
3 29 59467.14799881017825 1 0.20001 10.54 3.23 524.8494 0.0151 710.6107 0.0156 10.538 0.040 3.229 0.040 487999.6 684.1 -2.44 0.05 7757 0 4323 0 
#
4 29 59467.14799881017825 1 0.20001 9.52 3.07 523.9221 0.0169 702.2183 0.0174 9.516 0.045 3.068 0.046 238778.6 478.9 -1.08 0.05 7744 0 3425 0 
#
5 29 59467.14799881017825 1 0.20001 10.13 3.57 521.7111 0.0232 708.6155 0.0237 10.133 0.064 3.567 0.097 127169.6 382.8 0.04 0.05 7756 0 2397 0 
#
1 30 59467.14803541479341 1 0.20001 11.45 2.99 537.8221 0.0163 711.9795 0.0163 11.449 0.044 2.993 0.038 284217.1 531.9 -4.41 0.04 7759 0 2684 0 
#
2 30 59467.14803541479341 1 0.20001 11.77 3.37 535.0927 0.0145 720.9375 0.0145 11.773 0.037 3.375 0.037 1019505.7 999.7 0.59 0.05 7747 0 5631 0 
#
3 30 59467.14803541479341 1 0.20001 10.24 3.39 524.4385 0.0120 710.7890 0.0119 10.241 0.031 3.394 0.035 487247.1 682.3 -2.47 0.05 7760 0 4065 0 
#
4 30 59467.14803541479341 1 0.20001 9.36 3.33 523.4239 0.0136 702.3981 0.0133 9.359 0.035 3.332 0.043 238138.0 477.5 -1.17 0.05 7787 0 3163 0 
#
5 30 59467.14803541479341 1 0.20001 9.84 3.98 521.1435 0.0194 708.8441 0.0188 9.843 0.051 3.979 0.100 127420.8 381.4 0.67 0.05 7752 0 2144 0 
#
1 31 59467.14807201941585 1 0.20001 12.00 3.25 536.0642 0.0158 712.4744 0.0163 12.001 0.044 3.254 0.044 286004.2 535.6 -4.41 0.04 7763 0 2569 0 
#
2 31 59467.14807201941585 1 0.20001 11.84 3.33 533.3261 0.0165 721.4156 0.0179 11.839 0.045 3.333 0.043 1021448.9 1001.8 0.55 0.05 7771 0 5711 0 
#
3 31 59467.14807201941585 1 0.20001 10.50 3.46 522.6998 0.0136 711.2756 0.0146 10.497 0.036 3.463 0.043 488885.7 684.1 -2.39 0.05 7753 0 4135 0 
#
4 31 59467.14807201941585 1 0.20001 9.71 3.49 521.7106 0.0140 702.9232 0.0149 9.706 0.038 3.487 0.051 240203.8 481.0 -1.16 0.05 7752 0 3339 0 
#
5 31 59467.14807201941585 1 0.20001 9.90 3.90 519.4723 0.0190 709.3925 0.0205 9.900 0.053 3.898 0.099 127561.0 383.2 -0.04 0.05 7792 0 2176 0 
#
1 32 59467.14810862403101 1 0.20001 11.07 3.10 536.6434 0.0160 712.0623 0.0160 11.074 0.043 3.103 0.040 282983.5 529.3 -4.39 0.05 7744 0 2751 0 
#
2 32 59467.14810862403101 1 0.20001 11.35 3.23 533.8991 0.0164 720.9995 0.0164 11.350 0.042 3.234 0.039 1014537.6 995.6 0.33 0.05 7754 0 6285 0 
#
3 32 59467.14810862403101 1 0.20001 9.79 3.19 523.2525 0.0140 710.9215 0.0137 9.786 0.035 3.191 0.036 487264.4 681.0 -2.46 0.05 7756 0 4631 0 
#
4 32 59467.14810862403101 1 0.20001 8.82 3.04 522.2699 0.0148 702.5682 0.0143 8.816 0.038 3.036 0.040 237282.7 474.8 -1.23 0.05 7770 0 3558 0 
#
5 32 59467.14810862403101 1 0.20001 9.55 3.79 519.9953 0.0212 709.0195 0.0201 9.551 0.055 3.794 0.100 127535.7 380.2 0.51 0.05 7751 0 2331 0 
#
1 33 59467.14814522865345 1 0.20001 11.44 3.09 535.7745 0.0163 713.9268 0.0163 11.442 0.044 3.088 0.040 285334.0 532.4 -4.48 0.04 7749 0 2725 0 
#
2 33 59467.14814522865345 1 0.20001 11.41 3.24 533.1209 0.0164 722.9284 0.0167 11.406 0.043 3.238 0.040 1016325.8 997.6 0.41 0.05 7747 0 6171 0 
#
3 33 59467.14814522865345 1 0.20001 10.02 3.29 522.4867 0.0144 712.8014 0.0144 10.021 0.037 3.294 0.040 486354.4 680.8 -2.41 0.05 7758 0 4597 0 
#
4 33 59467.14814522865345 1 0.20001 9.18 3.26 521.4935 0.0156 704.4257 0.0154 9.185 0.040 3.262 0.049 238039.8 476.6 -1.19 0.05 7776 0 3444 0 
#
5 33 59467.14814522865345 1 0.20001 9.57 3.79 519.2756 0.0206 710.9099 0.0200 9.567 0.054 3.790 0.098 126194.5 379.3 0.31 0.05 7760 0 2284 0 
#
1 34 59467.14818183327588 1 0.20001 10.83 2.80 536.8207 0.0149 713.2833 0.0156 10.827 0.041 2.797 0.031 281092.9 525.7 -4.62 0.04 7755 0 2818 0 
#
2 34 59467.14818183327588 1 0.20001 11.24 3.10 534.1392 0.0138 722.2286 0.0148 11.235 0.037 3.096 0.031 1013479.9 995.7 0.44 0.06 7759 0 6344 0 
#
3 34 59467.14818183327588 1 0.20001 9.41 2.90 523.4822 0.0118 712.1279 0.0126 9.411 0.031 2.896 0.027 480181.6 674.8 -2.52 0.05 7748 0 4633 0 
#
4 34 59467.14818183327588 1 0.20001 8.37 2.69 522.4974 0.0126 703.7754 0.0134 8.367 0.034 2.688 0.028 234505.1 470.2 -1.29 0.05 7759 0 3688 0 
#
5 34 59467.14818183327588 1 0.20001 9.04 3.22 520.2272 0.0178 710.2246 0.0188 9.042 0.049 3.217 0.063 125736.1 373.5 0.59 0.05 7759 0 2397 0 
#
1 35 59467.14821843789105 1 0.20001 11.12 2.84 536.6080 0.0165 712.0666 0.0163 11.123 0.045 2.840 0.035 281478.0 527.5 -4.48 0.04 7751 0 2764 0 
#
2 35 59467.14821843789105 1 0.20001 10.86 2.85 533.8401 0.0149 721.0050 0.0148 10.858 0.038 2.852 0.028 1006536.7 990.9 0.55 0.05 7753 0 6496 0 
#
3 35 59467.14821843789105 1 0.20001 9.24 2.72 523.1713 0.0116 710.8900 0.0113 9.237 0.030 2.716 0.022 477808.9 673.0 -2.34 0.05 7762 0 4830 0 
#
4 35 59467.14821843789105 1 0.20001 8.38 2.62 522.1506 0.0135 702.4791 0.0130 8.380 0.035 2.616 0.027 234547.5 470.6 -1.13 0.05 7745 0 3659 0 
#
5 35 59467.14821843789105 1 0.20001 8.54 2.81 519.9173 0.0178 708.9614 0.0170 8.545 0.047 2.811 0.046 123790.5 369.2 0.51 0.06 7764 0 2393 0 
#
1 36 59467.14825504251348 1 0.20001 11.89 3.36 537.0154 0.0140 710.9017 0.0139 11.895 0.038 3.363 0.041 286388.8 534.9 -4.66 0.04 7745 0 2642 0 
#
2 36 59467.14825504251348 1 0.20001 10.53 2.92 534.2386 0.0118 719.7659 0.0118 10.532 0.030 2.921 0.023 1008613.0 991.0 0.43 0.06 7750 0 6878 0 
#
3 36 59467.14825504251348 1 0.20001 9.13 2.90 523.6043 0.0091 709.7008 0.0089 9.133 0.023 2.897 0.020 480398.6 674.1 -2.43 0.05 7760 0 5115 0 
#
4 36 59467.14825504251348 1 0.20001 8.57 2.98 522.5926 0.0108 701.3290 0.0106 8.566 0.028 2.979 0.028 237229.0 473.1 -1.19 0.05 7764 0 3663 0 
#
5 36 59467.14825504251348 1 0.20001 8.10 2.92 520.3709 0.0147 707.8145 0.0142 8.100 0.039 2.922 0.043 124067.8 365.9 0.20 0.05 7748 0 2621 0 
#
1 37 59467.14829164712864 1 0.20001 11.76 3.00 536.5610 0.0153 711.8309 0.0154 11.760 0.042 3.000 0.036 281835.7 531.3 -4.57 0.04 7750 0 2616 0 
#
2 37 59467.14829164712864 1 0.20001 10.76 2.79 533.8019 0.0119 720.6921 0.0121 10.762 0.031 2.786 0.022 997381.0 986.1 0.74 0.05 7748 0 6524 0 
#
3 37 59467.14829164712864 1 0.20001 9.11 2.67 523.2177 0.0096 710.6143 0.0096 9.107 0.025 2.666 0.018 473058.9 668.6 -2.33 0.05 7760 0 4894 0 
#
4 37 59467.14829164712864 1 0.20001 8.44 2.68 522.2169 0.0116 702.2356 0.0114 8.437 0.030 2.676 0.024 232951.4 469.0 -1.15 0.05 7747 0 3720 0 
#
5 37 59467.14829164712864 1 0.20001 8.01 2.57 519.9939 0.0151 708.7075 0.0150 8.013 0.040 2.575 0.034 122200.3 362.4 0.74 0.05 7752 0 2606 0 
#
1 38 59467.14832825175108 1 0.20001 12.41 3.34 536.4298 0.0149 713.6668 0.0152 12.412 0.041 3.341 0.043 286308.7 536.9 -4.58 0.04 7768 0 2536 0 
#
2 38 59467.14832825175108 1 0.20001 11.07 2.96 533.6701 0.0120 722.5478 0.0120 11.066 0.031 2.962 0.024 1008540.2 992.5 0.56 0.05 7770 0 6515 0 
#
3 38 59467.14832825175108 1 0.20001 9.82 3.04 523.0157 0.0097 712.4091 0.0096 9.824 0.025 3.040 0.023 482177.1 677.3 -2.29 0.05 7760 0 4525 0 
#
4 38 59467.14832825175108 1 0.20001 9.28 3.13 522.0111 0.0118 704.0102 0.0118 9.279 0.031 3.132 0.034 237995.0 477.0 -1.21 0.05 7747 0 3248 0 
#
5 38 59467.14832825175108 1 0.20001 9.02 3.26 519.7535 0.0161 710.4838 0.0159 9.023 0.043 3.256 0.057 125058.7 374.0 0.25 0.05 7774 0 2276 0 
#
1 39 59467.14836485636624 1 0.20001 11.42 3.04 536.5658 0.0153 712.2856 0.0152 11.421 0.041 3.042 0.037 282835.9 530.1 -4.58 0.04 7768 0 2781 0 
#
2 39 59467.14836485636624 1 0.20001 10.90 2.99 533.8062 0.0130 721.2284 0.0131 10.903 0.034 2.987 0.027 1004026.6 989.6 0.62 0.05 7745 0 6428 0 
#
3 39 59467.14836485636624 1 0.20001 9.23 2.83 523.1719 0.0107 711.0904 0.0106 9.230 0.027 2.832 0.022 477840.8 672.8 -2.33 0.05 7760 0 4648 0 
#
4 39 59467.14836485636624 1 0.20001 8.44 2.77 522.2095 0.0125 702.7058 0.0122 8.441 0.032 2.770 0.028 234645.8 470.8 -1.24 0.05 7756 0 3540 0 
#
5 39 59467.14836485636624 1 0.20001 8.28 2.83 519.9501 0.0166 709.2097 0.0163 8.277 0.044 2.833 0.045 123276.7 365.8 0.25 0.05 7752 0 2416 0 
#
1 40 59467.14840146098868 1 0.20001 11.00 2.85 537.1933 0.0160 712.6643 0.0163 11.004 0.044 2.852 0.034 281324.7 526.8 -4.53 0.04 7756 0 2735 0 
#
2 40 59467.14840146098868 1 0.20001 10.57 2.87 534.3941 0.0133 721.5573 0.0137 10.575 0.035 2.870 0.026 1003853.8 988.1 0.47 0.05 7782 0 6693 0 
#
3 40 59467.14840146098868 1 0.20001 8.89 2.75 523.7358 0.0100 711.4231 0.0102 8.892 0.026 2.749 0.020 475989.5 669.9 -2.42 0.05 7756 0 5066 0 
#
4 40 59467.14840146098868 1 0.20001 8.16 2.71 522.7457 0.0116 703.0144 0.0116 8.163 0.030 2.715 0.026 234394.2 469.5 -1.20 0.05 7752 0 3761 0 
#
5 40 59467.14840146098868 1 0.20001 7.97 2.73 520.5010 0.0151 709.4834 0.0150 7.974 0.040 2.733 0.039 122898.5 363.8 0.52 0.05 7785 0 2532 0 
#
1 41 59467.14843806560384 1 0.20001 10.75 2.97 535.2225 0.0147 711.8729 0.0147 10.748 0.039 2.972 0.034 283130.7 527.6 -4.69 0.04 7762 0 2908 0 
#
2 41 59467.14843806560384 1 0.20001 10.54 3.10 532.4385 0.0122 720.7614 0.0123 10.537 0.031 3.096 0.027 1008778.1 991.1 0.48 0.05 7755 0 6942 0 
#
3 41 59467.14843806560384 1 0.20001 9.01 3.07 521.8019 0.0093 710.6300 0.0093 9.005 0.024 3.074 0.024 481938.2 674.5 -2.42 0.05 7755 0 5005 0 
#
4 41 59467.14843806560384 1 0.20001 8.26 3.09 520.8024 0.0108 702.2171 0.0107 8.262 0.028 3.090 0.032 236482.0 472.0 -1.13 0.05 7752 0 3715 0 
#
5 41 59467.14843806560384 1 0.20001 8.34 3.36 518.5808 0.0150 708.7192 0.0148 8.343 0.040 3.361 0.059 124809.0 368.1 0.17 0.05 7773 0 2449 0 
#
1 42 59467.14847467022628 1 0.20001 11.67 3.14 536.4823 0.0155 711.2431 0.0158 11.674 0.042 3.140 0.040 282404.0 531.1 -4.60 0.04 7763 0 2627 0 
#
2 42 59467.14847467022628 1 0.20001 11.13 3.08 533.7105 0.0125 720.2236 0.0132 11.125 0.033 3.083 0.028 1006042.7 991.9 0.61 0.06 7745 0 6320 0 
#
3 42 59467.14847467022628 1 0.20001 9.58 3.04 523.0509 0.0103 710.0927 0.0108 9.579 0.027 3.040 0.025 480786.9 675.7 -2.38 0.05 7751 0 4740 0 
#
4 42 59467.14847467022628 1 0.20001 8.86 3.08 522.0149 0.0119 701.6973 0.0124 8.858 0.032 3.080 0.034 235639.5 473.2 -1.19 0.05 7758 0 3532 0 
#
5 42 59467.14847467022628 1 0.20001 8.65 3.12 519.7633 0.0156 708.2304 0.0164 8.653 0.043 3.117 0.053 124388.2 369.2 0.71 0.05 7756 0 2350 0 
#
1 43 59467.14851127484144 1 0.20001 11.35 3.08 535.5356 0.0167 712.4836 0.0166 11.349 0.045 3.078 0.041 283020.1 529.9 -4.55 0.04 7780 0 2730 0 
#
2 43 59467.14851127484144 1 0.20001 10.29 2.84 532.8093 0.0126 721.4293 0.0129 10.291 0.033 2.841 0.024 1002379.5 986.4 0.50 0.05 7732 0 7222 0 
#
3 43 59467.14851127484144 1 0.20001 8.84 2.72 522.1553 0.0101 711.3088 0.0100 8.837 0.026 2.724 0.020 477052.3 670.5 -2.37 0.05 7738 0 5170 0 
#
4 43 59467.14851127484144 1 0.20001 8.19 2.67 521.1199 0.0123 702.8512 0.0120 8.188 0.032 2.670 0.026 233601.5 468.7 -1.19 0.05 7753 0 3776 0 
#
5 43 59467.14851127484144 1 0.20001 7.79 2.63 518.8939 0.0152 709.3394 0.0150 7.788 0.040 2.631 0.036 122725.0 362.2 0.38 0.05 7749 0 2604 0 
#
1 44 59467.14854787946388 1 0.20001 11.78 3.11 536.9681 0.0163 712.5014 0.0162 11.780 0.044 3.114 0.041 285128.4 533.8 -4.58 0.04 7768 0 2672 0 
#
2 44 59467.14854787946388 1 0.20001 11.57 3.23 534.1757 0.0138 721.4739 0.0138 11.573 0.036 3.231 0.033 1012254.2 996.1 0.56 0.05 7737 0 6112 0 
#
3 44 59467.14854787946388 1 0.20001 9.99 3.12 523.5612 0.0125 711.3695 0.0123 9.987 0.032 3.115 0.031 483133.4 678.6 -2.34 0.05 7783 0 4365 0 
#
4 44 59467.14854787946388 1 0.20001 9.19 3.03 522.5693 0.0146 702.9553 0.0141 9.191 0.038 3.026 0.038 237525.0 476.4 -1.21 0.05 7753 0 3296 0 
#
5 44 59467.14854787946388 1 0.20001 9.29 3.23 520.3054 0.0193 709.4533 0.0185 9.292 0.051 3.231 0.065 125882.5 374.7 0.75 0.05 7775 0 2307 0 
#
1 45 59467.14858448407904 1 0.20001 11.68 3.29 536.9826 0.0158 710.0475 0.0161 11.684 0.043 3.293 0.045 285500.0 533.5 -4.59 0.04 7752 0 2683 0 
#
2 45 59467.14858448407904 1 0.20001 10.95 3.25 534.1898 0.0113 718.9977 0.0117 10.946 0.030 3.247 0.028 1013227.6 994.6 0.55 0.05 7764 0 6476 0 
#
3 45 59467.14858448407904 1 0.20001 9.43 3.15 523.5338 0.0096 708.8812 0.0099 9.434 0.025 3.148 0.025 484275.2 677.4 -2.32 0.05 7747 0 4871 0 
#
4 45 59467.14858448407904 1 0.20001 8.92 3.24 522.5112 0.0120 700.4733 0.0123 8.917 0.032 3.244 0.038 238315.3 476.0 -1.22 0.05 7775 0 3600 0 
#
5 45 59467.14858448407904 1 0.20001 8.47 3.20 520.2754 0.0152 706.9461 0.0157 8.469 0.041 3.202 0.055 125076.2 369.4 0.39 0.05 7747 0 2519 0 
#
1 46 59467.14862108870147 1 0.20001 11.13 3.08 536.4242 0.0162 711.8029 0.0164 11.132 0.044 3.080 0.041 281960.1 529.1 -4.58 0.05 7769 0 2802 0 
#
2 46 59467.14862108870147 1 0.20001 10.09 2.87 533.6503 0.0126 720.7219 0.0128 10.090 0.033 2.866 0.025 999647.2 985.0 0.53 0.05 7751 0 7200 0 
#
3 46 59467.14862108870147 1 0.20001 8.67 2.82 522.9946 0.0096 710.6143 0.0097 8.668 0.025 2.818 0.021 477186.3 670.3 -2.29 0.05 7744 0 5387 0 
#
4 46 59467.14862108870147 1 0.20001 8.16 2.85 521.9744 0.0115 702.2072 0.0116 8.157 0.030 2.845 0.028 234827.3 469.9 -1.23 0.05 7753 0 3825 0 
#
5 46 59467.14862108870147 1 0.20001 7.73 2.83 519.7308 0.0142 708.6820 0.0141 7.730 0.038 2.828 0.040 123099.8 361.7 0.38 0.05 7751 0 2626 0 
#
1 47 59467.14865769332391 1 0.20001 10.22 2.84 536.4620 0.0157 711.2557 0.0157 10.215 0.042 2.844 0.034 279966.0 522.5 -4.51 0.04 7764 0 3010 0 
#
2 47 59467.14865769332391 1 0.20001 9.38 2.74 533.6988 0.0121 720.1569 0.0122 9.382 0.031 2.735 0.022 994665.6 980.8 0.44 0.06 7747 0 8075 0 
#
3 47 59467.14865769332391 1 0.20001 7.76 2.54 523.0145 0.0087 710.0835 0.0086 7.757 0.022 2.540 0.015 471271.1 663.3 -2.26 0.05 7746 0 6092 0 
#
4 47 59467.14865769332391 1 0.20001 7.09 2.50 521.9754 0.0102 701.6728 0.0100 7.090 0.026 2.499 0.020 230265.0 461.7 -1.17 0.05 7751 0 4341 0 
#
5 47 59467.14865769332391 1 0.20001 6.70 2.43 519.7299 0.0127 708.1479 0.0125 6.700 0.033 2.431 0.027 120251.1 353.1 0.19 0.05 7750 0 2972 0 
#
1 48 59467.14869429793907 1 0.20001 12.17 3.12 535.8518 0.0197 712.9366 0.0191 12.174 0.053 3.116 0.048 283027.9 534.0 -4.53 0.04 7749 0 2518 0 
#
2 48 59467.14869429793907 1 0.20001 10.85 2.83 533.1739 0.0153 721.8563 0.0149 10.852 0.039 2.834 0.028 997081.2 986.2 0.63 0.05 7758 0 6432 0 
#
3 48 59467.14869429793907 1 0.20001 9.57 2.81 522.4145 0.0138 711.6871 0.0132 9.570 0.035 2.806 0.027 477604.8 673.5 -2.26 0.05 7770 0 4433 0 
#
4 48 59467.14869429793907 1 0.20001 8.99 2.80 521.3274 0.0161 703.2547 0.0153 8.987 0.041 2.801 0.036 234590.9 472.4 -1.17 0.05 7752 0 3297 0 
#
5 48 59467.14869429793907 1 0.20001 8.50 2.74 519.0807 0.0188 709.7350 0.0179 8.500 0.049 2.737 0.046 123340.4 368.2 0.60 0.06 7750 0 2363 0 
#
1 49 59467.14873090256151 1 0.20001 10.78 2.87 536.7744 0.0153 710.8872 0.0152 10.782 0.041 2.871 0.033 281785.2 526.3 -4.57 0.04 7755 0 2860 0 
#
2 49 59467.14873090256151 1 0.20001 10.02 2.72 533.9081 0.0129 719.7314 0.0131 10.019 0.033 2.719 0.023 997779.7 983.7 0.44 0.05 7746 0 7474 0 
#
3 49 59467.14873090256151 1 0.20001 8.35 2.54 523.2214 0.0096 709.5965 0.0096 8.347 0.025 2.537 0.016 473077.4 666.2 -2.43 0.05 7753 0 5634 0 
#
4 49 59467.14873090256151 1 0.20001 7.61 2.46 522.1791 0.0112 701.2338 0.0110 7.607 0.029 2.456 0.020 232168.0 465.1 -1.18 0.05 7751 0 4084 0 
#
5 49 59467.14873090256151 1 0.20001 7.37 2.45 519.9016 0.0142 707.6915 0.0140 7.373 0.038 2.447 0.030 121370.8 357.4 0.44 0.05 7751 0 2670 0 
#
1 50 59467.14876750717667 1 0.20001 11.75 3.32 535.3940 0.0149 711.5492 0.0147 11.754 0.040 3.321 0.042 284645.0 533.3 -4.59 0.04 7784 0 2682 0 
#
2 50 59467.14876750717667 1 0.20001 10.94 3.14 532.6306 0.0118 720.4401 0.0122 10.935 0.031 3.138 0.027 1009539.0 992.4 0.39 0.05 7771 0 6561 0 
#
3 50 59467.14876750717667 1 0.20001 9.45 3.06 521.9483 0.0093 710.3052 0.0094 9.447 0.024 3.057 0.023 482483.7 676.6 -2.30 0.05 7759 0 4872 0 
#
4 50 59467.14876750717667 1 0.20001 8.81 3.09 520.9310 0.0113 701.8912 0.0111 8.809 0.029 3.093 0.032 236780.9 473.9 -1.21 0.05 7760 0 3495 0 
#
5 50 59467.14876750717667 1 0.20001 8.39 2.97 518.7102 0.0153 708.3844 0.0155 8.385 0.041 2.966 0.046 124323.7 367.7 0.87 0.05 7757 0 2458 0 
#
1 51 59467.14880411179911 1 0.20001 13.26 3.80 534.8193 0.0146 711.2566 0.0151 13.259 0.041 3.800 0.054 288157.3 544.9 -4.60 0.05 7759 0 2391 0 
#
2 51 59467.14880411179911 1 0.20001 12.19 3.49 532.0668 0.0127 720.1808 0.0136 12.187 0.034 3.485 0.036 1020031.4 1002.1 0.54 0.05 7741 0 5583 0 
#
3 51 59467.14880411179911 1 0.20001 10.89 3.49 521.4003 0.0116 710.0598 0.0123 10.894 0.031 3.491 0.036 487725.4 684.5 -2.32 0.05 7752 0 3826 0 
#
4 51 59467.14880411179911 1 0.20001 10.36 3.67 520.3920 0.0138 701.6540 0.0145 10.364 0.037 3.666 0.054 241160.0 484.5 -1.23 0.05 7775 0 2903 0 
#
5 51 59467.14880411179911 1 0.20001 9.92 3.65 518.1100 0.0182 708.1589 0.0195 9.924 0.051 3.649 0.082 126590.7 380.8 1.02 0.05 7762 0 2080 0 
#
1 52 59467.14884071641427 1 0.20001 11.46 2.93 536.0925 0.0160 710.7037 0.0163 11.464 0.044 2.928 0.036 282495.6 529.7 -4.56 0.04 7764 0 2668 0 
#
2 52 59467.14884071641427 1 0.20001 10.48 2.78 533.2624 0.0146 719.6021 0.0149 10.481 0.038 2.783 0.026 996880.8 984.5 0.48 0.05 7751 0 6842 0 
#
3 52 59467.14884071641427 1 0.20001 8.97 2.67 522.6197 0.0108 709.4823 0.0109 8.975 0.028 2.673 0.020 474168.0 669.4 -2.38 0.05 7792 0 5041 0 
#
4 52 59467.14884071641427 1 0.20001 8.14 2.54 521.6129 0.0117 701.0907 0.0118 8.139 0.031 2.539 0.022 232553.1 467.3 -1.10 0.05 7740 0 3762 0 
#
5 52 59467.14884071641427 1 0.20001 7.79 2.47 519.3530 0.0156 707.6101 0.0157 7.793 0.042 2.469 0.033 121770.9 360.1 0.68 0.05 7776 0 2560 0 
#
1 53 59467.14887732103671 1 0.20001 11.04 2.95 535.0722 0.0158 710.2325 0.0163 11.042 0.043 2.945 0.037 282302.8 528.4 -4.54 0.05 7758 0 2819 0 
#
2 53 59467.14887732103671 1 0.20001 10.09 2.79 532.3141 0.0128 719.1567 0.0135 10.085 0.034 2.793 0.024 998115.0 984.7 0.50 0.06 7751 0 7356 0 
#
3 53 59467.14887732103671 1 0.20001 8.62 2.68 521.6760 0.0097 709.0758 0.0102 8.620 0.025 2.681 0.019 474720.6 668.1 -2.50 0.05 7738 0 5400 0 
#
4 53 59467.14887732103671 1 0.20001 7.86 2.56 520.6636 0.0112 700.7044 0.0118 7.858 0.030 2.558 0.023 233137.7 467.1 -1.13 0.05 7757 0 4074 0 
#
5 53 59467.14887732103671 1 0.20001 7.41 2.44 518.4226 0.0143 707.2453 0.0151 7.413 0.039 2.444 0.031 121586.8 358.8 0.69 0.05 7766 0 2734 0 
#
1 54 59467.14891392565187 1 0.20001 12.26 3.46 536.5237 0.0159 710.2801 0.0153 12.259 0.042 3.456 0.048 286306.2 537.8 -4.64 0.04 7777 0 2509 0 
#
2 54 59467.14891392565187 1 0.20001 10.73 3.00 533.6814 0.0117 719.1279 0.0117 10.726 0.030 3.000 0.024 1005747.5 989.3 0.54 0.05 7743 0 6565 0 
#
3 54 59467.14891392565187 1 0.20001 9.45 3.04 523.0183 0.0104 709.0073 0.0100 9.450 0.026 3.037 0.025 480619.2 674.4 -2.31 0.05 7744 0 4524 0 
#
4 54 59467.14891392565187 1 0.20001 9.09 3.21 521.9765 0.0135 700.6456 0.0127 9.089 0.034 3.215 0.040 238257.6 476.3 -1.09 0.05 7747 0 3273 0 
#
5 54 59467.14891392565187 1 0.20001 8.46 3.08 519.7350 0.0159 707.0663 0.0153 8.459 0.041 3.075 0.051 125042.8 367.9 0.66 0.05 7754 0 2456 0 
